"../../../Engine/Content/Functions/Engine_MaterialFunctions01/Opacity/CameraDepthFade.uasset" 0
"../../../Engine/Content/EngineMaterials/T_Default_Material_Grid_M.uasset" 1
"../../../Engine/Content/EngineMaterials/T_Default_Material_Grid_N.uasset" 2
"../../../Engine/Content/EngineMaterials/WorldGridMaterial.uasset" 3
"../../../Engine/Content/ArtTools/RenderToTexture/Meshes/S_1_Unit_Plane.uasset" 4
"../../../Engine/Content/BasicShapes/BasicShapeMaterial.uasset" 5
"../../../Engine/Content/EngineMaterials/DefaultMaterial.uasset" 6
"../../../Engine/Content/BasicShapes/Cone.uasset" 7
"../../../Engine/Content/BasicShapes/Cylinder.uasset" 8
"../../../Engine/Content/BasicShapes/Plane.uasset" 9
"../../../Engine/Content/BasicShapes/Sphere.uasset" 10
"../../../Engine/Content/EngineMaterials/DefaultPhysicalMaterial.uasset" 11
"../../../Engine/Content/BufferVisualization/AmbientOcclusion.uasset" 12
"../../../Engine/Content/BufferVisualization/BaseColor.uasset" 13
"../../../Engine/Content/BufferVisualization/CustomDepth.uasset" 14
"../../../Engine/Content/Functions/Engine_MaterialFunctions02/Utility/VectorLength.uasset" 15
"../../../Engine/Content/BufferVisualization/CustomDepthWorldUnits.uasset" 16
"../../../Engine/Content/Functions/Engine_MaterialFunctions02/Utility/BreakOutFloat2Components.uasset" 17
"../../../Engine/Content/Functions/Engine_MaterialFunctions01/Texturing/ScaleUVsByCenter.uasset" 18
"../../../Engine/Content/Functions/Engine_MaterialFunctions02/ScreenResolution.uasset" 19
"../../../Engine/Content/Functions/Engine_MaterialFunctions02/Texturing/ScreenAlignedUVs.uasset" 20
"../../../Engine/Content/Functions/Engine_MaterialFunctions02/Utility/MakeFloat2.uasset" 21
"../../../Engine/Content/Functions/Engine_MaterialFunctions02/Utility/MakeFloat3.uasset" 22
"../../../Engine/Content/EngineMaterials/MiniFont.uasset" 23
"../../../Engine/Content/BufferVisualization/CustomStencil.uasset" 24
"../../../Engine/Content/BufferVisualization/FinalImage.uasset" 25
"../../../Engine/Content/BufferVisualization/LightingModel.uasset" 26
"../../../Engine/Content/BufferVisualization/MaterialAO.uasset" 27
"../../../Engine/Content/BufferVisualization/Metallic.uasset" 28
"../../../Engine/Content/BufferVisualization/Opacity.uasset" 29
"../../../Engine/Content/BufferVisualization/PostTonemapHDRColor.uasset" 30
"../../../Engine/Content/BufferVisualization/PreTonemapHDRColor.uasset" 31
"../../../Engine/Content/BufferVisualization/Roughness.uasset" 32
"../../../Engine/Content/BufferVisualization/SceneColor.uasset" 33
"../../../Engine/Content/BufferVisualization/SceneDepth.uasset" 34
"../../../Engine/Content/BufferVisualization/SceneDepthWorldUnits.uasset" 35
"../../../Engine/Content/BufferVisualization/SeparateTranslucencyA.uasset" 36
"../../../Engine/Content/BufferVisualization/SeparateTranslucencyRGB.uasset" 37
"../../../Engine/Content/BufferVisualization/Specular.uasset" 38
"../../../Engine/Content/BufferVisualization/SubsurfaceColor.uasset" 39
"../../../Engine/Content/BufferVisualization/Velocity.uasset" 40
"../../../Engine/Content/BufferVisualization/WorldNormal.uasset" 41
"../../../Engine/Content/EditorLandscapeResources/DataLayer.uasset" 42
"../../../Engine/Content/EditorLandscapeResources/DefaultAlphaTexture.uasset" 43
"../../../Engine/Content/EditorLandscapeResources/LandscapeGizmoHeight_Mat.uasset" 44
"../../../Engine/Content/EditorLandscapeResources/LandscapeGizmo_Mat.uasset" 45
"../../../Engine/Content/EditorLandscapeResources/LandscapeGizmo_Mat_Copied.uasset" 46
"../../../Engine/Content/EditorLandscapeResources/SplineEditorMeshMat.uasset" 47
"../../../Engine/Content/EditorLandscapeResources/SplineEditorMesh.uasset" 48
"../../../Engine/Content/EditorMaterials/Cross.uasset" 49
"../../../Engine/Content/EditorMaterials/Cross_Mat.uasset" 50
"../../../Engine/Content/EngineMaterials/DefaultDiffuse.uasset" 51
"../../../Engine/Content/Functions/Engine_MaterialFunctions01/Texturing/TextureCropping.uasset" 52
"../../../Engine/Content/Functions/Engine_MaterialFunctions01/Texturing/ComputeMipLevel.uasset" 53
"../../../Engine/Content/Functions/Engine_MaterialFunctions02/ExampleContent/DebugNumberStrip.uasset" 54
"../../../Engine/Content/Functions/Engine_MaterialFunctions02/ExampleContent/Textures/DebugNumberPeriod.uasset" 55
"../../../Engine/Content/Functions/Engine_MaterialFunctions02/Utility/DebugScalarValues.uasset" 56
"../../../Engine/Content/Functions/Engine_MaterialFunctions02/Utility/DebugFloat2Values.uasset" 57
"../../../Engine/Content/Functions/Engine_MaterialFunctions02/ExampleContent/Textures/flipbook.uasset" 58
"../../../Engine/Content/Functions/Engine_MaterialFunctions02/Texturing/FlipBook.uasset" 59
"../../../Engine/Content/Functions/Engine_MaterialFunctions02/Utility/Sign.uasset" 60
"../../../Engine/Content/Functions/Engine_MaterialFunctions02/Utility/Round.uasset" 61
"../../../Engine/Content/EditorResources/T_EditorHelp.uasset" 62
"../../../Engine/Content/EditorMaterials/HelpActorMaterial.uasset" 63
"../../../Engine/Content/EditorMaterials/CompositeARGBLayer.uasset" 64
"../../../Engine/Content/EditorMaterials/TilingAALineIntegral.uasset" 65
"../../../Engine/Content/EditorMaterials/TilingAALineBoxFiltered.uasset" 66
"../../../Engine/Content/Functions/Engine_MaterialFunctions03/Procedurals/ComputeFilterWidth.uasset" 67
"../../../Engine/Content/EditorMaterials/TilingAADots.uasset" 68
"../../../Engine/Content/EngineMaterials/BlendFunc_DefBase.uasset" 69
"../../../Engine/Content/EngineMaterials/BlendFunc_DefBlend.uasset" 70
"../../../Engine/Content/Functions/Engine_MaterialFunctions03/Blends/Blend_Screen.uasset" 71
"../../../Engine/Content/EditorMaterials/TilingAAGrid.uasset" 72
"../../../Engine/Content/EditorMaterials/LevelGridMaterial.uasset" 73
"../../../Engine/Content/EditorMaterials/MakeCompositeARGBLayer.uasset" 74
"../../../Engine/Content/EditorResources/LevelGrid1DStripes.uasset" 75
"../../../Engine/Content/EditorMaterials/TextureGridCascaded1D.uasset" 76
"../../../Engine/Content/EditorMaterials/TextureGridCascaded2D.uasset" 77
"../../../Engine/Content/EditorMaterials/LevelGridMaterial2.uasset" 78
"../../../Engine/Content/EditorMaterials/MAT_Groups_Toggle.uasset" 79
"../../../Engine/Content/EditorMaterials/MAT_Groups_Visibility.uasset" 80
"../../../Engine/Content/EditorMaterials/PhAT_BoneSelectedMaterial.uasset" 81
"../../../Engine/Content/EditorMaterials/PhAT_ElemSelectedMaterial.uasset" 82
"../../../Engine/Content/EditorMaterials/PhAT_NoCollisionMaterial.uasset" 83
"../../../Engine/Content/EditorMaterials/PhAT_UnselectedMaterial.uasset" 84
"../../../Engine/Content/EditorMaterials/PreviewShadowIndicator.uasset" 85
"../../../Engine/Content/EditorMaterials/PreviewShadowIndicatorMaterial.uasset" 86
"../../../Engine/Content/EditorMaterials/TargetIcon.uasset" 87
"../../../Engine/Content/EditorMaterials/Tick.uasset" 88
"../../../Engine/Content/EditorMaterials/Tick_Mat.uasset" 89
"../../../Engine/Content/EditorMaterials/WidgetGridVertexColorMaterial.uasset" 90
"../../../Engine/Content/EditorMaterials/WidgetGridVertexColorMaterial_Ma.uasset" 91
"../../../Engine/Content/EditorMaterials/WidgetMaterial.uasset" 92
"../../../Engine/Content/EditorMaterials/WidgetMaterial_Current.uasset" 93
"../../../Engine/Content/EditorMaterials/WidgetMaterial_X.uasset" 94
"../../../Engine/Content/EditorMaterials/WidgetMaterial_Y.uasset" 95
"../../../Engine/Content/EditorMaterials/WidgetMaterial_Z.uasset" 96
"../../../Engine/Content/EditorMaterials/WidgetVertexColorMaterial.uasset" 97
"../../../Engine/Content/EditorMaterials/AssetViewer/EpicQuadPanorama_CC+EV1.uasset" 98
"../../../Engine/Content/MapTemplates/Sky/SunsetAmbientCubemap.uasset" 99
"../../../Engine/Content/EditorMaterials/AssetViewer/M_SkyBox.uasset" 100
"../../../Engine/Content/EditorMaterials/MatineeGroups/MAT_ColorTrack.uasset" 101
"../../../Engine/Content/EditorMaterials/MatineeGroups/MAT_Groups_Anim.uasset" 102
"../../../Engine/Content/EditorMaterials/MatineeGroups/MAT_Groups_AudioMaster.uasset" 103
"../../../Engine/Content/EditorMaterials/MatineeGroups/MAT_Groups_Director.uasset" 104
"../../../Engine/Content/EditorMaterials/MatineeGroups/MAT_Groups_Event.uasset" 105
"../../../Engine/Content/EditorMaterials/MatineeGroups/MAT_Groups_Fade.uasset" 106
"../../../Engine/Content/EditorMaterials/MatineeGroups/MAT_Groups_Float.uasset" 107
"../../../Engine/Content/EditorMaterials/MatineeGroups/MAT_Groups_Move.uasset" 108
"../../../Engine/Content/EditorMaterials/MatineeGroups/MAT_Groups_Slomo.uasset" 109
"../../../Engine/Content/EditorMaterials/MatineeGroups/MAT_Groups_Sound.uasset" 110
"../../../Engine/Content/EditorMaterials/MatineeGroups/MAT_Groups_Vector.uasset" 111
"../../../Engine/Content/EditorMaterials/ParticleSystems/PSysThumbnail_NoImage.uasset" 112
"../../../Engine/Content/EditorMaterials/ParticleSystems/PSysThumbnail_OOD.uasset" 113
"../../../Engine/Content/EngineMaterials/Grid.uasset" 114
"../../../Engine/Content/EditorMaterials/Thumbnails/FloorPlaneMaterial.uasset" 115
"../../../Engine/Content/EditorMeshes/EditorCube.uasset" 116
"../../../Engine/Content/EditorMeshes/EditorCylinder.uasset" 117
"../../../Engine/Content/EditorMeshes/EditorPlane.uasset" 118
"../../../Engine/Content/EditorMaterials/Thumbnails/SkySphereMaterial.uasset" 119
"../../../Engine/Content/EditorMeshes/EditorSkySphere.uasset" 120
"../../../Engine/Content/EditorMeshes/EditorSphere.uasset" 121
"../../../Engine/Content/EditorResources/MatineeCam_D.uasset" 122
"../../../Engine/Content/EditorMaterials/MatineeCam_mat.uasset" 123
"../../../Engine/Content/EditorMeshes/MatineeCam_SM.uasset" 124
"../../../Engine/Content/EditorMeshes/PlanarReflectionPlane.uasset" 125
"../../../Engine/Content/Functions/Engine_MaterialFunctions01/Shading/ConvertFromDiffSpec.uasset" 126
"../../../Engine/Content/EditorMaterials/GridMaterial.uasset" 127
"../../../Engine/Content/EditorMeshes/AssetViewer/Floor_Mesh.uasset" 128
"../../../Engine/Content/EditorMeshes/AssetViewer/Sphere_inversenormals.uasset" 129
"../../../Engine/Content/EditorMaterials/Camera/CineMat.uasset" 130
"../../../Engine/Content/EditorMaterials/Camera/MI_CineMat_CameraBody.uasset" 131
"../../../Engine/Content/EngineDebugMaterials/M_SimpleOpaque.uasset" 132
"../../../Engine/Content/EditorMaterials/Camera/MI_CineMat_CamViewFinder.uasset" 133
"../../../Engine/Content/EditorMeshes/Camera/SM_CineCam.uasset" 134
"../../../Engine/Content/EditorMaterials/Camera/MI_CineMat_Rig.uasset" 135
"../../../Engine/Content/EditorMeshes/Camera/SM_CraneRig_Arm.uasset" 136
"../../../Engine/Content/EditorMeshes/Camera/SM_CraneRig_Base.uasset" 137
"../../../Engine/Content/EditorMeshes/Camera/SM_CraneRig_Body.uasset" 138
"../../../Engine/Content/EditorMeshes/Camera/SM_CraneRig_Mount.uasset" 139
"../../../Engine/Content/EditorMeshes/Camera/SM_RailRig_Mount.uasset" 140
"../../../Engine/Content/EditorMeshes/Camera/SM_RailRig_Track.uasset" 141
"../../../Engine/Content/EditorMeshes/ColorCalibrator/M_ChromeBall.uasset" 142
"../../../Engine/Content/EditorResources/Bad.uasset" 143
"../../../Engine/Content/EditorResources/BSPVertex.uasset" 144
"../../../Engine/Content/EditorResources/EmptyActor.uasset" 145
"../../../Engine/Content/EditorResources/MatInstActSprite.uasset" 146
"../../../Engine/Content/EditorResources/SceneManager.uasset" 147
"../../../Engine/Content/EditorResources/SmallFont.uasset" 148
"../../../Engine/Content/EditorResources/S_Actor.uasset" 149
"../../../Engine/Content/EditorResources/S_DecalActorIcon.uasset" 150
"../../../Engine/Content/EditorResources/S_Emitter.uasset" 151
"../../../Engine/Content/EditorResources/S_ExpoHeightFog.uasset" 152
"../../../Engine/Content/EditorResources/S_FTest.uasset" 153
"../../../Engine/Content/EditorResources/S_KBSJoint.uasset" 154
"../../../Engine/Content/EditorResources/S_KHinge.uasset" 155
"../../../Engine/Content/EditorResources/S_KPrismatic.uasset" 156
"../../../Engine/Content/EditorResources/S_LevelSequence.uasset" 157
"../../../Engine/Content/EditorResources/S_NavP.uasset" 158
"../../../Engine/Content/EditorResources/S_Note.uasset" 159
"../../../Engine/Content/EditorResources/S_Player.uasset" 160
"../../../Engine/Content/EditorResources/S_PortalActorIcon2.uasset" 161
"../../../Engine/Content/EditorResources/S_RadForce.uasset" 162
"../../../Engine/Content/EditorResources/S_ReflActorIcon.uasset" 163
"../../../Engine/Content/EditorResources/S_SkyAtmosphere.uasset" 164
"../../../Engine/Content/EditorResources/S_Solver.uasset" 165
"../../../Engine/Content/EditorResources/S_Terrain.uasset" 166
"../../../Engine/Content/EditorResources/S_TextRenderActorIcon.uasset" 167
"../../../Engine/Content/EditorResources/S_Thruster.uasset" 168
"../../../Engine/Content/EditorResources/S_Trigger.uasset" 169
"../../../Engine/Content/EditorResources/S_VectorFieldVol.uasset" 170
"../../../Engine/Content/EditorResources/S_WindDirectional.uasset" 171
"../../../Engine/Content/EditorResources/AI/S_NavLink.uasset" 172
"../../../Engine/Content/EditorResources/AudioIcons/S_AudioComponent.uasset" 173
"../../../Engine/Content/EditorResources/AudioIcons/S_AudioComponent_AutoActivate.uasset" 174
"../../../Engine/Content/EditorResources/LightIcons/SkyLight.uasset" 175
"../../../Engine/Content/EditorResources/LightIcons/S_LightDirectional.uasset" 176
"../../../Engine/Content/EditorResources/LightIcons/S_LightDirectionalMove.uasset" 177
"../../../Engine/Content/EditorResources/LightIcons/S_LightError.uasset" 178
"../../../Engine/Content/EditorResources/LightIcons/S_LightPoint.uasset" 179
"../../../Engine/Content/EditorResources/LightIcons/S_LightPointMove.uasset" 180
"../../../Engine/Content/EditorResources/LightIcons/S_LightSpot.uasset" 181
"../../../Engine/Content/EditorResources/LightIcons/S_LightSpotMove.uasset" 182
"../../../Engine/Content/EditorResources/SequenceRecorder/Countdown.uasset" 183
"../../../Engine/Content/EditorResources/SequenceRecorder/RecordingIndicator.uasset" 184
"../../../Engine/Content/EditorResources/Spline/T_Loft_Spline.uasset" 185
"../../../Engine/Content/EditorSounds/Notifications/CompileFailed.uasset" 186
"../../../Engine/Content/EditorSounds/Notifications/CompileFailed_Cue.uasset" 187
"../../../Engine/Content/EditorSounds/Notifications/CompileSuccess.uasset" 188
"../../../Engine/Content/EditorSounds/Notifications/CompileStart_Cue.uasset" 189
"../../../Engine/Content/EditorSounds/Notifications/CompileSuccess_Cue.uasset" 190
"../../../Engine/Content/EngineDamageTypes/DmgTypeBP_Environmental.uasset" 191
"../../../Engine/Content/EngineDebugMaterials/HeatmapGradient.uasset" 192
"../../../Engine/Content/EngineDebugMaterials/BoneWeightMaterial.uasset" 193
"../../../Engine/Content/EngineDebugMaterials/ClothMaterial.uasset" 194
"../../../Engine/Content/EngineDebugMaterials/ClothMaterial_WF.uasset" 195
"../../../Engine/Content/EngineDebugMaterials/DebugEditorMaterial.uasset" 196
"../../../Engine/Content/EngineDebugMaterials/DebugMeshMaterial.uasset" 197
"../../../Engine/Content/EngineDebugMaterials/GeomMaterial.uasset" 198
"../../../Engine/Content/EngineDebugMaterials/LevelColorationLitMaterial.uasset" 199
"../../../Engine/Content/EngineDebugMaterials/LevelColorationUnlitMaterial.uasset" 200
"../../../Engine/Content/EngineMaterials/DefaultWhiteGrid.uasset" 201
"../../../Engine/Content/EngineDebugMaterials/MAT_LevelColorationLitLightmapUV.uasset" 202
"../../../Engine/Content/EngineDebugMaterials/M_SimpleTranslucent.uasset" 203
"../../../Engine/Content/Functions/Engine_MaterialFunctions02/Utility/CameraDirectionVector.uasset" 204
"../../../Engine/Content/EngineDebugMaterials/VolumeToRender.uasset" 205
"../../../Engine/Content/EngineDebugMaterials/M_VolumeRenderSphereTracePP.uasset" 206
"../../../Engine/Content/EngineDebugMaterials/ShadedLevelColorationLitMaterial.uasset" 207
"../../../Engine/Content/EngineDebugMaterials/ShadedLevelColorationUnlitMateri.uasset" 208
"../../../Engine/Content/EngineDebugMaterials/VertexColorMaterial.uasset" 209
"../../../Engine/Content/EngineDebugMaterials/VertexColorViewMode_AlphaAsColor.uasset" 210
"../../../Engine/Content/EngineDebugMaterials/VertexColorViewMode_BlueOnly.uasset" 211
"../../../Engine/Content/EngineDebugMaterials/VertexColorViewMode_ColorOnly.uasset" 212
"../../../Engine/Content/EngineDebugMaterials/VertexColorViewMode_GreenOnly.uasset" 213
"../../../Engine/Content/EngineDebugMaterials/VertexColorViewMode_RedOnly.uasset" 214
"../../../Engine/Content/EngineDebugMaterials/WireframeMaterial.uasset" 215
"../../../Engine/Content/EngineFonts/Faces/DroidSansFallback.uasset" 216
"../../../Engine/Content/EngineFonts/Faces/RobotoBold.uasset" 217
"../../../Engine/Content/EngineFonts/Faces/RobotoBoldItalic.uasset" 218
"../../../Engine/Content/EngineFonts/Faces/RobotoItalic.uasset" 219
"../../../Engine/Content/EngineFonts/Faces/RobotoLight.uasset" 220
"../../../Engine/Content/EngineFonts/Faces/RobotoRegular.uasset" 221
"../../../Engine/Content/EngineFonts/Roboto.uasset" 222
"../../../Engine/Content/EngineFonts/Faces/RobotoTiny.uasset" 223
"../../../Engine/Content/EngineFonts/RobotoTiny.uasset" 224
"../../../Engine/Content/EngineFonts/SmallFont.uasset" 225
"../../../Engine/Content/EngineFonts/TinyFont.uasset" 226
"../../../Engine/Content/EngineMaterials/BaseFlattenDiffuseMap.uasset" 227
"../../../Engine/Content/EngineMaterials/BaseFlattenEmissiveMap.uasset" 228
"../../../Engine/Content/EngineMaterials/BaseFlattenGrayscaleMap.uasset" 229
"../../../Engine/Content/EngineMaterials/BaseFlattenNormalMap.uasset" 230
"../../../Engine/Content/EngineMaterials/BaseFlattenMaterial.uasset" 231
"../../../Engine/Content/EngineResources/WhiteSquareTexture.uasset" 232
"../../../Engine/Content/EngineMaterials/BlinkingCaret.uasset" 233
"../../../Engine/Content/EngineMaterials/BlueNoise.uasset" 234
"../../../Engine/Content/EngineMaterials/DefaultBloomKernel.uasset" 235
"../../../Engine/Content/EngineMaterials/DefaultBokeh.uasset" 236
"../../../Engine/Content/EngineMaterials/DefaultDeferredDecalMaterial.uasset" 237
"../../../Engine/Content/EngineMaterials/DefaultLightFunctionMaterial.uasset" 238
"../../../Engine/Content/EngineMaterials/DefaultNormal.uasset" 239
"../../../Engine/Content/EngineMaterials/DefaultPostProcessMaterial.uasset" 240
"../../../Engine/Content/EngineFonts/RobotoDistanceField.uasset" 241
"../../../Engine/Content/EngineMaterials/DefaultTextMaterialOpaque.uasset" 242
"../../../Engine/Content/EngineMaterials/DefaultVirtualTextureMaterial.uasset" 243
"../../../Engine/Content/EngineMaterials/EditorBrushMaterial.uasset" 244
"../../../Engine/Content/EngineMaterials/DefaultWhiteGrid_Low.uasset" 245
"../../../Engine/Content/EngineMaterials/EmissiveMeshMaterial.uasset" 246
"../../../Engine/Content/EngineMaterials/GizmoMaterial.uasset" 247
"../../../Engine/Content/EngineMaterials/Grid_N.uasset" 248
"../../../Engine/Content/EngineMaterials/HairColorMap.uasset" 249
"../../../Engine/Content/EngineMaterials/HairDebugColor.uasset" 250
"../../../Engine/Content/EngineMaterials/HairDebugMaterial.uasset" 251
"../../../Engine/Content/EngineMaterials/HairDefaultMaterial.uasset" 252
"../../../Engine/Content/EngineMaterials/HighResolutionScreenshotMaskFunction.uasset" 253
"../../../Engine/Content/EngineMaterials/HighResScreenshot.uasset" 254
"../../../Engine/Content/EngineMaterials/HighResScreenshotCaptureRegion.uasset" 255
"../../../Engine/Content/EngineMaterials/HighResScreenshotMask.uasset" 256
"../../../Engine/Content/EngineMaterials/LandscapeHolePhysicalMaterial.uasset" 257
"../../../Engine/Content/EngineMaterials/InvalidLightmapSettings.uasset" 258
"../../../Engine/Content/EngineMaterials/M_InvalidLightmapSettings.uasset" 259
"../../../Engine/Content/EngineMaterials/PaperDiffuse.uasset" 260
"../../../Engine/Content/EngineMaterials/PaperNormal.uasset" 261
"../../../Engine/Content/Functions/Engine_MaterialFunctions02/WorldPositionOffset/CameraOffset.uasset" 262
"../../../Engine/Content/EngineMaterials/PhAT_JointLimitMaterial.uasset" 263
"../../../Engine/Content/EngineMaterials/PhysMat_Rubber.uasset" 264
"../../../Engine/Content/EngineMaterials/PreintegratedSkinBRDF.uasset" 265
"../../../Engine/Content/EngineMaterials/RemoveSurfaceMaterial.uasset" 266
"../../../Engine/Content/EngineMaterials/WeightMapPlaceholderTexture.uasset" 267
"../../../Engine/Content/Functions/Engine_MaterialFunctions01/ImageAdjustment/sRGBToLinear.uasset" 268
"../../../Engine/Content/Functions/Engine_MaterialFunctions02/Utility/BreakOutFloat3Components.uasset" 269
"../../../Engine/Content/EngineMaterials/Widget3DCameraPassThrough_Opaque_OneSided.uasset" 270
"../../../Engine/Content/EngineMaterials/Widget3DPassThrough.uasset" 271
"../../../Engine/Content/EngineMaterials/Widget3DPassThrough_Masked.uasset" 272
"../../../Engine/Content/EngineMaterials/Widget3DPassThrough_Opaque.uasset" 273
"../../../Engine/Content/EngineMaterials/Widget3DPassThrough_Masked_OneSided.uasset" 274
"../../../Engine/Content/EngineMaterials/Widget3DPassThrough_Opaque_OneSided.uasset" 275
"../../../Engine/Content/EngineMaterials/Widget3DPassThrough_Translucent.uasset" 276
"../../../Engine/Content/EngineMaterials/Widget3DPassThrough_Translucent_OneSided.uasset" 277
"../../../Engine/Content/EngineMeshes/Cylinder.uasset" 278
"../../../Engine/Content/EngineMeshes/Sphere.uasset" 279
"../../../Engine/Content/EngineResources/Black.uasset" 280
"../../../Engine/Content/EngineResources/DefaultTextureCube.uasset" 281
"../../../Engine/Content/EngineResources/DefaultVolumeTexture2D.uasset" 282
"../../../Engine/Content/EngineResources/DefaultVolumeTexture.uasset" 283
"../../../Engine/Content/EngineResources/GradientTexture0.uasset" 284
"../../../Engine/Content/EngineResources/StreamingPauseIcon.uasset" 285
"../../../Engine/Content/EngineResources/M_StreamingPause.uasset" 286
"../../../Engine/Content/EngineSounds/Master.uasset" 287
"../../../Engine/Content/Functions/Engine_MaterialFunctions01/Shading/PowerToRoughness.uasset" 288
"../../../Engine/Content/Functions/Engine_MaterialFunctions02/SafeNormalize.uasset" 289
"../../../Engine/Content/Functions/Engine_MaterialFunctions02/Math/CreateThirdOrthogonalVector.uasset" 290
"../../../Engine/Content/Functions/Engine_MaterialFunctions02/Math/InverseTransformMatrix.uasset" 291
"../../../Engine/Content/Functions/Engine_MaterialFunctions02/Math/TransformToZVector.uasset" 292
"../../../Engine/Content/EngineVolumetrics/Fogsheet/Materials/T_EV_BlankWhite_01.uasset" 293
"../../../Engine/Content/Functions/Engine_MaterialFunctions01/Texturing/ParallaxOcclusionMapping.uasset" 294
"../../../Engine/Content/Maps/Templates/Thumbnails/Default.uasset" 295
"../../../Engine/Content/Maps/Templates/Thumbnails/TimeOfDay.uasset" 296
"../../../Engine/Content/Maps/Templates/Thumbnails/VR-Basic.uasset" 297
"../../../Engine/Content/MapTemplates/Sky/DaylightAmbientCubemap.uasset" 298
"../../../Engine/Content/MobileResources/T_MobileControls_texture.uasset" 299
"../../../Engine/Content/MobileResources/T_MobileMenu2.uasset" 300
"../../../Engine/Content/MobileResources/HUD/AnalogHat.uasset" 301
"../../../Engine/Content/MobileResources/HUD/VirtualJoystick_Background.uasset" 302
"../../../Engine/Content/MobileResources/HUD/VirtualJoystick_Thumb.uasset" 303
"../../../Engine/Content/MobileResources/HUD/DefaultVirtualJoysticks.uasset" 304
"../../../Engine/Content/MobileResources/HUD/LeftVirtualJoystickOnly.uasset" 305
"../../../Engine/Content/MobileResources/HUD/MobileHUDButton1_off.uasset" 306
"../../../Engine/Content/MobileResources/HUD/MobileHUDButton1_on.uasset" 307
"../../../Engine/Content/MobileResources/HUD/MobileHUDButton2_off.uasset" 308
"../../../Engine/Content/MobileResources/HUD/MobileHUDButton2_on.uasset" 309
"../../../Engine/Content/MobileResources/HUD/MobileHUDButton3.uasset" 310
"../../../Engine/Content/MobileResources/HUD/MobileHUDButtonFire.uasset" 311
"../../../Engine/Content/MobileResources/HUD/MobileHUDDirectionPad.uasset" 312
"../../../Engine/Content/MobileResources/HUD/MobileHUDDirectionPad2.uasset" 313
"../../../Engine/Content/MobileResources/HUD/MobileHUDDirectionPad3.uasset" 314
"../../../Engine/Content/MobileResources/HUD/MobileHUDDirectionStick.uasset" 315
"../../../Engine/Content/MobileResources/HUD/T_Castle_ThumbstickInner.uasset" 316
"../../../Engine/Content/MobileResources/HUD/T_Castle_ThumbstickOutter.uasset" 317
"../../../Engine/Content/Tutorial/ContentIntroCurve.uasset" 318
"../../../Engine/Content/Tutorial/Basics/LevelEditorAttract.uasset" 319
"../../../Engine/Content/Tutorial/Basics/TutorialAssets/icon_tab_Levels_40x.uasset" 320
"../../../Engine/Content/Tutorial/Basics/LevelEditorOverview.uasset" 321
"../../../Engine/Content/Tutorial/BlueprintTutorials/TutorialAssets/Blueprint_64x.uasset" 322
"../../../Engine/Content/Tutorial/BlueprintTutorials/BlueprintEditorTutorial.uasset" 323
"../../../Engine/Content/Tutorial/Code/AddingCode.uasset" 324
"../../../Engine/Content/Tutorial/Installation/InstallingVisualStudioTutorial.uasset" 325
"../../../Engine/Content/Tutorial/Landscape/TutorialAssets/Landscape.uasset" 326
"../../../Engine/Content/Tutorial/Landscape/LandscapeWalkThrough.uasset" 327
"../../../Engine/Content/Tutorial/Landscape/Landscape_Manage_Mode.uasset" 328
"../../../Engine/Content/EditorBlueprintResources/StandardMacros.uasset" 329
"../../../Engine/Content/Tutorial/Landscape/Landscape_Painting_Mode.uasset" 330
"../../../Engine/Content/Tutorial/Landscape/Landscape_Sculpt_Mode.uasset" 331
"../../../Engine/Content/Tutorial/SubEditors/MaterialEditorTutorial.uasset" 332
"../../../Engine/Content/Tutorial/SubEditors/TutorialAssets/TutorialMaterial.uasset" 333
"../../../Engine/Content/VREditor/LaserPointer/VR_LaserPower_01.uasset" 334
"../../../Engine/Content/VREditor/TransformGizmo/TransformGizmoMaterial.uasset" 335
"../../../Engine/Content/VREditor/TransformGizmo/TranslucentTransformGizmoMaterial.uasset" 336
"../../../Engine/Content/VREditor/TransformGizmo/BoundingBoxCorner.uasset" 337
"../../../Engine/Content/VREditor/TransformGizmo/BoundingBoxEdge.uasset" 338
"../../../Engine/Content/VREditor/TransformGizmo/PlaneTranslationHandle.uasset" 339
"../../../Engine/Content/VREditor/TransformGizmo/Main.uasset" 340
"../../../Engine/Content/VREditor/TransformGizmo/Xray.uasset" 341
"../../../Engine/Content/VREditor/TransformGizmo/SM_Sequencer_Key.uasset" 342
"../../../Engine/Content/VREditor/TransformGizmo/SM_Sequencer_Node.uasset" 343
"E:/CardExplorer/Content/AdvancedMagicFX13/Textures/T_ky_flare_a.uasset" 344
"E:/CardExplorer/Content/AdvancedMagicFX13/Materials/M_ky_flare_flash.uasset" 345
"../../../Engine/Content/Functions/Engine_MaterialFunctions02/Texturing/ScreenAlignedPixelToPixelUVs.uasset" 346
"../../../Engine/Content/EngineMaterials/Good64x64TilingNoiseHighFreq.uasset" 347
"../../../Engine/Content/Functions/Engine_MaterialFunctions02/Utility/DitherTemporalAA.uasset" 348
"E:/CardExplorer/Content/AdvancedMagicFX13/Textures/T_ky_stone02_2x2.uasset" 349
"E:/CardExplorer/Content/AdvancedMagicFX13/Materials/M_ky_stone02.uasset" 350
"../../../Engine/Content/Functions/Engine_MaterialFunctions01/Gradient/LinearGradient.uasset" 351
"../../../Engine/Content/EngineResources/DefaultTexture.uasset" 352
"E:/CardExplorer/Content/AdvancedMagicFX13/Textures/T_ky_maskRGB3.uasset" 353
"E:/CardExplorer/Content/AdvancedMagicFX13/Materials/Mfunction/MF_ky_addHilight.uasset" 354
"E:/CardExplorer/Content/AdvancedMagicFX13/Textures/T_ky_noise16.uasset" 355
"E:/CardExplorer/Content/AdvancedMagicFX13/Textures/T_ky_noise4.uasset" 356
"E:/CardExplorer/Content/AdvancedMagicFX13/Materials/M_ky_tornado01.uasset" 357
"E:/CardExplorer/Content/AdvancedMagicFX13/Materials/M_ky_vortex03.uasset" 358
"../../../Engine/Content/Functions/Engine_MaterialFunctions01/Density/ExponentialDensity.uasset" 359
"../../../Engine/Content/Functions/Engine_MaterialFunctions01/Gradient/RadialGradientExponential.uasset" 360
"E:/CardExplorer/Content/AdvancedMagicFX13/Textures/T_ky_dist_noise.uasset" 361
"E:/CardExplorer/Content/AdvancedMagicFX13/Textures/T_ky_smoke_kai.uasset" 362
"E:/CardExplorer/Content/AdvancedMagicFX13/Materials/M_ky_base_turbulence.uasset" 363
"E:/CardExplorer/Content/AdvancedMagicFX13/Materials/MI_ky_turbulence_smoke2d_trs.uasset" 364
"E:/CardExplorer/Content/AdvancedMagicFX13/Textures/T_ky_vortex04_4x4.uasset" 365
"E:/CardExplorer/Content/AdvancedMagicFX13/Materials/M_ky_vortex04_4x4.uasset" 366
"E:/CardExplorer/Content/AdvancedMagicFX13/Materials/MI_ky_vortex04B_4x4_two.uasset" 367
"E:/CardExplorer/Content/AdvancedMagicFX13/Meshes/SM_ky_circleDist06.uasset" 368
"E:/CardExplorer/Content/AdvancedMagicFX13/Meshes/SM_ky_quad_centerRot.uasset" 369
"E:/CardExplorer/Content/AdvancedMagicFX13/Meshes/SM_ky_tornado06.uasset" 370
"E:/CardExplorer/Content/AdvancedMagicFX13/Meshes/SM_ky_tornado06_back.uasset" 371
"E:/CardExplorer/Content/AdvancedMagicFX13/Particles/P_ky_storm.uasset" 372
"E:/CardExplorer/Content/AdvancedMagicFX13/Blueprints/BP_ky_storm.uasset" 373
"E:/CardExplorer/Content/AdvancedMagicFX13/Materials/M_ky_empty.uasset" 374
"E:/CardExplorer/Content/AdvancedMagicFX13/Materials/MI_ky_tornado01_aqua.uasset" 375
"E:/CardExplorer/Content/AdvancedMagicFX13/Textures/T_ky_noise5.uasset" 376
"E:/CardExplorer/Content/AdvancedMagicFX13/Textures/T_ky_noise6.uasset" 377
"E:/CardExplorer/Content/AdvancedMagicFX13/Textures/T_ky_wave_nor.uasset" 378
"E:/CardExplorer/Content/AdvancedMagicFX13/Materials/M_ky_waterDust.uasset" 379
"E:/CardExplorer/Content/AdvancedMagicFX13/Materials/MI_ky_waterDust.uasset" 380
"E:/CardExplorer/Content/AdvancedMagicFX13/Particles/P_ky_aquaStorm.uasset" 381
"E:/CardExplorer/Content/AdvancedMagicFX13/Blueprints/BP_ky_aquaStorm.uasset" 382
"E:/CardExplorer/Content/AdvancedMagicFX13/Textures/T_ky_dust01.uasset" 383
"E:/CardExplorer/Content/AdvancedMagicFX13/Textures/T_ky_noise13_sml_nor.uasset" 384
"E:/CardExplorer/Content/AdvancedMagicFX13/Materials/M_ky_dust01.uasset" 385
"E:/CardExplorer/Content/AdvancedMagicFX13/Textures/T_ky_fire01.uasset" 386
"E:/CardExplorer/Content/AdvancedMagicFX13/Materials/M_ky_fire03b2.uasset" 387
"E:/CardExplorer/Content/AdvancedMagicFX13/Materials/MI_ky_flare_flash_trs.uasset" 388
"E:/CardExplorer/Content/AdvancedMagicFX13/Meshes/SM_ky_windSmoke.uasset" 389
"E:/CardExplorer/Content/AdvancedMagicFX13/Particles/P_ky_auroraAura.uasset" 390
"E:/CardExplorer/Content/AdvancedMagicFX13/Blueprints/BP_ky_auroraAura.uasset" 391
"../../../Engine/Content/Functions/Engine_MaterialFunctions02/Utility/Sine_Remapped.uasset" 392
"E:/CardExplorer/Content/AdvancedMagicFX13/Materials/M_ky_circle04.uasset" 393
"E:/CardExplorer/Content/AdvancedMagicFX13/Materials/M_ky_fire03b.uasset" 394
"E:/CardExplorer/Content/AdvancedMagicFX13/Materials/MI_ky_fire03b.uasset" 395
"E:/CardExplorer/Content/AdvancedMagicFX13/Meshes/SM_ky_circle_inv.uasset" 396
"E:/CardExplorer/Content/AdvancedMagicFX13/Meshes/SM_ky_sphere.uasset" 397
"E:/CardExplorer/Content/AdvancedMagicFX13/Particles/P_ky_gaither.uasset" 398
"E:/CardExplorer/Content/AdvancedMagicFX13/Blueprints/BP_ky_gaither.uasset" 399
"E:/CardExplorer/Content/AdvancedMagicFX13/Textures/T_ky_deco_doom.uasset" 400
"E:/CardExplorer/Content/AdvancedMagicFX13/Materials/M_ky_aura9.uasset" 401
"E:/CardExplorer/Content/AdvancedMagicFX13/Textures/T_ky_dust02.uasset" 402
"E:/CardExplorer/Content/AdvancedMagicFX13/Textures/T_ky_flareVertical02.uasset" 403
"E:/CardExplorer/Content/AdvancedMagicFX13/Materials/M_ky_dust02.uasset" 404
"E:/CardExplorer/Content/AdvancedMagicFX13/Materials/M_ky_flare01_primitive.uasset" 405
"E:/CardExplorer/Content/AdvancedMagicFX13/Materials/MI_ky_flareVertical02.uasset" 406
"../../../Engine/Content/Functions/Engine_MaterialFunctions02/Fresnel_Function.uasset" 407
"E:/CardExplorer/Content/AdvancedMagicFX13/Materials/M_ky_primitive.uasset" 408
"E:/CardExplorer/Content/AdvancedMagicFX13/Materials/MI_ky_primitive2_trs.uasset" 409
"E:/CardExplorer/Content/AdvancedMagicFX13/Meshes/SM_ky_circleDist5.uasset" 410
"E:/CardExplorer/Content/AdvancedMagicFX13/Particles/P_ky_burst.uasset" 411
"E:/CardExplorer/Content/AdvancedMagicFX13/Blueprints/BP_ky_burst.uasset" 412
"E:/CardExplorer/Content/AdvancedMagicFX13/Textures/T_ky_lensFlare01.uasset" 413
"E:/CardExplorer/Content/AdvancedMagicFX13/Materials/M_ky_lensFlare02.uasset" 414
"E:/CardExplorer/Content/AdvancedMagicFX13/Materials/Mfunction/MF_ky_VectorToRadialValue.uasset" 415
"E:/CardExplorer/Content/AdvancedMagicFX13/Textures/T_ky_deco_rainbow.uasset" 416
"E:/CardExplorer/Content/AdvancedMagicFX13/Textures/T_ky_decoLinesB_sml.uasset" 417
"E:/CardExplorer/Content/AdvancedMagicFX13/Materials/M_ky_polarGlow02.uasset" 418
"E:/CardExplorer/Content/AdvancedMagicFX13/Materials/M_ky_primitive_dyn2.uasset" 419
"E:/CardExplorer/Content/AdvancedMagicFX13/Textures/T_ky_flash01_4x4.uasset" 420
"E:/CardExplorer/Content/AdvancedMagicFX13/Materials/MI_ky_flare01b_primitiveG.uasset" 421
"E:/CardExplorer/Content/AdvancedMagicFX13/Materials/MI_ky_flare01b_primitiveR.uasset" 422
"E:/CardExplorer/Content/AdvancedMagicFX13/Materials/M_ky_primitiveColor.uasset" 423
"E:/CardExplorer/Content/AdvancedMagicFX13/Materials/MI_ky_primitiveColor.uasset" 424
"E:/CardExplorer/Content/AdvancedMagicFX13/Particles/P_ky_flash2.uasset" 425
"E:/CardExplorer/Content/AdvancedMagicFX13/Blueprints/BP_ky_flash2.uasset" 426
"E:/CardExplorer/Content/AdvancedMagicFX13/Materials/MI_ky_flare01b_primitiveB.uasset" 427
"E:/CardExplorer/Content/AdvancedMagicFX13/Textures/T_ky_flare14_4x4.uasset" 428
"E:/CardExplorer/Content/AdvancedMagicFX13/Materials/MI_ky_flare14R.uasset" 429
"E:/CardExplorer/Content/AdvancedMagicFX13/Particles/P_ky_burstBall1.uasset" 430
"E:/CardExplorer/Content/AdvancedMagicFX13/Blueprints/BP_ky_burstBall1.uasset" 431
"E:/CardExplorer/Content/AdvancedMagicFX13/Textures/T_ky_ice02.uasset" 432
"E:/CardExplorer/Content/AdvancedMagicFX13/Textures/T_ky_maskRGB06.uasset" 433
"E:/CardExplorer/Content/AdvancedMagicFX13/Materials/M_ky_polarShockwave2.uasset" 434
"E:/CardExplorer/Content/AdvancedMagicFX13/Materials/MI_ky_flare14B.uasset" 435
"E:/CardExplorer/Content/AdvancedMagicFX13/Textures/T_ky_flare15_4x4.uasset" 436
"E:/CardExplorer/Content/AdvancedMagicFX13/Materials/MI_ky_flare15R.uasset" 437
"E:/CardExplorer/Content/AdvancedMagicFX13/Materials/MI_ky_primitive2c.uasset" 438
"E:/CardExplorer/Content/AdvancedMagicFX13/Particles/P_ky_burstBall2.uasset" 439
"E:/CardExplorer/Content/AdvancedMagicFX13/Blueprints/BP_ky_burstBall2.uasset" 440
"../../../Engine/Content/EngineMaterials/OrientParticle.uasset" 441
"../../../Engine/Content/EngineMaterials/DefaultParticle.uasset" 442
"E:/CardExplorer/Content/AdvancedMagicFX13/Textures/T_ky_decoLinesB.uasset" 443
"E:/CardExplorer/Content/AdvancedMagicFX13/Materials/M_ky_aura18.uasset" 444
"E:/CardExplorer/Content/AdvancedMagicFX13/Materials/M_ky_shockWave05_2.uasset" 445
"E:/CardExplorer/Content/AdvancedMagicFX13/Textures/T_ky_maskRGB5.uasset" 446
"E:/CardExplorer/Content/AdvancedMagicFX13/Textures/T_ky_smoke03.uasset" 447
"E:/CardExplorer/Content/AdvancedMagicFX13/Materials/M_ky_trailGround01_2.uasset" 448
"E:/CardExplorer/Content/AdvancedMagicFX13/Textures/T_ky_noise3.uasset" 449
"E:/CardExplorer/Content/AdvancedMagicFX13/Materials/M_ky_dynDust.uasset" 450
"E:/CardExplorer/Content/AdvancedMagicFX13/Textures/T_ky_smoke2.uasset" 451
"E:/CardExplorer/Content/AdvancedMagicFX13/Materials/MI_ky_dynDust2.uasset" 452
"E:/CardExplorer/Content/AdvancedMagicFX13/Materials/MI_ky_primitive2_trs_nonD.uasset" 453
"E:/CardExplorer/Content/AdvancedMagicFX13/Meshes/SM_ky_cylinderBend03b.uasset" 454
"E:/CardExplorer/Content/AdvancedMagicFX13/Meshes/SM_ky_lansHarf.uasset" 455
"E:/CardExplorer/Content/AdvancedMagicFX13/Particles/P_ky_cross.uasset" 456
"E:/CardExplorer/Content/AdvancedMagicFX13/Blueprints/BP_ky_cross.uasset" 457
"E:/CardExplorer/Content/AdvancedMagicFX13/Textures/T_ky_slash01_4x4.uasset" 458
"E:/CardExplorer/Content/AdvancedMagicFX13/Materials/M_ky_slash01_4x4.uasset" 459
"E:/CardExplorer/Content/AdvancedMagicFX13/Particles/P_ky_cutter1.uasset" 460
"E:/CardExplorer/Content/AdvancedMagicFX13/Materials/M_ky_slash02_4x4.uasset" 461
"E:/CardExplorer/Content/AdvancedMagicFX13/Particles/P_ky_hit_slash.uasset" 462
"E:/CardExplorer/Content/AdvancedMagicFX13/Blueprints/BP_ky_cutter1.uasset" 463
"E:/CardExplorer/Content/AdvancedMagicFX13/Materials/M_ky_trailGround01.uasset" 464
"E:/CardExplorer/Content/AdvancedMagicFX13/Materials/MI_ky_slash01_4x4.uasset" 465
"E:/CardExplorer/Content/AdvancedMagicFX13/Particles/P_ky_cutter2.uasset" 466
"E:/CardExplorer/Content/AdvancedMagicFX13/Blueprints/BP_ky_cutter2.uasset" 467
"E:/CardExplorer/Content/AdvancedMagicFX13/Blueprints/BP_ky_cutter3.uasset" 468
"E:/CardExplorer/Content/AdvancedMagicFX13/Textures/T_ky_smoke1.uasset" 469
"E:/CardExplorer/Content/AdvancedMagicFX13/Materials/M_ky_gaseous03.uasset" 470
"E:/CardExplorer/Content/AdvancedMagicFX13/Materials/M_ky_shockwave08.uasset" 471
"../../../Engine/Content/Functions/Engine_MaterialFunctions01/Gradient/DiamondGradient.uasset" 472
"E:/CardExplorer/Content/AdvancedMagicFX13/Textures/T_ky_dust_longStar.uasset" 473
"E:/CardExplorer/Content/AdvancedMagicFX13/Materials/M_ky_starDust.uasset" 474
"E:/CardExplorer/Content/AdvancedMagicFX13/Materials/MI_ky_starDust_sq.uasset" 475
"E:/CardExplorer/Content/AdvancedMagicFX13/Meshes/SM_ky_circle_midpoly.uasset" 476
"E:/CardExplorer/Content/AdvancedMagicFX13/Particles/P_ky_explosion1.uasset" 477
"E:/CardExplorer/Content/AdvancedMagicFX13/Blueprints/BP_ky_explosion1.uasset" 478
"E:/CardExplorer/Content/AdvancedMagicFX13/Materials/MI_ky_gaseous03.uasset" 479
"E:/CardExplorer/Content/AdvancedMagicFX13/Materials/MI_ky_primitive_dynB_nonD.uasset" 480
"E:/CardExplorer/Content/AdvancedMagicFX13/Meshes/SM_ky_circle_lowpoly.uasset" 481
"E:/CardExplorer/Content/AdvancedMagicFX13/Particles/P_ky_explosion2.uasset" 482
"E:/CardExplorer/Content/AdvancedMagicFX13/Blueprints/BP_ky_explosion2.uasset" 483
"E:/CardExplorer/Content/AdvancedMagicFX13/Materials/MI_ky_polarShockwave2_two.uasset" 484
"E:/CardExplorer/Content/AdvancedMagicFX13/Particles/P_ky_explosion3.uasset" 485
"E:/CardExplorer/Content/AdvancedMagicFX13/Blueprints/BP_ky_explosion3.uasset" 486
"E:/CardExplorer/Content/AdvancedMagicFX13/Materials/MI_ky_dynDust.uasset" 487
"E:/CardExplorer/Content/AdvancedMagicFX13/Materials/MI_ky_tornado01_fire.uasset" 488
"E:/CardExplorer/Content/AdvancedMagicFX13/Materials/MI_ky_vortex03_fire.uasset" 489
"E:/CardExplorer/Content/AdvancedMagicFX13/Particles/P_ky_fireStorm.uasset" 490
"E:/CardExplorer/Content/AdvancedMagicFX13/Blueprints/BP_ky_fireStorm.uasset" 491
"E:/CardExplorer/Content/AdvancedMagicFX13/Textures/T_ky_flare01.uasset" 492
"E:/CardExplorer/Content/AdvancedMagicFX13/Materials/MI_ky_flare01_primitiveG.uasset" 493
"E:/CardExplorer/Content/AdvancedMagicFX13/Materials/MI_ky_flare01_primitiveR.uasset" 494
"E:/CardExplorer/Content/AdvancedMagicFX13/Particles/P_ky_flash1.uasset" 495
"E:/CardExplorer/Content/AdvancedMagicFX13/Blueprints/BP_ky_flash1.uasset" 496
"E:/CardExplorer/Content/AdvancedMagicFX13/Materials/M_ky_auraWall.uasset" 497
"E:/CardExplorer/Content/AdvancedMagicFX13/Materials/MI_ky_auraWallB.uasset" 498
"E:/CardExplorer/Content/AdvancedMagicFX13/Materials/MI_ky_flare14G.uasset" 499
"E:/CardExplorer/Content/AdvancedMagicFX13/Materials/MI_ky_starDust_dis.uasset" 500
"E:/CardExplorer/Content/AdvancedMagicFX13/Meshes/SM_ky_cylinder_superLow_inv.uasset" 501
"E:/CardExplorer/Content/AdvancedMagicFX13/Particles/P_ky_heal1.uasset" 502
"E:/CardExplorer/Content/AdvancedMagicFX13/Blueprints/BP_ky_heal1.uasset" 503
"E:/CardExplorer/Content/AdvancedMagicFX13/Materials/M_ky_auraWall02.uasset" 504
"E:/CardExplorer/Content/AdvancedMagicFX13/Materials/MI_ky_primitiveColorB.uasset" 505
"E:/CardExplorer/Content/AdvancedMagicFX13/Meshes/SM_ky_cylinderBend06.uasset" 506
"E:/CardExplorer/Content/AdvancedMagicFX13/Meshes/SM_ky_windLine30.uasset" 507
"E:/CardExplorer/Content/AdvancedMagicFX13/Particles/P_ky_heal2.uasset" 508
"E:/CardExplorer/Content/AdvancedMagicFX13/Blueprints/BP_ky_heal2.uasset" 509
"E:/CardExplorer/Content/AdvancedMagicFX13/Blueprints/BP_ky_hit_slash.uasset" 510
"E:/CardExplorer/Content/AdvancedMagicFX13/Particles/P_ky_impact.uasset" 511
"E:/CardExplorer/Content/AdvancedMagicFX13/Blueprints/BP_ky_impact.uasset" 512
"E:/CardExplorer/Content/AdvancedMagicFX13/Textures/T_ky_gradiation.uasset" 513
"E:/CardExplorer/Content/AdvancedMagicFX13/Materials/M_ky_line.uasset" 514
"E:/CardExplorer/Content/AdvancedMagicFX13/Materials/MI_ky_fire03b_1.uasset" 515
"E:/CardExplorer/Content/AdvancedMagicFX13/Materials/MI_ky_primitive_dynB_two.uasset" 516
"E:/CardExplorer/Content/AdvancedMagicFX13/Meshes/SM_ky_circle_inv2.uasset" 517
"E:/CardExplorer/Content/AdvancedMagicFX13/Meshes/SM_ky_cylinder_lowPoly_dist.uasset" 518
"E:/CardExplorer/Content/AdvancedMagicFX13/Meshes/SM_ky_lans.uasset" 519
"E:/CardExplorer/Content/AdvancedMagicFX13/Meshes/SM_ky_quads.uasset" 520
"E:/CardExplorer/Content/AdvancedMagicFX13/Particles/P_ky_stab.uasset" 521
"E:/CardExplorer/Content/AdvancedMagicFX13/Blueprints/BP_ky_stab.uasset" 522
"E:/CardExplorer/Content/AdvancedMagicFX13/Particles/P_ky_stabShot.uasset" 523
"E:/CardExplorer/Content/AdvancedMagicFX13/Blueprints/BP_ky_stabShot.uasset" 524
"E:/CardExplorer/Content/AdvancedMagicFX13/Materials/MI_ky_flare14R_nonD.uasset" 525
"E:/CardExplorer/Content/AdvancedMagicFX13/Materials/MI_ky_flare14R_two.uasset" 526
"E:/CardExplorer/Content/AdvancedMagicFX13/Materials/MI_ky_primitive_dyn2_two.uasset" 527
"E:/CardExplorer/Content/AdvancedMagicFX13/Particles/P_ky_stabShot2.uasset" 528
"E:/CardExplorer/Content/AdvancedMagicFX13/Blueprints/BP_ky_stabShot2.uasset" 529
"E:/CardExplorer/Content/AdvancedMagicFX13/Materials/M_ky_thunderForBeam.uasset" 530
"E:/CardExplorer/Content/AdvancedMagicFX13/Textures/T_ky_shockWave03_4x4.uasset" 531
"E:/CardExplorer/Content/AdvancedMagicFX13/Materials/M_ky_shockWave03_4x4.uasset" 532
"E:/CardExplorer/Content/AdvancedMagicFX13/Materials/MI_ky_shockWave03g_4x4.uasset" 533
"E:/CardExplorer/Content/AdvancedMagicFX13/Materials/MI_ky_tornado01_thunder.uasset" 534
"E:/CardExplorer/Content/AdvancedMagicFX13/Materials/MI_ky_vortex03_thunder.uasset" 535
"E:/CardExplorer/Content/AdvancedMagicFX13/Particles/P_ky_thunderStorm.uasset" 536
"E:/CardExplorer/Content/AdvancedMagicFX13/Blueprints/BP_ky_thunderStorm.uasset" 537
"E:/CardExplorer/Content/Materials/Landscape/Textures/mixedmoss-roughness.uasset" 538
"E:/CardExplorer/Content/Materials/Landscape/Textures/mixedmoss-normal2.uasset" 539
"E:/CardExplorer/Content/Materials/Landscape/Textures/mixedmoss-metalness.uasset" 540
"E:/CardExplorer/Content/Materials/Landscape/Textures/mixedmoss-height.uasset" 541
"E:/CardExplorer/Content/Materials/Landscape/Textures/mixedmoss-ao2.uasset" 542
"../../../Engine/Content/Animation/DefaultAnimCurveCompressionSettings.uasset" 543
"../../Plugins/2D/Paper2D/Content/PlaceholderTextures/DummySpriteTexture.uasset" 544
"../../Plugins/2D/Paper2D/Content/DummySprite.uasset" 545
"../../Plugins/2D/Paper2D/Content/DefaultPaperTerrainMaterial.uasset" 546
"../../Plugins/2D/Paper2D/Content/DefaultSpriteMaterial.uasset" 547
"../../Plugins/2D/Paper2D/Content/MaskedUnlitSpriteMaterial.uasset" 548
"../../Plugins/2D/Paper2D/Content/OpaqueUnlitSpriteMaterial.uasset" 549
"../../../Engine/Content/Functions/Engine_MaterialFunctions02/Utility/BreakOutFloat4Components.uasset" 550
"../../Plugins/Runtime/Oculus/OculusVR/Content/Materials/OculusMR_ChromaKey.uasset" 551
"../../Plugins/Runtime/Oculus/OculusVR/Content/Materials/OculusMR_ChromaKey_Lit.uasset" 552
"../../Plugins/Runtime/Oculus/OculusVR/Content/Materials/OculusMR_OpaqueColoredMaterial.uasset" 553
"../../Plugins/Runtime/Oculus/OculusVR/Content/Materials/OculusMR_WhiteMaterial.uasset" 554
"../../../Engine/Content/Maps/Entry_BuiltData.uasset" 555
"../../../Engine/Content/Maps/Entry.umap" 556
"../../../Engine/Content/EngineSky/C_Sky_Cloud_Color.uasset" 557
"../../../Engine/Content/EngineSky/C_Sky_Horizon_Color.uasset" 558
"../../../Engine/Content/EngineSky/C_Sky_Zenith_Color.uasset" 559
"../../../Engine/Content/EngineSky/T_Sky_Blue.uasset" 560
"../../../Engine/Content/EngineSky/T_Sky_Clouds_M.uasset" 561
"../../../Engine/Content/EngineSky/T_Sky_Stars.uasset" 562
"../../../Engine/Content/EngineSky/M_Sky_Panning_Clouds2.uasset" 563
"../../../Engine/Content/EngineSky/SM_SkySphere.uasset" 564
"../../../Engine/Content/EngineSky/BP_Sky_Sphere.uasset" 565
"E:/CardExplorer/Content/UI/enemies/Floating_HB.uasset" 566
"E:/CardExplorer/Content/enemies/BP_master_enemie.uasset" 567
"E:/CardExplorer/Content/AnimalVarietyPack/Wolf/Meshes/SK_Wolf_Skeleton.uasset" 568
"E:/CardExplorer/Content/AnimalVarietyPack/Wolf/Animations/ANIM_Wolf_Death.uasset" 569
"E:/CardExplorer/Content/AnimalVarietyPack/Wolf/Animations/ANIM_Wolf_GetHitFront.uasset" 570
"E:/CardExplorer/Content/AnimalVarietyPack/Wolf/Animations/ANIM_Wolf_IdleAggressive.uasset" 571
"E:/CardExplorer/Content/AnimalVarietyPack/Wolf/Animations/ANIM_Wolf_JumpBite.uasset" 572
"E:/CardExplorer/Content/AnimalVarietyPack/Wolf/Animations/wolf_ABP.uasset" 573
"E:/CardExplorer/Content/AnimalVarietyPack/Wolf/Textures/T_Wolf_BaseColorAlpha.uasset" 574
"E:/CardExplorer/Content/AnimalVarietyPack/Wolf/Textures/T_Wolf_Nml.uasset" 575
"E:/CardExplorer/Content/AnimalVarietyPack/Wolf/Textures/T_Wolf_OcclusionRoughnessMetallic.uasset" 576
"E:/CardExplorer/Content/AnimalVarietyPack/Wolf/Textures/T_Wolf_Specular.uasset" 577
"E:/CardExplorer/Content/AnimalVarietyPack/Wolf/Materials/M_Wolf.uasset" 578
"E:/CardExplorer/Content/AnimalVarietyPack/Wolf/Materials/M_WolfFur.uasset" 579
"E:/CardExplorer/Content/AnimalVarietyPack/Wolf/Meshes/SK_Wolf_PhysicsAsset.uasset" 580
"E:/CardExplorer/Content/AnimalVarietyPack/Wolf/Meshes/SK_Wolf.uasset" 581
"E:/CardExplorer/Content/enemies/BP_Wolf.uasset" 582
"E:/CardExplorer/Content/UI/cards/Card_Drag.uasset" 583
"E:/CardExplorer/Content/assets/cards/card_background.uasset" 584
"E:/CardExplorer/Content/assets/cards/cards_images/healtPotion.uasset" 585
"E:/CardExplorer/Content/Blueprints/Cards/Card_Costs_E.uasset" 586
"E:/CardExplorer/Content/Blueprints/Cards/Card_Effect_E.uasset" 587
"E:/CardExplorer/Content/Blueprints/Player/PlayerStats.uasset" 588
"E:/CardExplorer/Content/UI/cards/card_WB.uasset" 589
"E:/CardExplorer/Content/Blueprints/Cards/Card_data_S.uasset" 590
"E:/CardExplorer/Content/assets/cards/cards_images/slash.uasset" 591
"E:/CardExplorer/Content/assets/cards/cards_images/vigorMushroom.uasset" 592
"E:/CardExplorer/Content/Blueprints/Cards/Card_Bank_DT.uasset" 593
"E:/CardExplorer/Content/UI/cards/card_DeckBuilder_WB.uasset" 594
"E:/CardExplorer/Content/UI/cards/Card_display_Big_WB.uasset" 595
"E:/CardExplorer/Content/UI/game/DeckBuilder_WB.uasset" 596
"E:/CardExplorer/Content/assets/cards/Card_Back.uasset" 597
"E:/CardExplorer/Content/UI/game/main_exploration_UI.uasset" 598
"E:/CardExplorer/Content/TEST_PC.uasset" 599
"E:/CardExplorer/Content/UI/game/PlayerLose.uasset" 600
"E:/CardExplorer/Content/UI/game/PlayerWin.uasset" 601
"E:/CardExplorer/Content/TEST_GM.uasset" 602
"E:/CardExplorer/Content/MobileStarterContent/Maps/Minimal_Default_BuiltData.uasset" 603
"E:/CardExplorer/Content/Materials/Landscape/Textures/mixedmoss-albedo2.uasset" 604
"E:/CardExplorer/Content/Materials/Landscape/M_BasicForestGround.uasset" 605
"../../../Engine/Content/BasicShapes/Cube.uasset" 606
"E:/CardExplorer/Content/MobileStarterContent/Maps/Minimal_Default.umap" 607
