"E:/CardExplorer/Content/AdvancedMagicFX13/Textures/T_ky_flare_a.uasset" 0
"E:/CardExplorer/Content/AdvancedMagicFX13/Materials/M_ky_flare_flash.uasset" 1
"../../../Engine/Content/Functions/Engine_MaterialFunctions02/Texturing/ScreenAlignedPixelToPixelUVs.uasset" 2
"../../../Engine/Content/EngineMaterials/Good64x64TilingNoiseHighFreq.uasset" 3
"../../../Engine/Content/Functions/Engine_MaterialFunctions02/Utility/DitherTemporalAA.uasset" 4
"E:/CardExplorer/Content/AdvancedMagicFX13/Textures/T_ky_stone02_2x2.uasset" 5
"E:/CardExplorer/Content/AdvancedMagicFX13/Materials/M_ky_stone02.uasset" 6
"../../../Engine/Content/Functions/Engine_MaterialFunctions01/Gradient/LinearGradient.uasset" 7
"../../../Engine/Content/EngineResources/DefaultTexture.uasset" 8
"E:/CardExplorer/Content/AdvancedMagicFX13/Textures/T_ky_maskRGB3.uasset" 9
"E:/CardExplorer/Content/AdvancedMagicFX13/Materials/Mfunction/MF_ky_addHilight.uasset" 10
"E:/CardExplorer/Content/AdvancedMagicFX13/Textures/T_ky_noise16.uasset" 11
"E:/CardExplorer/Content/AdvancedMagicFX13/Textures/T_ky_noise4.uasset" 12
"E:/CardExplorer/Content/AdvancedMagicFX13/Materials/M_ky_tornado01.uasset" 13
"E:/CardExplorer/Content/AdvancedMagicFX13/Materials/M_ky_vortex03.uasset" 14
"../../../Engine/Content/Functions/Engine_MaterialFunctions01/Density/ExponentialDensity.uasset" 15
"../../../Engine/Content/Functions/Engine_MaterialFunctions01/Gradient/RadialGradientExponential.uasset" 16
"E:/CardExplorer/Content/AdvancedMagicFX13/Textures/T_ky_dist_noise.uasset" 17
"E:/CardExplorer/Content/AdvancedMagicFX13/Textures/T_ky_smoke_kai.uasset" 18
"E:/CardExplorer/Content/AdvancedMagicFX13/Materials/M_ky_base_turbulence.uasset" 19
"E:/CardExplorer/Content/AdvancedMagicFX13/Materials/MI_ky_turbulence_smoke2d_trs.uasset" 20
"E:/CardExplorer/Content/AdvancedMagicFX13/Textures/T_ky_vortex04_4x4.uasset" 21
"E:/CardExplorer/Content/AdvancedMagicFX13/Materials/M_ky_vortex04_4x4.uasset" 22
"E:/CardExplorer/Content/AdvancedMagicFX13/Materials/MI_ky_vortex04B_4x4_two.uasset" 23
"../../../Engine/Content/Functions/Engine_MaterialFunctions01/Opacity/CameraDepthFade.uasset" 24
"../../../Engine/Content/EngineMaterials/T_Default_Material_Grid_M.uasset" 25
"../../../Engine/Content/EngineMaterials/T_Default_Material_Grid_N.uasset" 26
"../../../Engine/Content/EngineMaterials/WorldGridMaterial.uasset" 27
"E:/CardExplorer/Content/AdvancedMagicFX13/Meshes/SM_ky_circleDist06.uasset" 28
"E:/CardExplorer/Content/AdvancedMagicFX13/Meshes/SM_ky_quad_centerRot.uasset" 29
"E:/CardExplorer/Content/AdvancedMagicFX13/Meshes/SM_ky_tornado06.uasset" 30
"E:/CardExplorer/Content/AdvancedMagicFX13/Meshes/SM_ky_tornado06_back.uasset" 31
"E:/CardExplorer/Content/AdvancedMagicFX13/Particles/P_ky_storm.uasset" 32
"E:/CardExplorer/Content/AdvancedMagicFX13/Blueprints/BP_ky_storm.uasset" 33
"E:/CardExplorer/Content/AdvancedMagicFX13/Materials/M_ky_empty.uasset" 34
"E:/CardExplorer/Content/AdvancedMagicFX13/Materials/MI_ky_tornado01_aqua.uasset" 35
"E:/CardExplorer/Content/AdvancedMagicFX13/Textures/T_ky_noise5.uasset" 36
"E:/CardExplorer/Content/AdvancedMagicFX13/Textures/T_ky_noise6.uasset" 37
"E:/CardExplorer/Content/AdvancedMagicFX13/Textures/T_ky_wave_nor.uasset" 38
"E:/CardExplorer/Content/AdvancedMagicFX13/Materials/M_ky_waterDust.uasset" 39
"E:/CardExplorer/Content/AdvancedMagicFX13/Materials/MI_ky_waterDust.uasset" 40
"E:/CardExplorer/Content/AdvancedMagicFX13/Particles/P_ky_aquaStorm.uasset" 41
"E:/CardExplorer/Content/AdvancedMagicFX13/Blueprints/BP_ky_aquaStorm.uasset" 42
"E:/CardExplorer/Content/AdvancedMagicFX13/Textures/T_ky_dust01.uasset" 43
"E:/CardExplorer/Content/AdvancedMagicFX13/Textures/T_ky_noise13_sml_nor.uasset" 44
"E:/CardExplorer/Content/AdvancedMagicFX13/Materials/M_ky_dust01.uasset" 45
"E:/CardExplorer/Content/AdvancedMagicFX13/Textures/T_ky_fire01.uasset" 46
"E:/CardExplorer/Content/AdvancedMagicFX13/Materials/M_ky_fire03b2.uasset" 47
"E:/CardExplorer/Content/AdvancedMagicFX13/Materials/MI_ky_flare_flash_trs.uasset" 48
"E:/CardExplorer/Content/AdvancedMagicFX13/Meshes/SM_ky_windSmoke.uasset" 49
"E:/CardExplorer/Content/AdvancedMagicFX13/Particles/P_ky_auroraAura.uasset" 50
"E:/CardExplorer/Content/AdvancedMagicFX13/Blueprints/BP_ky_auroraAura.uasset" 51
"../../../Engine/Content/Functions/Engine_MaterialFunctions02/Utility/Sine_Remapped.uasset" 52
"E:/CardExplorer/Content/AdvancedMagicFX13/Materials/M_ky_circle04.uasset" 53
"E:/CardExplorer/Content/AdvancedMagicFX13/Materials/M_ky_fire03b.uasset" 54
"E:/CardExplorer/Content/AdvancedMagicFX13/Materials/MI_ky_fire03b.uasset" 55
"E:/CardExplorer/Content/AdvancedMagicFX13/Meshes/SM_ky_circle_inv.uasset" 56
"E:/CardExplorer/Content/AdvancedMagicFX13/Meshes/SM_ky_sphere.uasset" 57
"E:/CardExplorer/Content/AdvancedMagicFX13/Particles/P_ky_gaither.uasset" 58
"E:/CardExplorer/Content/AdvancedMagicFX13/Blueprints/BP_ky_gaither.uasset" 59
"E:/CardExplorer/Content/AdvancedMagicFX13/Textures/T_ky_deco_doom.uasset" 60
"E:/CardExplorer/Content/AdvancedMagicFX13/Materials/M_ky_aura9.uasset" 61
"E:/CardExplorer/Content/AdvancedMagicFX13/Textures/T_ky_dust02.uasset" 62
"E:/CardExplorer/Content/AdvancedMagicFX13/Textures/T_ky_flareVertical02.uasset" 63
"E:/CardExplorer/Content/AdvancedMagicFX13/Materials/M_ky_dust02.uasset" 64
"E:/CardExplorer/Content/AdvancedMagicFX13/Materials/M_ky_flare01_primitive.uasset" 65
"E:/CardExplorer/Content/AdvancedMagicFX13/Materials/MI_ky_flareVertical02.uasset" 66
"../../../Engine/Content/Functions/Engine_MaterialFunctions02/Fresnel_Function.uasset" 67
"E:/CardExplorer/Content/AdvancedMagicFX13/Materials/M_ky_primitive.uasset" 68
"E:/CardExplorer/Content/AdvancedMagicFX13/Materials/MI_ky_primitive2_trs.uasset" 69
"E:/CardExplorer/Content/AdvancedMagicFX13/Meshes/SM_ky_circleDist5.uasset" 70
"E:/CardExplorer/Content/AdvancedMagicFX13/Particles/P_ky_burst.uasset" 71
"E:/CardExplorer/Content/AdvancedMagicFX13/Blueprints/BP_ky_burst.uasset" 72
"E:/CardExplorer/Content/AdvancedMagicFX13/Textures/T_ky_lensFlare01.uasset" 73
"E:/CardExplorer/Content/AdvancedMagicFX13/Materials/M_ky_lensFlare02.uasset" 74
"E:/CardExplorer/Content/AdvancedMagicFX13/Materials/Mfunction/MF_ky_VectorToRadialValue.uasset" 75
"E:/CardExplorer/Content/AdvancedMagicFX13/Textures/T_ky_deco_rainbow.uasset" 76
"E:/CardExplorer/Content/AdvancedMagicFX13/Textures/T_ky_decoLinesB_sml.uasset" 77
"E:/CardExplorer/Content/AdvancedMagicFX13/Materials/M_ky_polarGlow02.uasset" 78
"E:/CardExplorer/Content/AdvancedMagicFX13/Materials/M_ky_primitive_dyn2.uasset" 79
"E:/CardExplorer/Content/AdvancedMagicFX13/Textures/T_ky_flash01_4x4.uasset" 80
"E:/CardExplorer/Content/AdvancedMagicFX13/Materials/MI_ky_flare01b_primitiveG.uasset" 81
"E:/CardExplorer/Content/AdvancedMagicFX13/Materials/MI_ky_flare01b_primitiveR.uasset" 82
"E:/CardExplorer/Content/AdvancedMagicFX13/Materials/M_ky_primitiveColor.uasset" 83
"E:/CardExplorer/Content/AdvancedMagicFX13/Materials/MI_ky_primitiveColor.uasset" 84
"E:/CardExplorer/Content/AdvancedMagicFX13/Particles/P_ky_flash2.uasset" 85
"E:/CardExplorer/Content/AdvancedMagicFX13/Blueprints/BP_ky_flash2.uasset" 86
"E:/CardExplorer/Content/AdvancedMagicFX13/Materials/MI_ky_flare01b_primitiveB.uasset" 87
"E:/CardExplorer/Content/AdvancedMagicFX13/Textures/T_ky_flare14_4x4.uasset" 88
"E:/CardExplorer/Content/AdvancedMagicFX13/Materials/MI_ky_flare14R.uasset" 89
"E:/CardExplorer/Content/AdvancedMagicFX13/Particles/P_ky_burstBall1.uasset" 90
"E:/CardExplorer/Content/AdvancedMagicFX13/Blueprints/BP_ky_burstBall1.uasset" 91
"E:/CardExplorer/Content/AdvancedMagicFX13/Textures/T_ky_ice02.uasset" 92
"E:/CardExplorer/Content/AdvancedMagicFX13/Textures/T_ky_maskRGB06.uasset" 93
"E:/CardExplorer/Content/AdvancedMagicFX13/Materials/M_ky_polarShockwave2.uasset" 94
"E:/CardExplorer/Content/AdvancedMagicFX13/Materials/MI_ky_flare14B.uasset" 95
"E:/CardExplorer/Content/AdvancedMagicFX13/Textures/T_ky_flare15_4x4.uasset" 96
"E:/CardExplorer/Content/AdvancedMagicFX13/Materials/MI_ky_flare15R.uasset" 97
"E:/CardExplorer/Content/AdvancedMagicFX13/Materials/MI_ky_primitive2c.uasset" 98
"E:/CardExplorer/Content/AdvancedMagicFX13/Particles/P_ky_burstBall2.uasset" 99
"E:/CardExplorer/Content/AdvancedMagicFX13/Blueprints/BP_ky_burstBall2.uasset" 100
"../../../Engine/Content/EngineMaterials/OrientParticle.uasset" 101
"../../../Engine/Content/EngineMaterials/DefaultParticle.uasset" 102
"E:/CardExplorer/Content/AdvancedMagicFX13/Textures/T_ky_decoLinesB.uasset" 103
"E:/CardExplorer/Content/AdvancedMagicFX13/Materials/M_ky_aura18.uasset" 104
"E:/CardExplorer/Content/AdvancedMagicFX13/Materials/M_ky_shockWave05_2.uasset" 105
"E:/CardExplorer/Content/AdvancedMagicFX13/Textures/T_ky_maskRGB5.uasset" 106
"E:/CardExplorer/Content/AdvancedMagicFX13/Textures/T_ky_smoke03.uasset" 107
"E:/CardExplorer/Content/AdvancedMagicFX13/Materials/M_ky_trailGround01_2.uasset" 108
"E:/CardExplorer/Content/AdvancedMagicFX13/Textures/T_ky_noise3.uasset" 109
"E:/CardExplorer/Content/AdvancedMagicFX13/Materials/M_ky_dynDust.uasset" 110
"E:/CardExplorer/Content/AdvancedMagicFX13/Textures/T_ky_smoke2.uasset" 111
"E:/CardExplorer/Content/AdvancedMagicFX13/Materials/MI_ky_dynDust2.uasset" 112
"E:/CardExplorer/Content/AdvancedMagicFX13/Materials/MI_ky_primitive2_trs_nonD.uasset" 113
"E:/CardExplorer/Content/AdvancedMagicFX13/Meshes/SM_ky_cylinderBend03b.uasset" 114
"E:/CardExplorer/Content/AdvancedMagicFX13/Meshes/SM_ky_lansHarf.uasset" 115
"E:/CardExplorer/Content/AdvancedMagicFX13/Particles/P_ky_cross.uasset" 116
"E:/CardExplorer/Content/AdvancedMagicFX13/Blueprints/BP_ky_cross.uasset" 117
"E:/CardExplorer/Content/AdvancedMagicFX13/Textures/T_ky_slash01_4x4.uasset" 118
"E:/CardExplorer/Content/AdvancedMagicFX13/Materials/M_ky_slash01_4x4.uasset" 119
"E:/CardExplorer/Content/AdvancedMagicFX13/Particles/P_ky_cutter1.uasset" 120
"E:/CardExplorer/Content/AdvancedMagicFX13/Materials/M_ky_slash02_4x4.uasset" 121
"E:/CardExplorer/Content/AdvancedMagicFX13/Particles/P_ky_hit_slash.uasset" 122
"E:/CardExplorer/Content/AdvancedMagicFX13/Blueprints/BP_ky_cutter1.uasset" 123
"E:/CardExplorer/Content/AdvancedMagicFX13/Materials/M_ky_trailGround01.uasset" 124
"E:/CardExplorer/Content/AdvancedMagicFX13/Materials/MI_ky_slash01_4x4.uasset" 125
"E:/CardExplorer/Content/AdvancedMagicFX13/Particles/P_ky_cutter2.uasset" 126
"E:/CardExplorer/Content/AdvancedMagicFX13/Blueprints/BP_ky_cutter2.uasset" 127
"E:/CardExplorer/Content/AdvancedMagicFX13/Blueprints/BP_ky_cutter3.uasset" 128
"E:/CardExplorer/Content/AdvancedMagicFX13/Textures/T_ky_smoke1.uasset" 129
"E:/CardExplorer/Content/AdvancedMagicFX13/Materials/M_ky_gaseous03.uasset" 130
"E:/CardExplorer/Content/AdvancedMagicFX13/Materials/M_ky_shockwave08.uasset" 131
"../../../Engine/Content/Functions/Engine_MaterialFunctions01/Gradient/DiamondGradient.uasset" 132
"../../../Engine/Content/EngineMaterials/BlendFunc_DefBase.uasset" 133
"../../../Engine/Content/EngineMaterials/BlendFunc_DefBlend.uasset" 134
"../../../Engine/Content/Functions/Engine_MaterialFunctions03/Blends/Blend_Screen.uasset" 135
"E:/CardExplorer/Content/AdvancedMagicFX13/Textures/T_ky_dust_longStar.uasset" 136
"E:/CardExplorer/Content/AdvancedMagicFX13/Materials/M_ky_starDust.uasset" 137
"E:/CardExplorer/Content/AdvancedMagicFX13/Materials/MI_ky_starDust_sq.uasset" 138
"E:/CardExplorer/Content/AdvancedMagicFX13/Meshes/SM_ky_circle_midpoly.uasset" 139
"E:/CardExplorer/Content/AdvancedMagicFX13/Particles/P_ky_explosion1.uasset" 140
"E:/CardExplorer/Content/AdvancedMagicFX13/Blueprints/BP_ky_explosion1.uasset" 141
"E:/CardExplorer/Content/AdvancedMagicFX13/Materials/MI_ky_gaseous03.uasset" 142
"E:/CardExplorer/Content/AdvancedMagicFX13/Materials/MI_ky_primitive_dynB_nonD.uasset" 143
"E:/CardExplorer/Content/AdvancedMagicFX13/Meshes/SM_ky_circle_lowpoly.uasset" 144
"E:/CardExplorer/Content/AdvancedMagicFX13/Particles/P_ky_explosion2.uasset" 145
"E:/CardExplorer/Content/AdvancedMagicFX13/Blueprints/BP_ky_explosion2.uasset" 146
"E:/CardExplorer/Content/AdvancedMagicFX13/Materials/MI_ky_polarShockwave2_two.uasset" 147
"E:/CardExplorer/Content/AdvancedMagicFX13/Particles/P_ky_explosion3.uasset" 148
"E:/CardExplorer/Content/AdvancedMagicFX13/Blueprints/BP_ky_explosion3.uasset" 149
"E:/CardExplorer/Content/AdvancedMagicFX13/Materials/MI_ky_dynDust.uasset" 150
"E:/CardExplorer/Content/AdvancedMagicFX13/Materials/MI_ky_tornado01_fire.uasset" 151
"E:/CardExplorer/Content/AdvancedMagicFX13/Materials/MI_ky_vortex03_fire.uasset" 152
"E:/CardExplorer/Content/AdvancedMagicFX13/Particles/P_ky_fireStorm.uasset" 153
"E:/CardExplorer/Content/AdvancedMagicFX13/Blueprints/BP_ky_fireStorm.uasset" 154
"E:/CardExplorer/Content/AdvancedMagicFX13/Textures/T_ky_flare01.uasset" 155
"E:/CardExplorer/Content/AdvancedMagicFX13/Materials/MI_ky_flare01_primitiveG.uasset" 156
"E:/CardExplorer/Content/AdvancedMagicFX13/Materials/MI_ky_flare01_primitiveR.uasset" 157
"E:/CardExplorer/Content/AdvancedMagicFX13/Particles/P_ky_flash1.uasset" 158
"E:/CardExplorer/Content/AdvancedMagicFX13/Blueprints/BP_ky_flash1.uasset" 159
"E:/CardExplorer/Content/AdvancedMagicFX13/Materials/M_ky_auraWall.uasset" 160
"E:/CardExplorer/Content/AdvancedMagicFX13/Materials/MI_ky_auraWallB.uasset" 161
"E:/CardExplorer/Content/AdvancedMagicFX13/Materials/MI_ky_flare14G.uasset" 162
"E:/CardExplorer/Content/AdvancedMagicFX13/Materials/MI_ky_starDust_dis.uasset" 163
"E:/CardExplorer/Content/AdvancedMagicFX13/Meshes/SM_ky_cylinder_superLow_inv.uasset" 164
"E:/CardExplorer/Content/AdvancedMagicFX13/Particles/P_ky_heal1.uasset" 165
"E:/CardExplorer/Content/AdvancedMagicFX13/Blueprints/BP_ky_heal1.uasset" 166
"E:/CardExplorer/Content/AdvancedMagicFX13/Materials/M_ky_auraWall02.uasset" 167
"E:/CardExplorer/Content/AdvancedMagicFX13/Materials/MI_ky_primitiveColorB.uasset" 168
"E:/CardExplorer/Content/AdvancedMagicFX13/Meshes/SM_ky_cylinderBend06.uasset" 169
"E:/CardExplorer/Content/AdvancedMagicFX13/Meshes/SM_ky_windLine30.uasset" 170
"E:/CardExplorer/Content/AdvancedMagicFX13/Particles/P_ky_heal2.uasset" 171
"E:/CardExplorer/Content/AdvancedMagicFX13/Blueprints/BP_ky_heal2.uasset" 172
"E:/CardExplorer/Content/AdvancedMagicFX13/Blueprints/BP_ky_hit_slash.uasset" 173
"E:/CardExplorer/Content/AdvancedMagicFX13/Particles/P_ky_impact.uasset" 174
"E:/CardExplorer/Content/AdvancedMagicFX13/Blueprints/BP_ky_impact.uasset" 175
"E:/CardExplorer/Content/AdvancedMagicFX13/Textures/T_ky_gradiation.uasset" 176
"E:/CardExplorer/Content/AdvancedMagicFX13/Materials/M_ky_line.uasset" 177
"E:/CardExplorer/Content/AdvancedMagicFX13/Materials/MI_ky_fire03b_1.uasset" 178
"E:/CardExplorer/Content/AdvancedMagicFX13/Materials/MI_ky_primitive_dynB_two.uasset" 179
"E:/CardExplorer/Content/AdvancedMagicFX13/Meshes/SM_ky_circle_inv2.uasset" 180
"E:/CardExplorer/Content/AdvancedMagicFX13/Meshes/SM_ky_cylinder_lowPoly_dist.uasset" 181
"E:/CardExplorer/Content/AdvancedMagicFX13/Meshes/SM_ky_lans.uasset" 182
"E:/CardExplorer/Content/AdvancedMagicFX13/Meshes/SM_ky_quads.uasset" 183
"E:/CardExplorer/Content/AdvancedMagicFX13/Particles/P_ky_stab.uasset" 184
"E:/CardExplorer/Content/AdvancedMagicFX13/Blueprints/BP_ky_stab.uasset" 185
"E:/CardExplorer/Content/AdvancedMagicFX13/Particles/P_ky_stabShot.uasset" 186
"E:/CardExplorer/Content/AdvancedMagicFX13/Blueprints/BP_ky_stabShot.uasset" 187
"E:/CardExplorer/Content/AdvancedMagicFX13/Materials/MI_ky_flare14R_nonD.uasset" 188
"E:/CardExplorer/Content/AdvancedMagicFX13/Materials/MI_ky_flare14R_two.uasset" 189
"E:/CardExplorer/Content/AdvancedMagicFX13/Materials/MI_ky_primitive_dyn2_two.uasset" 190
"E:/CardExplorer/Content/AdvancedMagicFX13/Particles/P_ky_stabShot2.uasset" 191
"E:/CardExplorer/Content/AdvancedMagicFX13/Blueprints/BP_ky_stabShot2.uasset" 192
"E:/CardExplorer/Content/AdvancedMagicFX13/Materials/M_ky_thunderForBeam.uasset" 193
"E:/CardExplorer/Content/AdvancedMagicFX13/Textures/T_ky_shockWave03_4x4.uasset" 194
"E:/CardExplorer/Content/AdvancedMagicFX13/Materials/M_ky_shockWave03_4x4.uasset" 195
"E:/CardExplorer/Content/AdvancedMagicFX13/Materials/MI_ky_shockWave03g_4x4.uasset" 196
"E:/CardExplorer/Content/AdvancedMagicFX13/Materials/MI_ky_tornado01_thunder.uasset" 197
"E:/CardExplorer/Content/AdvancedMagicFX13/Materials/MI_ky_vortex03_thunder.uasset" 198
"E:/CardExplorer/Content/AdvancedMagicFX13/Particles/P_ky_thunderStorm.uasset" 199
"E:/CardExplorer/Content/AdvancedMagicFX13/Blueprints/BP_ky_thunderStorm.uasset" 200
"E:/CardExplorer/Content/AdvancedMagicFX13/Meshes/SM_ky_auraHousya.uasset" 201
"E:/CardExplorer/Content/AdvancedMagicFX13/Meshes/SM_ky_cylinderBend03.uasset" 202
"E:/CardExplorer/Content/AdvancedMagicFX13/Meshes/SM_ky_rayOffset.uasset" 203
"E:/CardExplorer/Content/AdvancedMagicFX13/Meshes/SM_ky_windSmokeVertRot.uasset" 204
"E:/CardExplorer/Content/AnimalVarietyPack/DeerStagAndDoe/Meshes/SK_DeerStag_Skeleton.uasset" 205
"E:/CardExplorer/Content/AnimalVarietyPack/DeerStagAndDoe/Animations/ANIM_DeerStag_GoToRest.uasset" 206
"E:/CardExplorer/Content/AnimalVarietyPack/DeerStagAndDoe/Animations/ANIM_DeerStag_GrazeOnce.uasset" 207
"E:/CardExplorer/Content/AnimalVarietyPack/DeerStagAndDoe/Animations/ANIM_DeerStag_IdleChew.uasset" 208
"E:/CardExplorer/Content/AnimalVarietyPack/DeerStagAndDoe/Animations/ANIM_DeerStag_IdleGraze.uasset" 209
"E:/CardExplorer/Content/AnimalVarietyPack/DeerStagAndDoe/Animations/ANIM_DeerStag_Rest.uasset" 210
"E:/CardExplorer/Content/AnimalVarietyPack/DeerStagAndDoe/Animations/ANIM_DeerStag_RestToGoBackUp.uasset" 211
"E:/CardExplorer/Content/AnimalVarietyPack/DeerStagAndDoe/Animations/ANIM_DeerStag_Sleep.uasset" 212
"E:/CardExplorer/Content/AnimalVarietyPack/DeerStagAndDoe/Animations/ANIM_DeerStag_SleepToGoBackUp.uasset" 213
"E:/CardExplorer/Content/AnimalVarietyPack/DeerStagAndDoe/Animations/ANIM_DeerStag_WalkGraze_RM.uasset" 214
"E:/CardExplorer/Content/AnimalVarietyPack/DeerStagAndDoe/Animations/ANIM_DeerStag_WalkTurnL.uasset" 215
"E:/CardExplorer/Content/AnimalVarietyPack/DeerStagAndDoe/Animations/ANIM_DeerStag_WalkTurnL_RM.uasset" 216
"E:/CardExplorer/Content/AnimalVarietyPack/DeerStagAndDoe/Animations/ANIM_DeerStag_WalkTurnR.uasset" 217
"E:/CardExplorer/Content/AnimalVarietyPack/DeerStagAndDoe/Animations/ANIM_DeerStag_WalkTurnR_RM.uasset" 218
"E:/CardExplorer/Content/AnimalVarietyPack/Fox/Meshes/SK_Fox_Skeleton.uasset" 219
"E:/CardExplorer/Content/AnimalVarietyPack/Fox/Animations/ANIM_Fox_GoToRest.uasset" 220
"E:/CardExplorer/Content/AnimalVarietyPack/Fox/Animations/ANIM_Fox_Resting.uasset" 221
"E:/CardExplorer/Content/AnimalVarietyPack/Fox/Animations/ANIM_Fox_RestToGoBackUp.uasset" 222
"E:/CardExplorer/Content/AnimalVarietyPack/Fox/Animations/ANIM_Fox_RunTurnL.uasset" 223
"E:/CardExplorer/Content/AnimalVarietyPack/Fox/Animations/ANIM_Fox_RunTurnL_RM.uasset" 224
"E:/CardExplorer/Content/AnimalVarietyPack/Fox/Animations/ANIM_Fox_RunTurnR.uasset" 225
"E:/CardExplorer/Content/AnimalVarietyPack/Fox/Animations/ANIM_Fox_RunTurnR_RM.uasset" 226
"E:/CardExplorer/Content/AnimalVarietyPack/Fox/Animations/ANIM_Fox_Sleeping.uasset" 227
"E:/CardExplorer/Content/AnimalVarietyPack/Fox/Animations/ANIM_Fox_WalkTurnL.uasset" 228
"E:/CardExplorer/Content/AnimalVarietyPack/Fox/Animations/ANIM_Fox_WalkTurnL_RM.uasset" 229
"E:/CardExplorer/Content/AnimalVarietyPack/Fox/Animations/ANIM_Fox_WalkTurnR.uasset" 230
"E:/CardExplorer/Content/AnimalVarietyPack/Fox/Animations/ANIM_Fox_WalkTurnR_RM.uasset" 231
"E:/CardExplorer/Content/AnimalVarietyPack/Pig/Meshes/SK_Pig_Skeleton.uasset" 232
"E:/CardExplorer/Content/AnimalVarietyPack/Pig/Animations/ANIM_Pig_GoBackUp.uasset" 233
"E:/CardExplorer/Content/AnimalVarietyPack/Pig/Animations/ANIM_Pig_GoToRest.uasset" 234
"E:/CardExplorer/Content/AnimalVarietyPack/Pig/Animations/ANIM_Pig_JumpAttack.uasset" 235
"E:/CardExplorer/Content/AnimalVarietyPack/Pig/Animations/ANIM_Pig_JumpAttack_RM.uasset" 236
"E:/CardExplorer/Content/AnimalVarietyPack/Pig/Animations/ANIM_Pig_Rest.uasset" 237
"E:/CardExplorer/Content/AnimalVarietyPack/Pig/Animations/ANIM_Pig_RunTurnL.uasset" 238
"E:/CardExplorer/Content/AnimalVarietyPack/Pig/Animations/ANIM_Pig_RunTurnL_RM.uasset" 239
"E:/CardExplorer/Content/AnimalVarietyPack/Pig/Animations/ANIM_Pig_RunTurnR.uasset" 240
"E:/CardExplorer/Content/AnimalVarietyPack/Pig/Animations/ANIM_Pig_RunTurnR_RM.uasset" 241
"E:/CardExplorer/Content/AnimalVarietyPack/Pig/Animations/ANIM_Pig_WalkTurnL.uasset" 242
"E:/CardExplorer/Content/AnimalVarietyPack/Pig/Animations/ANIM_Pig_WalkTurnL_RM.uasset" 243
"E:/CardExplorer/Content/AnimalVarietyPack/Pig/Animations/ANIM_Pig_WalkTurnR.uasset" 244
"E:/CardExplorer/Content/AnimalVarietyPack/Pig/Animations/ANIM_Pig_WalkTurnR_RM.uasset" 245
"E:/CardExplorer/Content/AnimalVarietyPack/Wolf/Meshes/SK_Wolf_Skeleton.uasset" 246
"E:/CardExplorer/Content/AnimalVarietyPack/Wolf/Animations/ANIM_Wolf_GoToRest.uasset" 247
"E:/CardExplorer/Content/AnimalVarietyPack/Wolf/Animations/ANIM_Wolf_Rest.uasset" 248
"E:/CardExplorer/Content/AnimalVarietyPack/Wolf/Animations/ANIM_Wolf_RestToGoBackUp.uasset" 249
"E:/CardExplorer/Content/AnimalVarietyPack/Wolf/Animations/ANIM_Wolf_RunTurnL.uasset" 250
"E:/CardExplorer/Content/AnimalVarietyPack/Wolf/Animations/ANIM_Wolf_RunTurnL_RM.uasset" 251
"E:/CardExplorer/Content/AnimalVarietyPack/Wolf/Animations/ANIM_Wolf_RunTurnR.uasset" 252
"E:/CardExplorer/Content/AnimalVarietyPack/Wolf/Animations/ANIM_Wolf_RunTurnR_RM.uasset" 253
"E:/CardExplorer/Content/AnimalVarietyPack/Wolf/Animations/ANIM_Wolf_Sleep.uasset" 254
"E:/CardExplorer/Content/AnimalVarietyPack/Wolf/Animations/ANIM_Wolf_WalkTurnL.uasset" 255
"E:/CardExplorer/Content/AnimalVarietyPack/Wolf/Animations/ANIM_Wolf_WalkTurnL_RM.uasset" 256
"E:/CardExplorer/Content/AnimalVarietyPack/Wolf/Animations/ANIM_Wolf_WalkTurnR.uasset" 257
"E:/CardExplorer/Content/AnimalVarietyPack/Wolf/Animations/ANIM_Wolf_WalkTurnR_RM.uasset" 258
"E:/CardExplorer/Content/assets/cards/cards_images/posionArrow.uasset" 259
"E:/CardExplorer/Content/Materials/Landscape/Textures/mixedmoss-ao2.uasset" 260
"E:/CardExplorer/Content/Materials/Landscape/Textures/mixedmoss-height.uasset" 261
"E:/CardExplorer/Content/Materials/Landscape/Textures/mixedmoss-metalness.uasset" 262
"E:/CardExplorer/Content/Materials/Landscape/Textures/mixedmoss-normal2.uasset" 263
"E:/CardExplorer/Content/Materials/Landscape/Textures/mixedmoss-roughness.uasset" 264
"../../../Engine/Content/Animation/DefaultAnimCurveCompressionSettings.uasset" 265
"../../../Engine/Content/ArtTools/RenderToTexture/Meshes/S_1_Unit_Plane.uasset" 266
"../../../Engine/Content/EngineMaterials/DefaultMaterial.uasset" 267
"../../../Engine/Content/BasicShapes/Cone.uasset" 268
"../../../Engine/Content/BasicShapes/Cylinder.uasset" 269
"../../../Engine/Content/BasicShapes/Plane.uasset" 270
"../../../Engine/Content/BasicShapes/Sphere.uasset" 271
"../../../Engine/Content/EditorLandscapeResources/DataLayer.uasset" 272
"../../../Engine/Content/EditorMaterials/MAT_Groups_Toggle.uasset" 273
"../../../Engine/Content/EditorMaterials/MAT_Groups_Visibility.uasset" 274
"../../../Engine/Content/EditorMaterials/PreviewShadowIndicator.uasset" 275
"../../../Engine/Content/EditorMaterials/PreviewShadowIndicatorMaterial.uasset" 276
"../../../Engine/Content/EditorMaterials/MatineeGroups/MAT_ColorTrack.uasset" 277
"../../../Engine/Content/EditorMaterials/MatineeGroups/MAT_Groups_Anim.uasset" 278
"../../../Engine/Content/EditorMaterials/MatineeGroups/MAT_Groups_AudioMaster.uasset" 279
"../../../Engine/Content/EditorMaterials/MatineeGroups/MAT_Groups_Director.uasset" 280
"../../../Engine/Content/EditorMaterials/MatineeGroups/MAT_Groups_Event.uasset" 281
"../../../Engine/Content/EditorMaterials/MatineeGroups/MAT_Groups_Fade.uasset" 282
"../../../Engine/Content/EditorMaterials/MatineeGroups/MAT_Groups_Float.uasset" 283
"../../../Engine/Content/EditorMaterials/MatineeGroups/MAT_Groups_Move.uasset" 284
"../../../Engine/Content/EditorMaterials/MatineeGroups/MAT_Groups_Slomo.uasset" 285
"../../../Engine/Content/EditorMaterials/MatineeGroups/MAT_Groups_Sound.uasset" 286
"../../../Engine/Content/EditorMaterials/MatineeGroups/MAT_Groups_Vector.uasset" 287
"../../../Engine/Content/EditorMaterials/ParticleSystems/PSysThumbnail_NoImage.uasset" 288
"../../../Engine/Content/EditorMaterials/ParticleSystems/PSysThumbnail_OOD.uasset" 289
"../../../Engine/Content/EditorMaterials/Camera/CineMat.uasset" 290
"../../../Engine/Content/EditorMaterials/Camera/MI_CineMat_Rig.uasset" 291
"../../../Engine/Content/EditorMeshes/Camera/SM_CraneRig_Arm.uasset" 292
"../../../Engine/Content/EditorMeshes/Camera/SM_CraneRig_Base.uasset" 293
"../../../Engine/Content/EditorMeshes/Camera/SM_CraneRig_Body.uasset" 294
"../../../Engine/Content/EditorMeshes/Camera/SM_CraneRig_Mount.uasset" 295
"../../../Engine/Content/EditorMeshes/Camera/SM_RailRig_Mount.uasset" 296
"../../../Engine/Content/EditorMeshes/Camera/SM_RailRig_Track.uasset" 297
"../../../Engine/Content/EditorResources/BSPVertex.uasset" 298
"../../../Engine/Content/EditorResources/EmptyActor.uasset" 299
"../../../Engine/Content/EditorResources/S_Actor.uasset" 300
"../../../Engine/Content/EditorResources/S_Note.uasset" 301
"../../../Engine/Content/EditorResources/S_Solver.uasset" 302
"../../../Engine/Content/EditorResources/S_Trigger.uasset" 303
"../../../Engine/Content/EditorResources/LightIcons/S_LightError.uasset" 304
"../../../Engine/Content/EditorResources/SequenceRecorder/Countdown.uasset" 305
"../../../Engine/Content/EditorResources/SequenceRecorder/RecordingIndicator.uasset" 306
"../../../Engine/Content/EditorSounds/Notifications/CompileFailed.uasset" 307
"../../../Engine/Content/EditorSounds/Notifications/CompileFailed_Cue.uasset" 308
"../../../Engine/Content/EditorSounds/Notifications/CompileSuccess.uasset" 309
"../../../Engine/Content/EditorSounds/Notifications/CompileStart_Cue.uasset" 310
"../../../Engine/Content/EditorSounds/Notifications/CompileSuccess_Cue.uasset" 311
"../../../Engine/Content/EngineDamageTypes/DmgTypeBP_Environmental.uasset" 312
"../../../Engine/Content/EngineDebugMaterials/DebugEditorMaterial.uasset" 313
"../../../Engine/Content/EngineDebugMaterials/DebugMeshMaterial.uasset" 314
"../../../Engine/Content/EngineDebugMaterials/M_SimpleTranslucent.uasset" 315
"../../../Engine/Content/Functions/Engine_MaterialFunctions02/Utility/CameraDirectionVector.uasset" 316
"../../../Engine/Content/EngineDebugMaterials/VolumeToRender.uasset" 317
"../../../Engine/Content/EngineDebugMaterials/M_VolumeRenderSphereTracePP.uasset" 318
"../../../Engine/Content/EngineDebugMaterials/WireframeMaterial.uasset" 319
"../../../Engine/Content/EngineFonts/Faces/DroidSansFallback.uasset" 320
"../../../Engine/Content/EngineFonts/Faces/RobotoBold.uasset" 321
"../../../Engine/Content/EngineFonts/Faces/RobotoBoldItalic.uasset" 322
"../../../Engine/Content/EngineFonts/Faces/RobotoItalic.uasset" 323
"../../../Engine/Content/EngineFonts/Faces/RobotoLight.uasset" 324
"../../../Engine/Content/EngineFonts/Faces/RobotoRegular.uasset" 325
"../../../Engine/Content/EngineFonts/Roboto.uasset" 326
"../../../Engine/Content/EngineMaterials/BaseFlattenDiffuseMap.uasset" 327
"../../../Engine/Content/EngineMaterials/BaseFlattenEmissiveMap.uasset" 328
"../../../Engine/Content/EngineMaterials/BaseFlattenGrayscaleMap.uasset" 329
"../../../Engine/Content/EngineMaterials/BaseFlattenNormalMap.uasset" 330
"../../../Engine/Content/EngineMaterials/BaseFlattenMaterial.uasset" 331
"../../../Engine/Content/EngineMaterials/BlueNoise.uasset" 332
"../../../Engine/Content/EngineMaterials/DefaultBloomKernel.uasset" 333
"../../../Engine/Content/EngineMaterials/DefaultBokeh.uasset" 334
"../../../Engine/Content/EngineMaterials/DefaultDiffuse.uasset" 335
"../../../Engine/Content/EngineMaterials/DefaultDeferredDecalMaterial.uasset" 336
"../../../Engine/Content/EngineMaterials/DefaultLightFunctionMaterial.uasset" 337
"../../../Engine/Content/EngineMaterials/DefaultPhysicalMaterial.uasset" 338
"../../../Engine/Content/Functions/Engine_MaterialFunctions02/Utility/BreakOutFloat2Components.uasset" 339
"../../../Engine/Content/EngineMaterials/DefaultPostProcessMaterial.uasset" 340
"../../../Engine/Content/EngineFonts/RobotoDistanceField.uasset" 341
"../../../Engine/Content/EngineMaterials/DefaultTextMaterialOpaque.uasset" 342
"../../../Engine/Content/EngineMaterials/DefaultVirtualTextureMaterial.uasset" 343
"../../../Engine/Content/EngineMaterials/DefaultWhiteGrid.uasset" 344
"../../../Engine/Content/EngineMaterials/DefaultWhiteGrid_Low.uasset" 345
"../../../Engine/Content/EngineMaterials/EmissiveMeshMaterial.uasset" 346
"../../../Engine/Content/EngineMaterials/GizmoMaterial.uasset" 347
"../../../Engine/Content/EngineMaterials/HairDefaultMaterial.uasset" 348
"../../../Engine/Content/EngineMaterials/MiniFont.uasset" 349
"../../../Engine/Content/EngineMaterials/InvalidLightmapSettings.uasset" 350
"../../../Engine/Content/EngineMaterials/M_InvalidLightmapSettings.uasset" 351
"../../../Engine/Content/Functions/Engine_MaterialFunctions02/WorldPositionOffset/CameraOffset.uasset" 352
"../../../Engine/Content/EngineMaterials/PhAT_JointLimitMaterial.uasset" 353
"../../../Engine/Content/EngineMaterials/PreintegratedSkinBRDF.uasset" 354
"../../../Engine/Content/EngineMaterials/RemoveSurfaceMaterial.uasset" 355
"../../../Engine/Content/EngineMaterials/WeightMapPlaceholderTexture.uasset" 356
"../../../Engine/Content/EngineResources/WhiteSquareTexture.uasset" 357
"../../../Engine/Content/EngineMaterials/Widget3DPassThrough.uasset" 358
"../../../Engine/Content/EngineMaterials/Widget3DPassThrough_Masked.uasset" 359
"../../../Engine/Content/EngineMaterials/Widget3DPassThrough_Opaque.uasset" 360
"../../../Engine/Content/EngineMaterials/Widget3DPassThrough_Masked_OneSided.uasset" 361
"../../../Engine/Content/EngineMaterials/Widget3DPassThrough_Opaque_OneSided.uasset" 362
"../../../Engine/Content/EngineMaterials/Widget3DPassThrough_Translucent.uasset" 363
"../../../Engine/Content/EngineMaterials/Widget3DPassThrough_Translucent_OneSided.uasset" 364
"../../../Engine/Content/EngineMeshes/Cylinder.uasset" 365
"../../../Engine/Content/EngineMeshes/Sphere.uasset" 366
"../../../Engine/Content/EngineResources/Black.uasset" 367
"../../../Engine/Content/EngineResources/DefaultTextureCube.uasset" 368
"../../../Engine/Content/EngineResources/DefaultVolumeTexture2D.uasset" 369
"../../../Engine/Content/EngineResources/DefaultVolumeTexture.uasset" 370
"../../../Engine/Content/EngineResources/GradientTexture0.uasset" 371
"../../../Engine/Content/EngineSounds/Master.uasset" 372
"../../../Engine/Content/Functions/Engine_MaterialFunctions01/Shading/ConvertFromDiffSpec.uasset" 373
"../../../Engine/Content/Functions/Engine_MaterialFunctions01/Shading/PowerToRoughness.uasset" 374
"../../../Engine/Content/Maps/Templates/Thumbnails/Default.uasset" 375
"../../../Engine/Content/Maps/Templates/Thumbnails/TimeOfDay.uasset" 376
"../../../Engine/Content/Maps/Templates/Thumbnails/VR-Basic.uasset" 377
"../../../Engine/Content/MobileResources/T_MobileControls_texture.uasset" 378
"../../../Engine/Content/MobileResources/T_MobileMenu2.uasset" 379
"../../../Engine/Content/MobileResources/HUD/AnalogHat.uasset" 380
"../../../Engine/Content/MobileResources/HUD/VirtualJoystick_Background.uasset" 381
"../../../Engine/Content/MobileResources/HUD/VirtualJoystick_Thumb.uasset" 382
"../../../Engine/Content/MobileResources/HUD/DefaultVirtualJoysticks.uasset" 383
"../../../Engine/Content/MobileResources/HUD/LeftVirtualJoystickOnly.uasset" 384
"../../../Engine/Content/MobileResources/HUD/MobileHUDButton1_off.uasset" 385
"../../../Engine/Content/MobileResources/HUD/MobileHUDButton1_on.uasset" 386
"../../../Engine/Content/MobileResources/HUD/MobileHUDButton2_off.uasset" 387
"../../../Engine/Content/MobileResources/HUD/MobileHUDButton2_on.uasset" 388
"../../../Engine/Content/MobileResources/HUD/MobileHUDButton3.uasset" 389
"../../../Engine/Content/MobileResources/HUD/MobileHUDButtonFire.uasset" 390
"../../../Engine/Content/MobileResources/HUD/MobileHUDDirectionPad.uasset" 391
"../../../Engine/Content/MobileResources/HUD/MobileHUDDirectionPad2.uasset" 392
"../../../Engine/Content/MobileResources/HUD/MobileHUDDirectionPad3.uasset" 393
"../../../Engine/Content/MobileResources/HUD/MobileHUDDirectionStick.uasset" 394
"../../../Engine/Content/MobileResources/HUD/T_Castle_ThumbstickInner.uasset" 395
"../../../Engine/Content/MobileResources/HUD/T_Castle_ThumbstickOutter.uasset" 396
"../../../Engine/Content/Tutorial/ContentIntroCurve.uasset" 397
"../../../Engine/Content/Tutorial/Basics/LevelEditorAttract.uasset" 398
"../../../Engine/Content/Tutorial/Basics/TutorialAssets/icon_tab_Levels_40x.uasset" 399
"../../../Engine/Content/Tutorial/Basics/LevelEditorOverview.uasset" 400
"../../../Engine/Content/Tutorial/BlueprintTutorials/TutorialAssets/Blueprint_64x.uasset" 401
"../../../Engine/Content/Tutorial/BlueprintTutorials/BlueprintEditorTutorial.uasset" 402
"../../../Engine/Content/Tutorial/Code/AddingCode.uasset" 403
"../../../Engine/Content/Tutorial/Installation/InstallingVisualStudioTutorial.uasset" 404
"../../../Engine/Content/Tutorial/Landscape/TutorialAssets/Landscape.uasset" 405
"../../../Engine/Content/Tutorial/Landscape/LandscapeWalkThrough.uasset" 406
"../../../Engine/Content/Tutorial/Landscape/Landscape_Manage_Mode.uasset" 407
"../../../Engine/Content/EditorBlueprintResources/StandardMacros.uasset" 408
"../../../Engine/Content/Tutorial/Landscape/Landscape_Painting_Mode.uasset" 409
"../../../Engine/Content/Tutorial/Landscape/Landscape_Sculpt_Mode.uasset" 410
"../../../Engine/Content/VREditor/LaserPointer/VR_LaserPower_01.uasset" 411
"../../../Engine/Content/VREditor/TransformGizmo/TransformGizmoMaterial.uasset" 412
"../../../Engine/Content/VREditor/TransformGizmo/TranslucentTransformGizmoMaterial.uasset" 413
"../../../Engine/Content/VREditor/TransformGizmo/BoundingBoxCorner.uasset" 414
"../../../Engine/Content/VREditor/TransformGizmo/BoundingBoxEdge.uasset" 415
"../../../Engine/Content/VREditor/TransformGizmo/PlaneTranslationHandle.uasset" 416
"../../../Engine/Content/VREditor/TransformGizmo/Main.uasset" 417
"../../../Engine/Content/VREditor/TransformGizmo/Xray.uasset" 418
"../../../Engine/Content/VREditor/TransformGizmo/SM_Sequencer_Key.uasset" 419
"../../../Engine/Content/VREditor/TransformGizmo/SM_Sequencer_Node.uasset" 420
"../../Plugins/2D/Paper2D/Content/PlaceholderTextures/DummySpriteTexture.uasset" 421
"../../Plugins/2D/Paper2D/Content/DummySprite.uasset" 422
"../../Plugins/2D/Paper2D/Content/DefaultPaperTerrainMaterial.uasset" 423
"../../Plugins/2D/Paper2D/Content/DummySpriteTexture.uasset" 424
"../../Plugins/2D/Paper2D/Content/DefaultSpriteMaterial.uasset" 425
"../../Plugins/2D/Paper2D/Content/MaskedUnlitSpriteMaterial.uasset" 426
"../../Plugins/2D/Paper2D/Content/OpaqueUnlitSpriteMaterial.uasset" 427
"../../../Engine/Content/Functions/Engine_MaterialFunctions02/Utility/BreakOutFloat4Components.uasset" 428
"../../../Engine/Content/Functions/Engine_MaterialFunctions02/Utility/MakeFloat2.uasset" 429
"../../../Engine/Content/Functions/Engine_MaterialFunctions02/Utility/MakeFloat3.uasset" 430
"../../Plugins/Runtime/Oculus/OculusVR/Content/Materials/OculusMR_ChromaKey.uasset" 431
"../../Plugins/Runtime/Oculus/OculusVR/Content/Materials/OculusMR_ChromaKey_Lit.uasset" 432
"../../Plugins/Runtime/Oculus/OculusVR/Content/Materials/OculusMR_OpaqueColoredMaterial.uasset" 433
"../../Plugins/Runtime/Oculus/OculusVR/Content/Materials/OculusMR_WhiteMaterial.uasset" 434
"E:/CardExplorer/Content/AnimalVarietyPack/Crow/Meshes/SK_Crow_Skeleton.uasset" 435
"E:/CardExplorer/Content/AnimalVarietyPack/Crow/Animations/ANIM_Crow_DeathGrounded.uasset" 436
"E:/CardExplorer/Content/AnimalVarietyPack/Crow/Animations/ANIM_Crow_DeathHitTheGround.uasset" 437
"E:/CardExplorer/Content/AnimalVarietyPack/Crow/Animations/ANIM_Crow_EatSomething.uasset" 438
"E:/CardExplorer/Content/AnimalVarietyPack/Crow/Animations/ANIM_Crow_Falling.uasset" 439
"E:/CardExplorer/Content/AnimalVarietyPack/Crow/Animations/ANIM_Crow_Fly.uasset" 440
"E:/CardExplorer/Content/AnimalVarietyPack/Crow/Animations/ANIM_Crow_FlyingAttack.uasset" 441
"E:/CardExplorer/Content/AnimalVarietyPack/Crow/Animations/ANIM_Crow_Glide.uasset" 442
"E:/CardExplorer/Content/AnimalVarietyPack/Crow/Animations/ANIM_Crow_Hop.uasset" 443
"E:/CardExplorer/Content/AnimalVarietyPack/Crow/Animations/ANIM_Crow_Hop_RM.uasset" 444
"E:/CardExplorer/Content/AnimalVarietyPack/Crow/Animations/ANIM_Crow_IdleLookAround.uasset" 445
"E:/CardExplorer/Content/AnimalVarietyPack/Crow/Animations/ANIM_Crow_IdleScratchWing.uasset" 446
"E:/CardExplorer/Content/AnimalVarietyPack/Crow/Animations/ANIM_Crow_IdleStretchWings.uasset" 447
"E:/CardExplorer/Content/AnimalVarietyPack/Crow/Animations/ANIM_Crow_InAirDeathGoToFall.uasset" 448
"E:/CardExplorer/Content/AnimalVarietyPack/Crow/Animations/ANIM_Crow_Landing.uasset" 449
"E:/CardExplorer/Content/AnimalVarietyPack/Crow/Animations/ANIM_Crow_TakeOff.uasset" 450
"E:/CardExplorer/Content/AnimalVarietyPack/Crow/Animations/ANIM_Crow_Walk.uasset" 451
"E:/CardExplorer/Content/AnimalVarietyPack/Crow/Animations/ANIM_Crow_Walk_RM.uasset" 452
"../../../Engine/Content/EngineSky/C_Sky_Cloud_Color.uasset" 453
"../../../Engine/Content/EngineSky/C_Sky_Horizon_Color.uasset" 454
"../../../Engine/Content/EngineSky/C_Sky_Zenith_Color.uasset" 455
"../../../Engine/Content/EngineSky/T_Sky_Blue.uasset" 456
"../../../Engine/Content/EngineSky/T_Sky_Clouds_M.uasset" 457
"../../../Engine/Content/EngineSky/T_Sky_Stars.uasset" 458
"../../../Engine/Content/EngineSky/M_Sky_Panning_Clouds2.uasset" 459
"../../../Engine/Content/EngineSky/SM_SkySphere.uasset" 460
"../../../Engine/Content/EngineSky/BP_Sky_Sphere.uasset" 461
"E:/CardExplorer/Content/AnimalVarietyPack/Crow/Maps/Overview_BuiltData.uasset" 462
"../../../Engine/Content/MapTemplates/SM_Template_Map_Floor.uasset" 463
"E:/CardExplorer/Content/AnimalVarietyPack/Crow/Textures/T_Crow_BaseColor.uasset" 464
"E:/CardExplorer/Content/AnimalVarietyPack/Crow/Textures/T_Crow_Nml.uasset" 465
"E:/CardExplorer/Content/AnimalVarietyPack/Crow/Textures/T_Crow_OcclusionRoughnessMetallic.uasset" 466
"E:/CardExplorer/Content/AnimalVarietyPack/Crow/Textures/T_Crow_Specular.uasset" 467
"E:/CardExplorer/Content/AnimalVarietyPack/Crow/Materials/M_Crow.uasset" 468
"E:/CardExplorer/Content/AnimalVarietyPack/Crow/Meshes/SK_Crow_PhysicsAsset.uasset" 469
"E:/CardExplorer/Content/AnimalVarietyPack/Crow/Meshes/SK_Crow.uasset" 470
"E:/CardExplorer/Content/AnimalVarietyPack/Crow/Maps/Overview.umap" 471
"E:/CardExplorer/Content/AnimalVarietyPack/DeerStagAndDoe/Meshes/SK_DeerDoe_Skeleton.uasset" 472
"E:/CardExplorer/Content/AnimalVarietyPack/DeerStagAndDoe/Animations/ANIM_DeerDoe_Death.uasset" 473
"E:/CardExplorer/Content/AnimalVarietyPack/DeerStagAndDoe/Animations/ANIM_DeerDoe_GetHit.uasset" 474
"E:/CardExplorer/Content/AnimalVarietyPack/DeerStagAndDoe/Animations/ANIM_DeerDoe_GoToRest.uasset" 475
"E:/CardExplorer/Content/AnimalVarietyPack/DeerStagAndDoe/Animations/ANIM_DeerDoe_GrazeOnce.uasset" 476
"E:/CardExplorer/Content/AnimalVarietyPack/DeerStagAndDoe/Animations/ANIM_DeerDoe_IdleBreathe.uasset" 477
"E:/CardExplorer/Content/AnimalVarietyPack/DeerStagAndDoe/Animations/ANIM_DeerDoe_IdleChew.uasset" 478
"E:/CardExplorer/Content/AnimalVarietyPack/DeerStagAndDoe/Animations/ANIM_DeerDoe_IdleGraze.uasset" 479
"E:/CardExplorer/Content/AnimalVarietyPack/DeerStagAndDoe/Animations/ANIM_DeerDoe_IdleLookAround.uasset" 480
"E:/CardExplorer/Content/AnimalVarietyPack/DeerStagAndDoe/Animations/ANIM_DeerDoe_IdleRest.uasset" 481
"E:/CardExplorer/Content/AnimalVarietyPack/DeerStagAndDoe/Animations/ANIM_DeerDoe_IdleSleep.uasset" 482
"E:/CardExplorer/Content/AnimalVarietyPack/DeerStagAndDoe/Animations/ANIM_DeerDoe_RestToGoBackUp.uasset" 483
"E:/CardExplorer/Content/AnimalVarietyPack/DeerStagAndDoe/Animations/ANIM_DeerDoe_Run.uasset" 484
"E:/CardExplorer/Content/AnimalVarietyPack/DeerStagAndDoe/Animations/ANIM_DeerDoe_Run_RM.uasset" 485
"E:/CardExplorer/Content/AnimalVarietyPack/DeerStagAndDoe/Animations/ANIM_DeerDoe_SleepToGoBackUp.uasset" 486
"E:/CardExplorer/Content/AnimalVarietyPack/DeerStagAndDoe/Animations/ANIM_DeerDoe_Walk.uasset" 487
"E:/CardExplorer/Content/AnimalVarietyPack/DeerStagAndDoe/Animations/ANIM_DeerDoe_Walk_RM.uasset" 488
"E:/CardExplorer/Content/AnimalVarietyPack/DeerStagAndDoe/Animations/ANIM_DeerDoe_WalkGraze.uasset" 489
"E:/CardExplorer/Content/AnimalVarietyPack/DeerStagAndDoe/Animations/ANIM_DeerDoe_WalkGraze_RM.uasset" 490
"E:/CardExplorer/Content/AnimalVarietyPack/DeerStagAndDoe/Animations/ANIM_DeerDoe_WalkTurnL.uasset" 491
"E:/CardExplorer/Content/AnimalVarietyPack/DeerStagAndDoe/Animations/ANIM_DeerDoe_WalkTurnL_RM.uasset" 492
"E:/CardExplorer/Content/AnimalVarietyPack/DeerStagAndDoe/Animations/ANIM_DeerDoe_WalkTurnR.uasset" 493
"E:/CardExplorer/Content/AnimalVarietyPack/DeerStagAndDoe/Animations/ANIM_DeerDoe_WalkTurnR_RM.uasset" 494
"E:/CardExplorer/Content/AnimalVarietyPack/DeerStagAndDoe/Animations/ANIM_DeerStag_AntlersAttack.uasset" 495
"E:/CardExplorer/Content/AnimalVarietyPack/DeerStagAndDoe/Animations/ANIM_DeerStag_AntlersComboAttack.uasset" 496
"E:/CardExplorer/Content/AnimalVarietyPack/DeerStagAndDoe/Animations/ANIM_DeerStag_AntlersComboAttack_RM.uasset" 497
"E:/CardExplorer/Content/AnimalVarietyPack/DeerStagAndDoe/Animations/ANIM_DeerStag_Death.uasset" 498
"E:/CardExplorer/Content/AnimalVarietyPack/DeerStagAndDoe/Animations/ANIM_DeerStag_GetHit.uasset" 499
"E:/CardExplorer/Content/AnimalVarietyPack/DeerStagAndDoe/Animations/ANIM_DeerStag_IdleBreathe.uasset" 500
"E:/CardExplorer/Content/AnimalVarietyPack/DeerStagAndDoe/Animations/ANIM_DeerStag_IdleLookAround.uasset" 501
"E:/CardExplorer/Content/AnimalVarietyPack/DeerStagAndDoe/Animations/ANIM_DeerStag_Run.uasset" 502
"E:/CardExplorer/Content/AnimalVarietyPack/DeerStagAndDoe/Animations/ANIM_DeerStag_Run_RM.uasset" 503
"E:/CardExplorer/Content/AnimalVarietyPack/DeerStagAndDoe/Animations/ANIM_DeerStag_Walk.uasset" 504
"E:/CardExplorer/Content/AnimalVarietyPack/DeerStagAndDoe/Animations/ANIM_DeerStag_Walk_RM.uasset" 505
"E:/CardExplorer/Content/AnimalVarietyPack/DeerStagAndDoe/Maps/Overview_BuiltData.uasset" 506
"E:/CardExplorer/Content/AnimalVarietyPack/DeerStagAndDoe/Textures/T_DeeDoe_BaseColor.uasset" 507
"E:/CardExplorer/Content/AnimalVarietyPack/DeerStagAndDoe/Textures/T_DeeDoe_Nml.uasset" 508
"E:/CardExplorer/Content/AnimalVarietyPack/DeerStagAndDoe/Textures/T_DeerDoe_OcclusionRoughnessMetallic.uasset" 509
"E:/CardExplorer/Content/AnimalVarietyPack/DeerStagAndDoe/Textures/T_Stag_Specular.uasset" 510
"E:/CardExplorer/Content/AnimalVarietyPack/DeerStagAndDoe/Materials/M_DeerDoe.uasset" 511
"E:/CardExplorer/Content/AnimalVarietyPack/DeerStagAndDoe/Materials/M_DeerDoeFur.uasset" 512
"E:/CardExplorer/Content/AnimalVarietyPack/DeerStagAndDoe/Meshes/SK_DeerDoe_PhysicsAsset.uasset" 513
"E:/CardExplorer/Content/AnimalVarietyPack/DeerStagAndDoe/Meshes/SK_DeerDoe.uasset" 514
"E:/CardExplorer/Content/AnimalVarietyPack/DeerStagAndDoe/Textures/T_Stag_BaseColor.uasset" 515
"E:/CardExplorer/Content/AnimalVarietyPack/DeerStagAndDoe/Textures/T_Stag_Nml.uasset" 516
"E:/CardExplorer/Content/AnimalVarietyPack/DeerStagAndDoe/Textures/T_Stag_OcclusionRoughnessMetllic.uasset" 517
"E:/CardExplorer/Content/AnimalVarietyPack/DeerStagAndDoe/Materials/M_DeerStag.uasset" 518
"E:/CardExplorer/Content/AnimalVarietyPack/DeerStagAndDoe/Materials/M_DeerStagFur.uasset" 519
"E:/CardExplorer/Content/AnimalVarietyPack/DeerStagAndDoe/Meshes/SK_DeerStag_PhysicsAsset.uasset" 520
"E:/CardExplorer/Content/AnimalVarietyPack/DeerStagAndDoe/Meshes/SK_DeerStag.uasset" 521
"E:/CardExplorer/Content/AnimalVarietyPack/DeerStagAndDoe/Maps/Overview.umap" 522
"E:/CardExplorer/Content/AnimalVarietyPack/Fox/Animations/ANIM_Fox_Bite.uasset" 523
"E:/CardExplorer/Content/AnimalVarietyPack/Fox/Animations/ANIM_Fox_Death.uasset" 524
"E:/CardExplorer/Content/AnimalVarietyPack/Fox/Animations/ANIM_Fox_GetHitFront.uasset" 525
"E:/CardExplorer/Content/AnimalVarietyPack/Fox/Animations/ANIM_Fox_GetHitLeft.uasset" 526
"E:/CardExplorer/Content/AnimalVarietyPack/Fox/Animations/ANIM_Fox_GetHitRight.uasset" 527
"E:/CardExplorer/Content/AnimalVarietyPack/Fox/Animations/ANIM_Fox_IdleAggressive.uasset" 528
"E:/CardExplorer/Content/AnimalVarietyPack/Fox/Animations/ANIM_Fox_IdleBreathe.uasset" 529
"E:/CardExplorer/Content/AnimalVarietyPack/Fox/Animations/ANIM_Fox_IdleLookAround.uasset" 530
"E:/CardExplorer/Content/AnimalVarietyPack/Fox/Animations/ANIM_Fox_JumpBite.uasset" 531
"E:/CardExplorer/Content/AnimalVarietyPack/Fox/Animations/ANIM_Fox_JumpBite_RM.uasset" 532
"E:/CardExplorer/Content/AnimalVarietyPack/Fox/Animations/ANIM_Fox_Run.uasset" 533
"E:/CardExplorer/Content/AnimalVarietyPack/Fox/Animations/ANIM_Fox_Run_RM.uasset" 534
"E:/CardExplorer/Content/AnimalVarietyPack/Fox/Animations/ANIM_Fox_RunBite.uasset" 535
"E:/CardExplorer/Content/AnimalVarietyPack/Fox/Animations/ANIM_Fox_RunBite_RM.uasset" 536
"E:/CardExplorer/Content/AnimalVarietyPack/Fox/Animations/ANIM_Fox_Walk.uasset" 537
"E:/CardExplorer/Content/AnimalVarietyPack/Fox/Animations/ANIM_Fox_Walk_RM.uasset" 538
"E:/CardExplorer/Content/AnimalVarietyPack/Fox/Maps/Overview_BuiltData.uasset" 539
"E:/CardExplorer/Content/AnimalVarietyPack/Fox/Textures/T_Fox_BaseColor.uasset" 540
"E:/CardExplorer/Content/AnimalVarietyPack/Fox/Textures/T_Fox_Nml.uasset" 541
"E:/CardExplorer/Content/AnimalVarietyPack/Fox/Textures/T_Fox_OcclusionRoughnessMetallic.uasset" 542
"E:/CardExplorer/Content/AnimalVarietyPack/Fox/Textures/T_Fox_Specular.uasset" 543
"E:/CardExplorer/Content/AnimalVarietyPack/Fox/Materials/M_Fox.uasset" 544
"E:/CardExplorer/Content/AnimalVarietyPack/Fox/Materials/M_FoxFur.uasset" 545
"E:/CardExplorer/Content/AnimalVarietyPack/Fox/Meshes/SK_Fox_PhysicsAsset.uasset" 546
"E:/CardExplorer/Content/AnimalVarietyPack/Fox/Meshes/SK_Fox.uasset" 547
"E:/CardExplorer/Content/AnimalVarietyPack/Fox/Maps/Overview.umap" 548
"E:/CardExplorer/Content/AnimalVarietyPack/Pig/Animations/ANIM_Pig_attack.uasset" 549
"E:/CardExplorer/Content/AnimalVarietyPack/Pig/Animations/ANIM_Pig_Chew.uasset" 550
"E:/CardExplorer/Content/AnimalVarietyPack/Pig/Animations/ANIM_Pig_ComboAttackForward.uasset" 551
"E:/CardExplorer/Content/AnimalVarietyPack/Pig/Animations/ANIM_Pig_ComboAttackForward_RM.uasset" 552
"E:/CardExplorer/Content/AnimalVarietyPack/Pig/Animations/ANIM_Pig_Death.uasset" 553
"E:/CardExplorer/Content/AnimalVarietyPack/Pig/Animations/ANIM_Pig_GetHit.uasset" 554
"E:/CardExplorer/Content/AnimalVarietyPack/Pig/Animations/ANIM_Pig_IdleBreathe.uasset" 555
"E:/CardExplorer/Content/AnimalVarietyPack/Pig/Animations/ANIM_Pig_IdleLookAround.uasset" 556
"E:/CardExplorer/Content/AnimalVarietyPack/Pig/Animations/ANIM_Pig_Run.uasset" 557
"E:/CardExplorer/Content/AnimalVarietyPack/Pig/Animations/ANIM_Pig_Run_RM.uasset" 558
"E:/CardExplorer/Content/AnimalVarietyPack/Pig/Animations/ANIM_Pig_SniffleforFood.uasset" 559
"E:/CardExplorer/Content/AnimalVarietyPack/Pig/Animations/ANIM_Pig_Walk.uasset" 560
"E:/CardExplorer/Content/AnimalVarietyPack/Pig/Animations/ANIM_Pig_Walk_RM.uasset" 561
"E:/CardExplorer/Content/AnimalVarietyPack/Pig/Maps/Overview_BuiltData.uasset" 562
"E:/CardExplorer/Content/AnimalVarietyPack/Pig/Textures/T_Pig_Specular.uasset" 563
"E:/CardExplorer/Content/AnimalVarietyPack/Pig/Textures/T_PigDirty_BaseColor.uasset" 564
"E:/CardExplorer/Content/AnimalVarietyPack/Pig/Textures/T_PigDirty_Nml.uasset" 565
"E:/CardExplorer/Content/AnimalVarietyPack/Pig/Textures/T_PigDirty_OcclusionRoughnessMetallic.uasset" 566
"E:/CardExplorer/Content/AnimalVarietyPack/Pig/Materials/M_PigDirty.uasset" 567
"E:/CardExplorer/Content/AnimalVarietyPack/Pig/Materials/M_PigHairDirty.uasset" 568
"E:/CardExplorer/Content/AnimalVarietyPack/Pig/Textures/T_Pig_BaseColor.uasset" 569
"E:/CardExplorer/Content/AnimalVarietyPack/Pig/Textures/T_Pig_Nml.uasset" 570
"E:/CardExplorer/Content/AnimalVarietyPack/Pig/Textures/T_Pig_OcclusionRoughnessMetallic.uasset" 571
"E:/CardExplorer/Content/AnimalVarietyPack/Pig/Materials/M_Pig.uasset" 572
"E:/CardExplorer/Content/AnimalVarietyPack/Pig/Materials/M_PigHair.uasset" 573
"E:/CardExplorer/Content/AnimalVarietyPack/Pig/Meshes/SK_Pig_PhysicsAsset.uasset" 574
"E:/CardExplorer/Content/AnimalVarietyPack/Pig/Meshes/SK_Pig.uasset" 575
"E:/CardExplorer/Content/AnimalVarietyPack/Pig/Maps/Overview.umap" 576
"E:/CardExplorer/Content/AnimalVarietyPack/Wolf/Animations/ANIM_Wolf_Bite.uasset" 577
"E:/CardExplorer/Content/AnimalVarietyPack/Wolf/Animations/ANIM_Wolf_Death.uasset" 578
"E:/CardExplorer/Content/AnimalVarietyPack/Wolf/Animations/ANIM_Wolf_GetHitFront.uasset" 579
"E:/CardExplorer/Content/AnimalVarietyPack/Wolf/Animations/ANIM_Wolf_GetHitLeft.uasset" 580
"E:/CardExplorer/Content/AnimalVarietyPack/Wolf/Animations/ANIM_Wolf_GetHitRight.uasset" 581
"E:/CardExplorer/Content/AnimalVarietyPack/Wolf/Animations/ANIM_Wolf_Howl.uasset" 582
"E:/CardExplorer/Content/AnimalVarietyPack/Wolf/Animations/ANIM_Wolf_IdleAggressive.uasset" 583
"E:/CardExplorer/Content/AnimalVarietyPack/Wolf/Animations/ANIM_Wolf_IdleBreathe.uasset" 584
"E:/CardExplorer/Content/AnimalVarietyPack/Wolf/Animations/ANIM_Wolf_IdleLookAround.uasset" 585
"E:/CardExplorer/Content/AnimalVarietyPack/Wolf/Animations/ANIM_Wolf_JumpBite.uasset" 586
"E:/CardExplorer/Content/AnimalVarietyPack/Wolf/Animations/ANIM_Wolf_JumpBite_RM.uasset" 587
"E:/CardExplorer/Content/AnimalVarietyPack/Wolf/Animations/ANIM_Wolf_Run.uasset" 588
"E:/CardExplorer/Content/AnimalVarietyPack/Wolf/Animations/ANIM_Wolf_Run_RM.uasset" 589
"E:/CardExplorer/Content/AnimalVarietyPack/Wolf/Animations/ANIM_Wolf_RunBite.uasset" 590
"E:/CardExplorer/Content/AnimalVarietyPack/Wolf/Animations/ANIM_Wolf_RunBite_RM.uasset" 591
"E:/CardExplorer/Content/AnimalVarietyPack/Wolf/Animations/ANIM_Wolf_Walk.uasset" 592
"E:/CardExplorer/Content/AnimalVarietyPack/Wolf/Animations/ANIM_Wolf_Walk_RM.uasset" 593
"E:/CardExplorer/Content/AnimalVarietyPack/Wolf/Maps/Overview_BuiltData.uasset" 594
"E:/CardExplorer/Content/AnimalVarietyPack/Wolf/Textures/T_Wolf_Nml.uasset" 595
"E:/CardExplorer/Content/AnimalVarietyPack/Wolf/Textures/T_Wolf_OcclusionRoughnessMetallic.uasset" 596
"E:/CardExplorer/Content/AnimalVarietyPack/Wolf/Textures/T_Wolf_Specular.uasset" 597
"E:/CardExplorer/Content/AnimalVarietyPack/Wolf/Textures/T_WolfArctic_BaseColorAlpha.uasset" 598
"E:/CardExplorer/Content/AnimalVarietyPack/Wolf/Materials/M_WolfArctic.uasset" 599
"E:/CardExplorer/Content/AnimalVarietyPack/Wolf/Textures/T_WolfDark_BaseColorAlpha.uasset" 600
"E:/CardExplorer/Content/AnimalVarietyPack/Wolf/Textures/T_WolfDark_Illum.uasset" 601
"E:/CardExplorer/Content/AnimalVarietyPack/Wolf/Materials/M_WolfDark.uasset" 602
"E:/CardExplorer/Content/AnimalVarietyPack/Wolf/Materials/M_WolfFurArctic.uasset" 603
"E:/CardExplorer/Content/AnimalVarietyPack/Wolf/Materials/M_WolfFurDark.uasset" 604
"E:/CardExplorer/Content/AnimalVarietyPack/Wolf/Textures/T_Wolf_BaseColorAlpha.uasset" 605
"E:/CardExplorer/Content/AnimalVarietyPack/Wolf/Materials/M_Wolf.uasset" 606
"E:/CardExplorer/Content/AnimalVarietyPack/Wolf/Materials/M_WolfFur.uasset" 607
"E:/CardExplorer/Content/AnimalVarietyPack/Wolf/Meshes/SK_Wolf_PhysicsAsset.uasset" 608
"E:/CardExplorer/Content/AnimalVarietyPack/Wolf/Meshes/SK_Wolf.uasset" 609
"E:/CardExplorer/Content/AnimalVarietyPack/Wolf/Maps/Overview.umap" 610
"E:/CardExplorer/Content/UI/enemies/Floating_HB.uasset" 611
"E:/CardExplorer/Content/enemies/BP_master_enemie.uasset" 612
"E:/CardExplorer/Content/AnimalVarietyPack/Wolf/Animations/wolf_ABP.uasset" 613
"E:/CardExplorer/Content/enemies/BP_Wolf.uasset" 614
"E:/CardExplorer/Content/UI/cards/Card_Drag.uasset" 615
"E:/CardExplorer/Content/assets/cards/card_background.uasset" 616
"E:/CardExplorer/Content/assets/cards/cards_images/healtPotion.uasset" 617
"E:/CardExplorer/Content/Blueprints/Cards/Card_Costs_E.uasset" 618
"E:/CardExplorer/Content/Blueprints/Cards/Card_Effect_E.uasset" 619
"E:/CardExplorer/Content/Blueprints/Player/PlayerStats.uasset" 620
"E:/CardExplorer/Content/UI/cards/card_WB.uasset" 621
"E:/CardExplorer/Content/Blueprints/Cards/Card_data_S.uasset" 622
"E:/CardExplorer/Content/assets/cards/cards_images/slash.uasset" 623
"E:/CardExplorer/Content/assets/cards/cards_images/vigorMushroom.uasset" 624
"E:/CardExplorer/Content/Blueprints/Cards/Card_Bank_DT.uasset" 625
"E:/CardExplorer/Content/UI/cards/card_DeckBuilder_WB.uasset" 626
"E:/CardExplorer/Content/UI/cards/Card_display_Big_WB.uasset" 627
"E:/CardExplorer/Content/UI/game/DeckBuilder_WB.uasset" 628
"E:/CardExplorer/Content/assets/cards/Card_Back.uasset" 629
"E:/CardExplorer/Content/UI/game/main_exploration_UI.uasset" 630
"E:/CardExplorer/Content/TEST_PC.uasset" 631
"E:/CardExplorer/Content/UI/game/PlayerLose.uasset" 632
"E:/CardExplorer/Content/UI/game/PlayerWin.uasset" 633
"E:/CardExplorer/Content/TEST_GM.uasset" 634
"E:/CardExplorer/Content/MobileStarterContent/Maps/Minimal_Default_BuiltData.uasset" 635
"E:/CardExplorer/Content/Materials/Landscape/Textures/mixedmoss-albedo2.uasset" 636
"E:/CardExplorer/Content/Materials/Landscape/M_BasicForestGround.uasset" 637
"../../../Engine/Content/BasicShapes/Cube.uasset" 638
"E:/CardExplorer/Content/MobileStarterContent/Maps/Minimal_Default.umap" 639
"../../../Engine/Content/Maps/Entry_BuiltData.uasset" 640
"../../../Engine/Content/Maps/Entry.umap" 641
