"E:/CardExplorer/Content/AdvancedMagicFX13/Textures/T_ky_flare_a.uasset" 0
"E:/CardExplorer/Content/AdvancedMagicFX13/Materials/M_ky_flare_flash.uasset" 1
"../../../Engine/Content/Functions/Engine_MaterialFunctions02/Texturing/ScreenAlignedPixelToPixelUVs.uasset" 2
"../../../Engine/Content/EngineMaterials/Good64x64TilingNoiseHighFreq.uasset" 3
"../../../Engine/Content/Functions/Engine_MaterialFunctions02/Utility/DitherTemporalAA.uasset" 4
"E:/CardExplorer/Content/AdvancedMagicFX13/Textures/T_ky_stone02_2x2.uasset" 5
"E:/CardExplorer/Content/AdvancedMagicFX13/Materials/M_ky_stone02.uasset" 6
"../../../Engine/Content/Functions/Engine_MaterialFunctions01/Gradient/LinearGradient.uasset" 7
"../../../Engine/Content/EngineResources/DefaultTexture.uasset" 8
"E:/CardExplorer/Content/AdvancedMagicFX13/Textures/T_ky_maskRGB3.uasset" 9
"E:/CardExplorer/Content/AdvancedMagicFX13/Materials/Mfunction/MF_ky_addHilight.uasset" 10
"E:/CardExplorer/Content/AdvancedMagicFX13/Textures/T_ky_noise16.uasset" 11
"E:/CardExplorer/Content/AdvancedMagicFX13/Textures/T_ky_noise4.uasset" 12
"E:/CardExplorer/Content/AdvancedMagicFX13/Materials/M_ky_tornado01.uasset" 13
"E:/CardExplorer/Content/AdvancedMagicFX13/Materials/M_ky_vortex03.uasset" 14
"../../../Engine/Content/Functions/Engine_MaterialFunctions01/Density/ExponentialDensity.uasset" 15
"../../../Engine/Content/Functions/Engine_MaterialFunctions01/Gradient/RadialGradientExponential.uasset" 16
"E:/CardExplorer/Content/AdvancedMagicFX13/Textures/T_ky_dist_noise.uasset" 17
"E:/CardExplorer/Content/AdvancedMagicFX13/Textures/T_ky_smoke_kai.uasset" 18
"E:/CardExplorer/Content/AdvancedMagicFX13/Materials/M_ky_base_turbulence.uasset" 19
"E:/CardExplorer/Content/AdvancedMagicFX13/Materials/MI_ky_turbulence_smoke2d_trs.uasset" 20
"E:/CardExplorer/Content/AdvancedMagicFX13/Textures/T_ky_vortex04_4x4.uasset" 21
"E:/CardExplorer/Content/AdvancedMagicFX13/Materials/M_ky_vortex04_4x4.uasset" 22
"E:/CardExplorer/Content/AdvancedMagicFX13/Materials/MI_ky_vortex04B_4x4_two.uasset" 23
"../../../Engine/Content/Functions/Engine_MaterialFunctions01/Opacity/CameraDepthFade.uasset" 24
"../../../Engine/Content/EngineMaterials/T_Default_Material_Grid_M.uasset" 25
"../../../Engine/Content/EngineMaterials/T_Default_Material_Grid_N.uasset" 26
"../../../Engine/Content/EngineMaterials/WorldGridMaterial.uasset" 27
"E:/CardExplorer/Content/AdvancedMagicFX13/Meshes/SM_ky_circleDist06.uasset" 28
"E:/CardExplorer/Content/AdvancedMagicFX13/Meshes/SM_ky_quad_centerRot.uasset" 29
"E:/CardExplorer/Content/AdvancedMagicFX13/Meshes/SM_ky_tornado06.uasset" 30
"E:/CardExplorer/Content/AdvancedMagicFX13/Meshes/SM_ky_tornado06_back.uasset" 31
"E:/CardExplorer/Content/AdvancedMagicFX13/Particles/P_ky_storm.uasset" 32
"E:/CardExplorer/Content/AdvancedMagicFX13/Blueprints/BP_ky_storm.uasset" 33
"E:/CardExplorer/Content/AdvancedMagicFX13/Materials/M_ky_empty.uasset" 34
"E:/CardExplorer/Content/AdvancedMagicFX13/Materials/MI_ky_tornado01_aqua.uasset" 35
"E:/CardExplorer/Content/AdvancedMagicFX13/Textures/T_ky_noise5.uasset" 36
"E:/CardExplorer/Content/AdvancedMagicFX13/Textures/T_ky_noise6.uasset" 37
"E:/CardExplorer/Content/AdvancedMagicFX13/Textures/T_ky_wave_nor.uasset" 38
"E:/CardExplorer/Content/AdvancedMagicFX13/Materials/M_ky_waterDust.uasset" 39
"E:/CardExplorer/Content/AdvancedMagicFX13/Materials/MI_ky_waterDust.uasset" 40
"E:/CardExplorer/Content/AdvancedMagicFX13/Particles/P_ky_aquaStorm.uasset" 41
"E:/CardExplorer/Content/AdvancedMagicFX13/Blueprints/BP_ky_aquaStorm.uasset" 42
"E:/CardExplorer/Content/AdvancedMagicFX13/Textures/T_ky_dust01.uasset" 43
"E:/CardExplorer/Content/AdvancedMagicFX13/Textures/T_ky_noise13_sml_nor.uasset" 44
"E:/CardExplorer/Content/AdvancedMagicFX13/Materials/M_ky_dust01.uasset" 45
"E:/CardExplorer/Content/AdvancedMagicFX13/Textures/T_ky_fire01.uasset" 46
"E:/CardExplorer/Content/AdvancedMagicFX13/Materials/M_ky_fire03b2.uasset" 47
"E:/CardExplorer/Content/AdvancedMagicFX13/Materials/MI_ky_flare_flash_trs.uasset" 48
"E:/CardExplorer/Content/AdvancedMagicFX13/Meshes/SM_ky_windSmoke.uasset" 49
"E:/CardExplorer/Content/AdvancedMagicFX13/Particles/P_ky_auroraAura.uasset" 50
"E:/CardExplorer/Content/AdvancedMagicFX13/Blueprints/BP_ky_auroraAura.uasset" 51
"../../../Engine/Content/Functions/Engine_MaterialFunctions02/Utility/Sine_Remapped.uasset" 52
"E:/CardExplorer/Content/AdvancedMagicFX13/Materials/M_ky_circle04.uasset" 53
"E:/CardExplorer/Content/AdvancedMagicFX13/Materials/M_ky_fire03b.uasset" 54
"E:/CardExplorer/Content/AdvancedMagicFX13/Materials/MI_ky_fire03b.uasset" 55
"E:/CardExplorer/Content/AdvancedMagicFX13/Meshes/SM_ky_circle_inv.uasset" 56
"E:/CardExplorer/Content/AdvancedMagicFX13/Meshes/SM_ky_sphere.uasset" 57
"E:/CardExplorer/Content/AdvancedMagicFX13/Particles/P_ky_gaither.uasset" 58
"E:/CardExplorer/Content/AdvancedMagicFX13/Blueprints/BP_ky_gaither.uasset" 59
"E:/CardExplorer/Content/AdvancedMagicFX13/Textures/T_ky_deco_doom.uasset" 60
"E:/CardExplorer/Content/AdvancedMagicFX13/Materials/M_ky_aura9.uasset" 61
"E:/CardExplorer/Content/AdvancedMagicFX13/Textures/T_ky_dust02.uasset" 62
"E:/CardExplorer/Content/AdvancedMagicFX13/Textures/T_ky_flareVertical02.uasset" 63
"E:/CardExplorer/Content/AdvancedMagicFX13/Materials/M_ky_dust02.uasset" 64
"E:/CardExplorer/Content/AdvancedMagicFX13/Materials/M_ky_flare01_primitive.uasset" 65
"E:/CardExplorer/Content/AdvancedMagicFX13/Materials/MI_ky_flareVertical02.uasset" 66
"../../../Engine/Content/Functions/Engine_MaterialFunctions02/Fresnel_Function.uasset" 67
"E:/CardExplorer/Content/AdvancedMagicFX13/Materials/M_ky_primitive.uasset" 68
"E:/CardExplorer/Content/AdvancedMagicFX13/Materials/MI_ky_primitive2_trs.uasset" 69
"E:/CardExplorer/Content/AdvancedMagicFX13/Meshes/SM_ky_circleDist5.uasset" 70
"E:/CardExplorer/Content/AdvancedMagicFX13/Particles/P_ky_burst.uasset" 71
"E:/CardExplorer/Content/AdvancedMagicFX13/Blueprints/BP_ky_burst.uasset" 72
"E:/CardExplorer/Content/AdvancedMagicFX13/Textures/T_ky_lensFlare01.uasset" 73
"E:/CardExplorer/Content/AdvancedMagicFX13/Materials/M_ky_lensFlare02.uasset" 74
"E:/CardExplorer/Content/AdvancedMagicFX13/Materials/Mfunction/MF_ky_VectorToRadialValue.uasset" 75
"E:/CardExplorer/Content/AdvancedMagicFX13/Textures/T_ky_deco_rainbow.uasset" 76
"E:/CardExplorer/Content/AdvancedMagicFX13/Textures/T_ky_decoLinesB_sml.uasset" 77
"E:/CardExplorer/Content/AdvancedMagicFX13/Materials/M_ky_polarGlow02.uasset" 78
"E:/CardExplorer/Content/AdvancedMagicFX13/Materials/M_ky_primitive_dyn2.uasset" 79
"E:/CardExplorer/Content/AdvancedMagicFX13/Textures/T_ky_flash01_4x4.uasset" 80
"E:/CardExplorer/Content/AdvancedMagicFX13/Materials/MI_ky_flare01b_primitiveG.uasset" 81
"E:/CardExplorer/Content/AdvancedMagicFX13/Materials/MI_ky_flare01b_primitiveR.uasset" 82
"E:/CardExplorer/Content/AdvancedMagicFX13/Materials/M_ky_primitiveColor.uasset" 83
"E:/CardExplorer/Content/AdvancedMagicFX13/Materials/MI_ky_primitiveColor.uasset" 84
"E:/CardExplorer/Content/AdvancedMagicFX13/Particles/P_ky_flash2.uasset" 85
"E:/CardExplorer/Content/AdvancedMagicFX13/Blueprints/BP_ky_flash2.uasset" 86
"E:/CardExplorer/Content/AdvancedMagicFX13/Materials/MI_ky_flare01b_primitiveB.uasset" 87
"E:/CardExplorer/Content/AdvancedMagicFX13/Textures/T_ky_flare14_4x4.uasset" 88
"E:/CardExplorer/Content/AdvancedMagicFX13/Materials/MI_ky_flare14R.uasset" 89
"E:/CardExplorer/Content/AdvancedMagicFX13/Particles/P_ky_burstBall1.uasset" 90
"E:/CardExplorer/Content/AdvancedMagicFX13/Blueprints/BP_ky_burstBall1.uasset" 91
"E:/CardExplorer/Content/AdvancedMagicFX13/Textures/T_ky_ice02.uasset" 92
"E:/CardExplorer/Content/AdvancedMagicFX13/Textures/T_ky_maskRGB06.uasset" 93
"E:/CardExplorer/Content/AdvancedMagicFX13/Materials/M_ky_polarShockwave2.uasset" 94
"E:/CardExplorer/Content/AdvancedMagicFX13/Materials/MI_ky_flare14B.uasset" 95
"E:/CardExplorer/Content/AdvancedMagicFX13/Textures/T_ky_flare15_4x4.uasset" 96
"E:/CardExplorer/Content/AdvancedMagicFX13/Materials/MI_ky_flare15R.uasset" 97
"E:/CardExplorer/Content/AdvancedMagicFX13/Materials/MI_ky_primitive2c.uasset" 98
"E:/CardExplorer/Content/AdvancedMagicFX13/Particles/P_ky_burstBall2.uasset" 99
"E:/CardExplorer/Content/AdvancedMagicFX13/Blueprints/BP_ky_burstBall2.uasset" 100
"../../../Engine/Content/EngineMaterials/OrientParticle.uasset" 101
"../../../Engine/Content/EngineMaterials/DefaultParticle.uasset" 102
"E:/CardExplorer/Content/AdvancedMagicFX13/Textures/T_ky_decoLinesB.uasset" 103
"E:/CardExplorer/Content/AdvancedMagicFX13/Materials/M_ky_aura18.uasset" 104
"E:/CardExplorer/Content/AdvancedMagicFX13/Materials/M_ky_shockWave05_2.uasset" 105
"E:/CardExplorer/Content/AdvancedMagicFX13/Textures/T_ky_maskRGB5.uasset" 106
"E:/CardExplorer/Content/AdvancedMagicFX13/Textures/T_ky_smoke03.uasset" 107
"E:/CardExplorer/Content/AdvancedMagicFX13/Materials/M_ky_trailGround01_2.uasset" 108
"E:/CardExplorer/Content/AdvancedMagicFX13/Textures/T_ky_noise3.uasset" 109
"E:/CardExplorer/Content/AdvancedMagicFX13/Materials/M_ky_dynDust.uasset" 110
"E:/CardExplorer/Content/AdvancedMagicFX13/Textures/T_ky_smoke2.uasset" 111
"E:/CardExplorer/Content/AdvancedMagicFX13/Materials/MI_ky_dynDust2.uasset" 112
"E:/CardExplorer/Content/AdvancedMagicFX13/Materials/MI_ky_primitive2_trs_nonD.uasset" 113
"E:/CardExplorer/Content/AdvancedMagicFX13/Meshes/SM_ky_cylinderBend03b.uasset" 114
"E:/CardExplorer/Content/AdvancedMagicFX13/Meshes/SM_ky_lansHarf.uasset" 115
"E:/CardExplorer/Content/AdvancedMagicFX13/Particles/P_ky_cross.uasset" 116
"E:/CardExplorer/Content/AdvancedMagicFX13/Blueprints/BP_ky_cross.uasset" 117
"E:/CardExplorer/Content/AdvancedMagicFX13/Textures/T_ky_slash01_4x4.uasset" 118
"E:/CardExplorer/Content/AdvancedMagicFX13/Materials/M_ky_slash01_4x4.uasset" 119
"E:/CardExplorer/Content/AdvancedMagicFX13/Particles/P_ky_cutter1.uasset" 120
"E:/CardExplorer/Content/AdvancedMagicFX13/Materials/M_ky_slash02_4x4.uasset" 121
"E:/CardExplorer/Content/AdvancedMagicFX13/Particles/P_ky_hit_slash.uasset" 122
"E:/CardExplorer/Content/AdvancedMagicFX13/Blueprints/BP_ky_cutter1.uasset" 123
"E:/CardExplorer/Content/AdvancedMagicFX13/Materials/M_ky_trailGround01.uasset" 124
"E:/CardExplorer/Content/AdvancedMagicFX13/Materials/MI_ky_slash01_4x4.uasset" 125
"E:/CardExplorer/Content/AdvancedMagicFX13/Particles/P_ky_cutter2.uasset" 126
"E:/CardExplorer/Content/AdvancedMagicFX13/Blueprints/BP_ky_cutter2.uasset" 127
"E:/CardExplorer/Content/AdvancedMagicFX13/Blueprints/BP_ky_cutter3.uasset" 128
"E:/CardExplorer/Content/AdvancedMagicFX13/Textures/T_ky_smoke1.uasset" 129
"E:/CardExplorer/Content/AdvancedMagicFX13/Materials/M_ky_gaseous03.uasset" 130
"E:/CardExplorer/Content/AdvancedMagicFX13/Materials/M_ky_shockwave08.uasset" 131
"../../../Engine/Content/Functions/Engine_MaterialFunctions01/Gradient/DiamondGradient.uasset" 132
"../../../Engine/Content/EngineMaterials/BlendFunc_DefBase.uasset" 133
"../../../Engine/Content/EngineMaterials/BlendFunc_DefBlend.uasset" 134
"../../../Engine/Content/Functions/Engine_MaterialFunctions03/Blends/Blend_Screen.uasset" 135
"E:/CardExplorer/Content/AdvancedMagicFX13/Textures/T_ky_dust_longStar.uasset" 136
"E:/CardExplorer/Content/AdvancedMagicFX13/Materials/M_ky_starDust.uasset" 137
"E:/CardExplorer/Content/AdvancedMagicFX13/Materials/MI_ky_starDust_sq.uasset" 138
"E:/CardExplorer/Content/AdvancedMagicFX13/Meshes/SM_ky_circle_midpoly.uasset" 139
"E:/CardExplorer/Content/AdvancedMagicFX13/Particles/P_ky_explosion1.uasset" 140
"E:/CardExplorer/Content/AdvancedMagicFX13/Blueprints/BP_ky_explosion1.uasset" 141
"E:/CardExplorer/Content/AdvancedMagicFX13/Materials/MI_ky_gaseous03.uasset" 142
"E:/CardExplorer/Content/AdvancedMagicFX13/Materials/MI_ky_primitive_dynB_nonD.uasset" 143
"E:/CardExplorer/Content/AdvancedMagicFX13/Meshes/SM_ky_circle_lowpoly.uasset" 144
"E:/CardExplorer/Content/AdvancedMagicFX13/Particles/P_ky_explosion2.uasset" 145
"E:/CardExplorer/Content/AdvancedMagicFX13/Blueprints/BP_ky_explosion2.uasset" 146
"E:/CardExplorer/Content/AdvancedMagicFX13/Materials/MI_ky_polarShockwave2_two.uasset" 147
"E:/CardExplorer/Content/AdvancedMagicFX13/Particles/P_ky_explosion3.uasset" 148
"E:/CardExplorer/Content/AdvancedMagicFX13/Blueprints/BP_ky_explosion3.uasset" 149
"E:/CardExplorer/Content/AdvancedMagicFX13/Materials/MI_ky_dynDust.uasset" 150
"E:/CardExplorer/Content/AdvancedMagicFX13/Materials/MI_ky_tornado01_fire.uasset" 151
"E:/CardExplorer/Content/AdvancedMagicFX13/Materials/MI_ky_vortex03_fire.uasset" 152
"E:/CardExplorer/Content/AdvancedMagicFX13/Particles/P_ky_fireStorm.uasset" 153
"E:/CardExplorer/Content/AdvancedMagicFX13/Blueprints/BP_ky_fireStorm.uasset" 154
"E:/CardExplorer/Content/AdvancedMagicFX13/Textures/T_ky_flare01.uasset" 155
"E:/CardExplorer/Content/AdvancedMagicFX13/Materials/MI_ky_flare01_primitiveG.uasset" 156
"E:/CardExplorer/Content/AdvancedMagicFX13/Materials/MI_ky_flare01_primitiveR.uasset" 157
"E:/CardExplorer/Content/AdvancedMagicFX13/Particles/P_ky_flash1.uasset" 158
"E:/CardExplorer/Content/AdvancedMagicFX13/Blueprints/BP_ky_flash1.uasset" 159
"E:/CardExplorer/Content/AdvancedMagicFX13/Materials/M_ky_auraWall.uasset" 160
"E:/CardExplorer/Content/AdvancedMagicFX13/Materials/MI_ky_auraWallB.uasset" 161
"E:/CardExplorer/Content/AdvancedMagicFX13/Materials/MI_ky_flare14G.uasset" 162
"E:/CardExplorer/Content/AdvancedMagicFX13/Materials/MI_ky_starDust_dis.uasset" 163
"E:/CardExplorer/Content/AdvancedMagicFX13/Meshes/SM_ky_cylinder_superLow_inv.uasset" 164
"E:/CardExplorer/Content/AdvancedMagicFX13/Particles/P_ky_heal1.uasset" 165
"E:/CardExplorer/Content/AdvancedMagicFX13/Blueprints/BP_ky_heal1.uasset" 166
"E:/CardExplorer/Content/AdvancedMagicFX13/Materials/M_ky_auraWall02.uasset" 167
"E:/CardExplorer/Content/AdvancedMagicFX13/Materials/MI_ky_primitiveColorB.uasset" 168
"E:/CardExplorer/Content/AdvancedMagicFX13/Meshes/SM_ky_cylinderBend06.uasset" 169
"E:/CardExplorer/Content/AdvancedMagicFX13/Meshes/SM_ky_windLine30.uasset" 170
"E:/CardExplorer/Content/AdvancedMagicFX13/Particles/P_ky_heal2.uasset" 171
"E:/CardExplorer/Content/AdvancedMagicFX13/Blueprints/BP_ky_heal2.uasset" 172
"E:/CardExplorer/Content/AdvancedMagicFX13/Blueprints/BP_ky_hit_slash.uasset" 173
"E:/CardExplorer/Content/AdvancedMagicFX13/Particles/P_ky_impact.uasset" 174
"E:/CardExplorer/Content/AdvancedMagicFX13/Blueprints/BP_ky_impact.uasset" 175
"E:/CardExplorer/Content/AdvancedMagicFX13/Textures/T_ky_gradiation.uasset" 176
"E:/CardExplorer/Content/AdvancedMagicFX13/Materials/M_ky_line.uasset" 177
"E:/CardExplorer/Content/AdvancedMagicFX13/Materials/MI_ky_fire03b_1.uasset" 178
"E:/CardExplorer/Content/AdvancedMagicFX13/Materials/MI_ky_primitive_dynB_two.uasset" 179
"E:/CardExplorer/Content/AdvancedMagicFX13/Meshes/SM_ky_circle_inv2.uasset" 180
"E:/CardExplorer/Content/AdvancedMagicFX13/Meshes/SM_ky_cylinder_lowPoly_dist.uasset" 181
"E:/CardExplorer/Content/AdvancedMagicFX13/Meshes/SM_ky_lans.uasset" 182
"E:/CardExplorer/Content/AdvancedMagicFX13/Meshes/SM_ky_quads.uasset" 183
"E:/CardExplorer/Content/AdvancedMagicFX13/Particles/P_ky_stab.uasset" 184
"E:/CardExplorer/Content/AdvancedMagicFX13/Blueprints/BP_ky_stab.uasset" 185
"E:/CardExplorer/Content/AdvancedMagicFX13/Particles/P_ky_stabShot.uasset" 186
"E:/CardExplorer/Content/AdvancedMagicFX13/Blueprints/BP_ky_stabShot.uasset" 187
"E:/CardExplorer/Content/AdvancedMagicFX13/Materials/MI_ky_flare14R_nonD.uasset" 188
"E:/CardExplorer/Content/AdvancedMagicFX13/Materials/MI_ky_flare14R_two.uasset" 189
"E:/CardExplorer/Content/AdvancedMagicFX13/Materials/MI_ky_primitive_dyn2_two.uasset" 190
"E:/CardExplorer/Content/AdvancedMagicFX13/Particles/P_ky_stabShot2.uasset" 191
"E:/CardExplorer/Content/AdvancedMagicFX13/Blueprints/BP_ky_stabShot2.uasset" 192
"E:/CardExplorer/Content/AdvancedMagicFX13/Materials/M_ky_thunderForBeam.uasset" 193
"E:/CardExplorer/Content/AdvancedMagicFX13/Textures/T_ky_shockWave03_4x4.uasset" 194
"E:/CardExplorer/Content/AdvancedMagicFX13/Materials/M_ky_shockWave03_4x4.uasset" 195
"E:/CardExplorer/Content/AdvancedMagicFX13/Materials/MI_ky_shockWave03g_4x4.uasset" 196
"E:/CardExplorer/Content/AdvancedMagicFX13/Materials/MI_ky_tornado01_thunder.uasset" 197
"E:/CardExplorer/Content/AdvancedMagicFX13/Materials/MI_ky_vortex03_thunder.uasset" 198
"E:/CardExplorer/Content/AdvancedMagicFX13/Particles/P_ky_thunderStorm.uasset" 199
"E:/CardExplorer/Content/AdvancedMagicFX13/Blueprints/BP_ky_thunderStorm.uasset" 200
"E:/CardExplorer/Content/AdvancedMagicFX13/Meshes/SM_ky_auraHousya.uasset" 201
"E:/CardExplorer/Content/AdvancedMagicFX13/Meshes/SM_ky_cylinderBend03.uasset" 202
"E:/CardExplorer/Content/AdvancedMagicFX13/Meshes/SM_ky_rayOffset.uasset" 203
"E:/CardExplorer/Content/AdvancedMagicFX13/Meshes/SM_ky_windSmokeVertRot.uasset" 204
"E:/CardExplorer/Content/AnimalVarietyPack/Fox/Meshes/SK_Fox_Skeleton.uasset" 205
"E:/CardExplorer/Content/AnimalVarietyPack/Fox/Animations/ANIM_Fox_GoToRest.uasset" 206
"E:/CardExplorer/Content/AnimalVarietyPack/Fox/Animations/ANIM_Fox_Resting.uasset" 207
"E:/CardExplorer/Content/AnimalVarietyPack/Fox/Animations/ANIM_Fox_RestToGoBackUp.uasset" 208
"E:/CardExplorer/Content/AnimalVarietyPack/Fox/Animations/ANIM_Fox_RunTurnL.uasset" 209
"E:/CardExplorer/Content/AnimalVarietyPack/Fox/Animations/ANIM_Fox_RunTurnL_RM.uasset" 210
"E:/CardExplorer/Content/AnimalVarietyPack/Fox/Animations/ANIM_Fox_RunTurnR.uasset" 211
"E:/CardExplorer/Content/AnimalVarietyPack/Fox/Animations/ANIM_Fox_RunTurnR_RM.uasset" 212
"E:/CardExplorer/Content/AnimalVarietyPack/Fox/Animations/ANIM_Fox_Sleeping.uasset" 213
"E:/CardExplorer/Content/AnimalVarietyPack/Fox/Animations/ANIM_Fox_WalkTurnL.uasset" 214
"E:/CardExplorer/Content/AnimalVarietyPack/Fox/Animations/ANIM_Fox_WalkTurnL_RM.uasset" 215
"E:/CardExplorer/Content/AnimalVarietyPack/Fox/Animations/ANIM_Fox_WalkTurnR.uasset" 216
"E:/CardExplorer/Content/AnimalVarietyPack/Fox/Animations/ANIM_Fox_WalkTurnR_RM.uasset" 217
"E:/CardExplorer/Content/AnimalVarietyPack/Wolf/Meshes/SK_Wolf_Skeleton.uasset" 218
"E:/CardExplorer/Content/AnimalVarietyPack/Wolf/Animations/ANIM_Wolf_GoToRest.uasset" 219
"E:/CardExplorer/Content/AnimalVarietyPack/Wolf/Animations/ANIM_Wolf_Rest.uasset" 220
"E:/CardExplorer/Content/AnimalVarietyPack/Wolf/Animations/ANIM_Wolf_RestToGoBackUp.uasset" 221
"E:/CardExplorer/Content/AnimalVarietyPack/Wolf/Animations/ANIM_Wolf_RunTurnL.uasset" 222
"E:/CardExplorer/Content/AnimalVarietyPack/Wolf/Animations/ANIM_Wolf_RunTurnL_RM.uasset" 223
"E:/CardExplorer/Content/AnimalVarietyPack/Wolf/Animations/ANIM_Wolf_RunTurnR.uasset" 224
"E:/CardExplorer/Content/AnimalVarietyPack/Wolf/Animations/ANIM_Wolf_RunTurnR_RM.uasset" 225
"E:/CardExplorer/Content/AnimalVarietyPack/Wolf/Animations/ANIM_Wolf_Sleep.uasset" 226
"E:/CardExplorer/Content/AnimalVarietyPack/Wolf/Animations/ANIM_Wolf_WalkTurnL.uasset" 227
"E:/CardExplorer/Content/AnimalVarietyPack/Wolf/Animations/ANIM_Wolf_WalkTurnL_RM.uasset" 228
"E:/CardExplorer/Content/AnimalVarietyPack/Wolf/Animations/ANIM_Wolf_WalkTurnR.uasset" 229
"E:/CardExplorer/Content/AnimalVarietyPack/Wolf/Animations/ANIM_Wolf_WalkTurnR_RM.uasset" 230
"E:/CardExplorer/Content/assets/cards/cards_images/posionArrow.uasset" 231
"E:/CardExplorer/Content/QuadrapedCreatures/Barghest/Meshes/BARGHEST_Skeleton.uasset" 232
"E:/CardExplorer/Content/QuadrapedCreatures/Barghest/Animations/BARGHEST_biteAggressive.uasset" 233
"E:/CardExplorer/Content/QuadrapedCreatures/Barghest/Animations/BARGHEST_deathAggressive.uasset" 234
"E:/CardExplorer/Content/QuadrapedCreatures/Barghest/Animations/BARGHEST_getHitAggressive.uasset" 235
"E:/CardExplorer/Content/QuadrapedCreatures/Barghest/Animations/BARGHEST_idleAggressive.uasset" 236
"E:/CardExplorer/Content/UI/enemies/Floating_HB.uasset" 237
"E:/CardExplorer/Content/assets/Gameplay/marker.uasset" 238
"E:/CardExplorer/Content/UI/enemies/Marker_WB.uasset" 239
"E:/CardExplorer/Content/UI/enemies/Damage_WB.uasset" 240
"E:/CardExplorer/Content/Blueprints/enemies/BP_master_enemy.uasset" 241
"E:/CardExplorer/Content/QuadrapedCreatures/Barghest/Animations/BARGHEST_ABP.uasset" 242
"E:/CardExplorer/Content/QuadrapedCreatures/Barghest/Textures/BARGHEST_BaseColor.uasset" 243
"E:/CardExplorer/Content/QuadrapedCreatures/Barghest/Textures/BARGHEST_ILLUM.uasset" 244
"E:/CardExplorer/Content/QuadrapedCreatures/Barghest/Textures/BARGHEST_NRM_2_Yinv.uasset" 245
"E:/CardExplorer/Content/QuadrapedCreatures/Barghest/Textures/BARGHEST_RoughnessSpecularMetallicAO.uasset" 246
"E:/CardExplorer/Content/QuadrapedCreatures/Barghest/Materials/M_BARGHEST.uasset" 247
"E:/CardExplorer/Content/QuadrapedCreatures/Barghest/Meshes/BARGHEST_PhysicsAsset.uasset" 248
"E:/CardExplorer/Content/QuadrapedCreatures/Barghest/Meshes/SK_BARGHEST.uasset" 249
"E:/CardExplorer/Content/Blueprints/enemies/BP_barghest.uasset" 250
"E:/CardExplorer/Content/Blueprints/enemies/BP_BOSS_Wolf.uasset" 251
"E:/CardExplorer/Content/AnimalVarietyPack/Fox/Textures/T_Fox_BaseColor.uasset" 252
"E:/CardExplorer/Content/AnimalVarietyPack/Fox/Textures/T_Fox_Nml.uasset" 253
"E:/CardExplorer/Content/AnimalVarietyPack/Fox/Textures/T_Fox_OcclusionRoughnessMetallic.uasset" 254
"E:/CardExplorer/Content/AnimalVarietyPack/Fox/Textures/T_Fox_Specular.uasset" 255
"E:/CardExplorer/Content/AnimalVarietyPack/Fox/Materials/M_Fox.uasset" 256
"E:/CardExplorer/Content/AnimalVarietyPack/Fox/Materials/M_FoxFur.uasset" 257
"E:/CardExplorer/Content/AnimalVarietyPack/Fox/Meshes/SK_Fox_PhysicsAsset.uasset" 258
"E:/CardExplorer/Content/AnimalVarietyPack/Fox/Meshes/SK_Fox.uasset" 259
"E:/CardExplorer/Content/Blueprints/enemies/BP_Fox.uasset" 260
"E:/CardExplorer/Content/Materials/Landscape/Textures/mixedmoss-ao2.uasset" 261
"E:/CardExplorer/Content/Materials/Landscape/Textures/mixedmoss-height.uasset" 262
"E:/CardExplorer/Content/Materials/Landscape/Textures/mixedmoss-metalness.uasset" 263
"E:/CardExplorer/Content/Materials/Landscape/Textures/mixedmoss-normal2.uasset" 264
"E:/CardExplorer/Content/Materials/Landscape/Textures/mixedmoss-roughness.uasset" 265
"E:/CardExplorer/Content/QuadrapedCreatures/Barghest/Animations/BARGHEST_Anim.uasset" 266
"E:/CardExplorer/Content/QuadrapedCreatures/Barghest/Animations/BARGHEST_MANE_Anim.uasset" 267
"E:/CardExplorer/Content/QuadrapedCreatures/Barghest/Animations/BARGHEST_TAIL_Anim.uasset" 268
"E:/CardExplorer/Content/QuadrapedCreatures/Griffon/Meshes/SK_Griffon_Skeleton.uasset" 269
"E:/CardExplorer/Content/QuadrapedCreatures/Griffon/Animations/ANIM_Griffon_BiteAttack_RM.uasset" 270
"E:/CardExplorer/Content/QuadrapedCreatures/MountainDragon/Textures/T_MOUNTAIN_DRAGON_LEGACY.uasset" 271
"../../../Engine/Content/Animation/DefaultAnimCurveCompressionSettings.uasset" 272
"../../../Engine/Content/ArtTools/RenderToTexture/Meshes/S_1_Unit_Plane.uasset" 273
"../../../Engine/Content/EngineMaterials/DefaultMaterial.uasset" 274
"../../../Engine/Content/BasicShapes/Cone.uasset" 275
"../../../Engine/Content/BasicShapes/Cylinder.uasset" 276
"../../../Engine/Content/BasicShapes/Plane.uasset" 277
"../../../Engine/Content/BasicShapes/Sphere.uasset" 278
"../../../Engine/Content/EditorLandscapeResources/DataLayer.uasset" 279
"../../../Engine/Content/EditorMaterials/MAT_Groups_Toggle.uasset" 280
"../../../Engine/Content/EditorMaterials/MAT_Groups_Visibility.uasset" 281
"../../../Engine/Content/EditorMaterials/PreviewShadowIndicator.uasset" 282
"../../../Engine/Content/EditorMaterials/PreviewShadowIndicatorMaterial.uasset" 283
"../../../Engine/Content/EditorMaterials/MatineeGroups/MAT_ColorTrack.uasset" 284
"../../../Engine/Content/EditorMaterials/MatineeGroups/MAT_Groups_Anim.uasset" 285
"../../../Engine/Content/EditorMaterials/MatineeGroups/MAT_Groups_AudioMaster.uasset" 286
"../../../Engine/Content/EditorMaterials/MatineeGroups/MAT_Groups_Director.uasset" 287
"../../../Engine/Content/EditorMaterials/MatineeGroups/MAT_Groups_Event.uasset" 288
"../../../Engine/Content/EditorMaterials/MatineeGroups/MAT_Groups_Fade.uasset" 289
"../../../Engine/Content/EditorMaterials/MatineeGroups/MAT_Groups_Float.uasset" 290
"../../../Engine/Content/EditorMaterials/MatineeGroups/MAT_Groups_Move.uasset" 291
"../../../Engine/Content/EditorMaterials/MatineeGroups/MAT_Groups_Slomo.uasset" 292
"../../../Engine/Content/EditorMaterials/MatineeGroups/MAT_Groups_Sound.uasset" 293
"../../../Engine/Content/EditorMaterials/MatineeGroups/MAT_Groups_Vector.uasset" 294
"../../../Engine/Content/EditorMaterials/ParticleSystems/PSysThumbnail_NoImage.uasset" 295
"../../../Engine/Content/EditorMaterials/ParticleSystems/PSysThumbnail_OOD.uasset" 296
"../../../Engine/Content/EditorMaterials/Camera/CineMat.uasset" 297
"../../../Engine/Content/EditorMaterials/Camera/MI_CineMat_Rig.uasset" 298
"../../../Engine/Content/EditorMeshes/Camera/SM_CraneRig_Arm.uasset" 299
"../../../Engine/Content/EditorMeshes/Camera/SM_CraneRig_Base.uasset" 300
"../../../Engine/Content/EditorMeshes/Camera/SM_CraneRig_Body.uasset" 301
"../../../Engine/Content/EditorMeshes/Camera/SM_CraneRig_Mount.uasset" 302
"../../../Engine/Content/EditorMeshes/Camera/SM_RailRig_Mount.uasset" 303
"../../../Engine/Content/EditorMeshes/Camera/SM_RailRig_Track.uasset" 304
"../../../Engine/Content/EditorResources/BSPVertex.uasset" 305
"../../../Engine/Content/EditorResources/EmptyActor.uasset" 306
"../../../Engine/Content/EditorResources/S_Actor.uasset" 307
"../../../Engine/Content/EditorResources/S_Note.uasset" 308
"../../../Engine/Content/EditorResources/S_Solver.uasset" 309
"../../../Engine/Content/EditorResources/S_Trigger.uasset" 310
"../../../Engine/Content/EditorResources/LightIcons/S_LightError.uasset" 311
"../../../Engine/Content/EditorResources/SequenceRecorder/Countdown.uasset" 312
"../../../Engine/Content/EditorResources/SequenceRecorder/RecordingIndicator.uasset" 313
"../../../Engine/Content/EditorSounds/Notifications/CompileFailed.uasset" 314
"../../../Engine/Content/EditorSounds/Notifications/CompileFailed_Cue.uasset" 315
"../../../Engine/Content/EditorSounds/Notifications/CompileSuccess.uasset" 316
"../../../Engine/Content/EditorSounds/Notifications/CompileStart_Cue.uasset" 317
"../../../Engine/Content/EditorSounds/Notifications/CompileSuccess_Cue.uasset" 318
"../../../Engine/Content/EngineDamageTypes/DmgTypeBP_Environmental.uasset" 319
"../../../Engine/Content/EngineDebugMaterials/DebugEditorMaterial.uasset" 320
"../../../Engine/Content/EngineDebugMaterials/DebugMeshMaterial.uasset" 321
"../../../Engine/Content/EngineDebugMaterials/M_SimpleTranslucent.uasset" 322
"../../../Engine/Content/Functions/Engine_MaterialFunctions02/Utility/CameraDirectionVector.uasset" 323
"../../../Engine/Content/EngineDebugMaterials/VolumeToRender.uasset" 324
"../../../Engine/Content/EngineDebugMaterials/M_VolumeRenderSphereTracePP.uasset" 325
"../../../Engine/Content/EngineDebugMaterials/WireframeMaterial.uasset" 326
"../../../Engine/Content/EngineFonts/Faces/DroidSansFallback.uasset" 327
"../../../Engine/Content/EngineFonts/Faces/RobotoBold.uasset" 328
"../../../Engine/Content/EngineFonts/Faces/RobotoBoldItalic.uasset" 329
"../../../Engine/Content/EngineFonts/Faces/RobotoItalic.uasset" 330
"../../../Engine/Content/EngineFonts/Faces/RobotoLight.uasset" 331
"../../../Engine/Content/EngineFonts/Faces/RobotoRegular.uasset" 332
"../../../Engine/Content/EngineFonts/Roboto.uasset" 333
"../../../Engine/Content/EngineMaterials/BaseFlattenDiffuseMap.uasset" 334
"../../../Engine/Content/EngineMaterials/BaseFlattenEmissiveMap.uasset" 335
"../../../Engine/Content/EngineMaterials/BaseFlattenGrayscaleMap.uasset" 336
"../../../Engine/Content/EngineMaterials/BaseFlattenNormalMap.uasset" 337
"../../../Engine/Content/EngineMaterials/BaseFlattenMaterial.uasset" 338
"../../../Engine/Content/EngineMaterials/BlueNoise.uasset" 339
"../../../Engine/Content/EngineMaterials/DefaultBloomKernel.uasset" 340
"../../../Engine/Content/EngineMaterials/DefaultBokeh.uasset" 341
"../../../Engine/Content/EngineMaterials/DefaultDiffuse.uasset" 342
"../../../Engine/Content/EngineMaterials/DefaultDeferredDecalMaterial.uasset" 343
"../../../Engine/Content/EngineMaterials/DefaultLightFunctionMaterial.uasset" 344
"../../../Engine/Content/EngineMaterials/DefaultPhysicalMaterial.uasset" 345
"../../../Engine/Content/Functions/Engine_MaterialFunctions02/Utility/BreakOutFloat2Components.uasset" 346
"../../../Engine/Content/EngineMaterials/DefaultPostProcessMaterial.uasset" 347
"../../../Engine/Content/EngineFonts/RobotoDistanceField.uasset" 348
"../../../Engine/Content/EngineMaterials/DefaultTextMaterialOpaque.uasset" 349
"../../../Engine/Content/EngineMaterials/DefaultVirtualTextureMaterial.uasset" 350
"../../../Engine/Content/EngineMaterials/DefaultWhiteGrid.uasset" 351
"../../../Engine/Content/EngineMaterials/DefaultWhiteGrid_Low.uasset" 352
"../../../Engine/Content/EngineMaterials/EmissiveMeshMaterial.uasset" 353
"../../../Engine/Content/EngineMaterials/GizmoMaterial.uasset" 354
"../../../Engine/Content/EngineMaterials/HairDefaultMaterial.uasset" 355
"../../../Engine/Content/EngineMaterials/MiniFont.uasset" 356
"../../../Engine/Content/EngineMaterials/InvalidLightmapSettings.uasset" 357
"../../../Engine/Content/EngineMaterials/M_InvalidLightmapSettings.uasset" 358
"../../../Engine/Content/Functions/Engine_MaterialFunctions02/WorldPositionOffset/CameraOffset.uasset" 359
"../../../Engine/Content/EngineMaterials/PhAT_JointLimitMaterial.uasset" 360
"../../../Engine/Content/EngineMaterials/PreintegratedSkinBRDF.uasset" 361
"../../../Engine/Content/EngineMaterials/RemoveSurfaceMaterial.uasset" 362
"../../../Engine/Content/EngineMaterials/WeightMapPlaceholderTexture.uasset" 363
"../../../Engine/Content/EngineResources/WhiteSquareTexture.uasset" 364
"../../../Engine/Content/EngineMaterials/Widget3DPassThrough.uasset" 365
"../../../Engine/Content/EngineMaterials/Widget3DPassThrough_Masked.uasset" 366
"../../../Engine/Content/EngineMaterials/Widget3DPassThrough_Opaque.uasset" 367
"../../../Engine/Content/EngineMaterials/Widget3DPassThrough_Masked_OneSided.uasset" 368
"../../../Engine/Content/EngineMaterials/Widget3DPassThrough_Opaque_OneSided.uasset" 369
"../../../Engine/Content/EngineMaterials/Widget3DPassThrough_Translucent.uasset" 370
"../../../Engine/Content/EngineMaterials/Widget3DPassThrough_Translucent_OneSided.uasset" 371
"../../../Engine/Content/EngineMeshes/Cylinder.uasset" 372
"../../../Engine/Content/EngineMeshes/Sphere.uasset" 373
"../../../Engine/Content/EngineResources/Black.uasset" 374
"../../../Engine/Content/EngineResources/DefaultTextureCube.uasset" 375
"../../../Engine/Content/EngineResources/DefaultVolumeTexture2D.uasset" 376
"../../../Engine/Content/EngineResources/DefaultVolumeTexture.uasset" 377
"../../../Engine/Content/EngineResources/GradientTexture0.uasset" 378
"../../../Engine/Content/EngineSounds/Master.uasset" 379
"../../../Engine/Content/Functions/Engine_MaterialFunctions01/Shading/ConvertFromDiffSpec.uasset" 380
"../../../Engine/Content/Functions/Engine_MaterialFunctions01/Shading/PowerToRoughness.uasset" 381
"../../../Engine/Content/Maps/Templates/Thumbnails/Default.uasset" 382
"../../../Engine/Content/Maps/Templates/Thumbnails/TimeOfDay.uasset" 383
"../../../Engine/Content/Maps/Templates/Thumbnails/VR-Basic.uasset" 384
"../../../Engine/Content/MobileResources/T_MobileControls_texture.uasset" 385
"../../../Engine/Content/MobileResources/T_MobileMenu2.uasset" 386
"../../../Engine/Content/MobileResources/HUD/AnalogHat.uasset" 387
"../../../Engine/Content/MobileResources/HUD/VirtualJoystick_Background.uasset" 388
"../../../Engine/Content/MobileResources/HUD/VirtualJoystick_Thumb.uasset" 389
"../../../Engine/Content/MobileResources/HUD/DefaultVirtualJoysticks.uasset" 390
"../../../Engine/Content/MobileResources/HUD/LeftVirtualJoystickOnly.uasset" 391
"../../../Engine/Content/MobileResources/HUD/MobileHUDButton1_off.uasset" 392
"../../../Engine/Content/MobileResources/HUD/MobileHUDButton1_on.uasset" 393
"../../../Engine/Content/MobileResources/HUD/MobileHUDButton2_off.uasset" 394
"../../../Engine/Content/MobileResources/HUD/MobileHUDButton2_on.uasset" 395
"../../../Engine/Content/MobileResources/HUD/MobileHUDButton3.uasset" 396
"../../../Engine/Content/MobileResources/HUD/MobileHUDButtonFire.uasset" 397
"../../../Engine/Content/MobileResources/HUD/MobileHUDDirectionPad.uasset" 398
"../../../Engine/Content/MobileResources/HUD/MobileHUDDirectionPad2.uasset" 399
"../../../Engine/Content/MobileResources/HUD/MobileHUDDirectionPad3.uasset" 400
"../../../Engine/Content/MobileResources/HUD/MobileHUDDirectionStick.uasset" 401
"../../../Engine/Content/MobileResources/HUD/T_Castle_ThumbstickInner.uasset" 402
"../../../Engine/Content/MobileResources/HUD/T_Castle_ThumbstickOutter.uasset" 403
"../../../Engine/Content/Tutorial/ContentIntroCurve.uasset" 404
"../../../Engine/Content/Tutorial/Basics/LevelEditorAttract.uasset" 405
"../../../Engine/Content/Tutorial/Basics/TutorialAssets/icon_tab_Levels_40x.uasset" 406
"../../../Engine/Content/Tutorial/Basics/LevelEditorOverview.uasset" 407
"../../../Engine/Content/Tutorial/BlueprintTutorials/TutorialAssets/Blueprint_64x.uasset" 408
"../../../Engine/Content/Tutorial/BlueprintTutorials/BlueprintEditorTutorial.uasset" 409
"../../../Engine/Content/Tutorial/Code/AddingCode.uasset" 410
"../../../Engine/Content/Tutorial/Installation/InstallingVisualStudioTutorial.uasset" 411
"../../../Engine/Content/Tutorial/Landscape/TutorialAssets/Landscape.uasset" 412
"../../../Engine/Content/Tutorial/Landscape/LandscapeWalkThrough.uasset" 413
"../../../Engine/Content/Tutorial/Landscape/Landscape_Manage_Mode.uasset" 414
"../../../Engine/Content/EditorBlueprintResources/StandardMacros.uasset" 415
"../../../Engine/Content/Tutorial/Landscape/Landscape_Painting_Mode.uasset" 416
"../../../Engine/Content/Tutorial/Landscape/Landscape_Sculpt_Mode.uasset" 417
"../../../Engine/Content/VREditor/LaserPointer/VR_LaserPower_01.uasset" 418
"../../../Engine/Content/VREditor/TransformGizmo/TransformGizmoMaterial.uasset" 419
"../../../Engine/Content/VREditor/TransformGizmo/TranslucentTransformGizmoMaterial.uasset" 420
"../../../Engine/Content/VREditor/TransformGizmo/BoundingBoxCorner.uasset" 421
"../../../Engine/Content/VREditor/TransformGizmo/BoundingBoxEdge.uasset" 422
"../../../Engine/Content/VREditor/TransformGizmo/PlaneTranslationHandle.uasset" 423
"../../../Engine/Content/VREditor/TransformGizmo/Main.uasset" 424
"../../../Engine/Content/VREditor/TransformGizmo/Xray.uasset" 425
"../../../Engine/Content/VREditor/TransformGizmo/SM_Sequencer_Key.uasset" 426
"../../../Engine/Content/VREditor/TransformGizmo/SM_Sequencer_Node.uasset" 427
"../../Plugins/2D/Paper2D/Content/PlaceholderTextures/DummySpriteTexture.uasset" 428
"../../Plugins/2D/Paper2D/Content/DummySprite.uasset" 429
"../../Plugins/2D/Paper2D/Content/DefaultPaperTerrainMaterial.uasset" 430
"../../Plugins/2D/Paper2D/Content/DummySpriteTexture.uasset" 431
"../../Plugins/2D/Paper2D/Content/DefaultSpriteMaterial.uasset" 432
"../../Plugins/2D/Paper2D/Content/MaskedUnlitSpriteMaterial.uasset" 433
"../../Plugins/2D/Paper2D/Content/OpaqueUnlitSpriteMaterial.uasset" 434
"../../../Engine/Content/Functions/Engine_MaterialFunctions02/Utility/BreakOutFloat4Components.uasset" 435
"../../../Engine/Content/Functions/Engine_MaterialFunctions02/Utility/MakeFloat2.uasset" 436
"../../../Engine/Content/Functions/Engine_MaterialFunctions02/Utility/MakeFloat3.uasset" 437
"../../Plugins/Runtime/Oculus/OculusVR/Content/Materials/OculusMR_ChromaKey.uasset" 438
"../../Plugins/Runtime/Oculus/OculusVR/Content/Materials/OculusMR_ChromaKey_Lit.uasset" 439
"../../Plugins/Runtime/Oculus/OculusVR/Content/Materials/OculusMR_OpaqueColoredMaterial.uasset" 440
"../../Plugins/Runtime/Oculus/OculusVR/Content/Materials/OculusMR_WhiteMaterial.uasset" 441
"../../../Engine/Content/EngineSky/C_Sky_Cloud_Color.uasset" 442
"../../../Engine/Content/EngineSky/C_Sky_Horizon_Color.uasset" 443
"../../../Engine/Content/EngineSky/C_Sky_Zenith_Color.uasset" 444
"../../../Engine/Content/EngineSky/T_Sky_Blue.uasset" 445
"../../../Engine/Content/EngineSky/T_Sky_Clouds_M.uasset" 446
"../../../Engine/Content/EngineSky/T_Sky_Stars.uasset" 447
"../../../Engine/Content/EngineSky/M_Sky_Panning_Clouds2.uasset" 448
"../../../Engine/Content/EngineSky/SM_SkySphere.uasset" 449
"../../../Engine/Content/EngineSky/BP_Sky_Sphere.uasset" 450
"E:/CardExplorer/Content/Blueprints/game/Fight_S.uasset" 451
"E:/CardExplorer/Content/Blueprints/game/Scenarios_S.uasset" 452
"E:/CardExplorer/Content/UI/cards/Card_Drag.uasset" 453
"E:/CardExplorer/Content/assets/cards/card_background.uasset" 454
"E:/CardExplorer/Content/assets/cards/cards_images/healtPotion.uasset" 455
"E:/CardExplorer/Content/Blueprints/Cards/Card_Costs_E.uasset" 456
"E:/CardExplorer/Content/Blueprints/Cards/Card_Effect_E.uasset" 457
"E:/CardExplorer/Content/Blueprints/Player/PlayerStats.uasset" 458
"E:/CardExplorer/Content/UI/cards/card_WB.uasset" 459
"E:/CardExplorer/Content/Blueprints/Cards/Card_data_S.uasset" 460
"E:/CardExplorer/Content/assets/cards/cards_images/slash.uasset" 461
"E:/CardExplorer/Content/assets/cards/cards_images/vigorMushroom.uasset" 462
"E:/CardExplorer/Content/Blueprints/Cards/Card_Bank_DT.uasset" 463
"E:/CardExplorer/Content/UI/cards/card_DeckBuilder_WB.uasset" 464
"E:/CardExplorer/Content/UI/cards/Card_display_Big_WB.uasset" 465
"E:/CardExplorer/Content/UI/game/DeckBuilder_WB.uasset" 466
"E:/CardExplorer/Content/assets/cards/Card_Back.uasset" 467
"E:/CardExplorer/Content/UI/game/main_exploration_UI.uasset" 468
"E:/CardExplorer/Content/TEST_PC.uasset" 469
"E:/CardExplorer/Content/AnimalVarietyPack/Wolf/Animations/ANIM_Wolf_Death.uasset" 470
"E:/CardExplorer/Content/AnimalVarietyPack/Wolf/Animations/ANIM_Wolf_GetHitFront.uasset" 471
"E:/CardExplorer/Content/AnimalVarietyPack/Wolf/Animations/ANIM_Wolf_IdleAggressive.uasset" 472
"E:/CardExplorer/Content/AnimalVarietyPack/Wolf/Animations/ANIM_Wolf_JumpBite.uasset" 473
"E:/CardExplorer/Content/AnimalVarietyPack/Wolf/Animations/wolf_ABP.uasset" 474
"E:/CardExplorer/Content/AnimalVarietyPack/Wolf/Textures/T_Wolf_BaseColorAlpha.uasset" 475
"E:/CardExplorer/Content/AnimalVarietyPack/Wolf/Textures/T_Wolf_Nml.uasset" 476
"E:/CardExplorer/Content/AnimalVarietyPack/Wolf/Textures/T_Wolf_OcclusionRoughnessMetallic.uasset" 477
"E:/CardExplorer/Content/AnimalVarietyPack/Wolf/Textures/T_Wolf_Specular.uasset" 478
"E:/CardExplorer/Content/AnimalVarietyPack/Wolf/Materials/M_Wolf.uasset" 479
"E:/CardExplorer/Content/AnimalVarietyPack/Wolf/Materials/M_WolfFur.uasset" 480
"E:/CardExplorer/Content/AnimalVarietyPack/Wolf/Meshes/SK_Wolf_PhysicsAsset.uasset" 481
"E:/CardExplorer/Content/AnimalVarietyPack/Wolf/Meshes/SK_Wolf.uasset" 482
"E:/CardExplorer/Content/Blueprints/enemies/BP_Wolf.uasset" 483
"E:/CardExplorer/Content/Blueprints/game/Scenarios_DT.uasset" 484
"E:/CardExplorer/Content/UI/game/PlayerLose.uasset" 485
"E:/CardExplorer/Content/UI/game/PlayerWin.uasset" 486
"E:/CardExplorer/Content/TEST_GM.uasset" 487
"E:/CardExplorer/Content/maps/Minimal_Default_BuiltData.uasset" 488
"E:/CardExplorer/Content/Materials/Landscape/Textures/mixedmoss-albedo2.uasset" 489
"E:/CardExplorer/Content/Materials/Landscape/M_BasicForestGround.uasset" 490
"../../../Engine/Content/BasicShapes/Cube.uasset" 491
"E:/CardExplorer/Content/maps/Minimal_Default.umap" 492
"E:/CardExplorer/Content/AnimalVarietyPack/Crow/Meshes/SK_Crow_Skeleton.uasset" 493
"E:/CardExplorer/Content/AnimalVarietyPack/Crow/Animations/ANIM_Crow_DeathGrounded.uasset" 494
"E:/CardExplorer/Content/AnimalVarietyPack/Crow/Animations/ANIM_Crow_DeathHitTheGround.uasset" 495
"E:/CardExplorer/Content/AnimalVarietyPack/Crow/Animations/ANIM_Crow_EatSomething.uasset" 496
"E:/CardExplorer/Content/AnimalVarietyPack/Crow/Animations/ANIM_Crow_Falling.uasset" 497
"E:/CardExplorer/Content/AnimalVarietyPack/Crow/Animations/ANIM_Crow_Fly.uasset" 498
"E:/CardExplorer/Content/AnimalVarietyPack/Crow/Animations/ANIM_Crow_FlyingAttack.uasset" 499
"E:/CardExplorer/Content/AnimalVarietyPack/Crow/Animations/ANIM_Crow_Glide.uasset" 500
"E:/CardExplorer/Content/AnimalVarietyPack/Crow/Animations/ANIM_Crow_Hop.uasset" 501
"E:/CardExplorer/Content/AnimalVarietyPack/Crow/Animations/ANIM_Crow_Hop_RM.uasset" 502
"E:/CardExplorer/Content/AnimalVarietyPack/Crow/Animations/ANIM_Crow_IdleLookAround.uasset" 503
"E:/CardExplorer/Content/AnimalVarietyPack/Crow/Animations/ANIM_Crow_IdleScratchWing.uasset" 504
"E:/CardExplorer/Content/AnimalVarietyPack/Crow/Animations/ANIM_Crow_IdleStretchWings.uasset" 505
"E:/CardExplorer/Content/AnimalVarietyPack/Crow/Animations/ANIM_Crow_InAirDeathGoToFall.uasset" 506
"E:/CardExplorer/Content/AnimalVarietyPack/Crow/Animations/ANIM_Crow_Landing.uasset" 507
"E:/CardExplorer/Content/AnimalVarietyPack/Crow/Animations/ANIM_Crow_TakeOff.uasset" 508
"E:/CardExplorer/Content/AnimalVarietyPack/Crow/Animations/ANIM_Crow_Walk.uasset" 509
"E:/CardExplorer/Content/AnimalVarietyPack/Crow/Animations/ANIM_Crow_Walk_RM.uasset" 510
"E:/CardExplorer/Content/AnimalVarietyPack/Crow/Maps/Overview_BuiltData.uasset" 511
"../../../Engine/Content/MapTemplates/SM_Template_Map_Floor.uasset" 512
"E:/CardExplorer/Content/AnimalVarietyPack/Crow/Textures/T_Crow_BaseColor.uasset" 513
"E:/CardExplorer/Content/AnimalVarietyPack/Crow/Textures/T_Crow_Nml.uasset" 514
"E:/CardExplorer/Content/AnimalVarietyPack/Crow/Textures/T_Crow_OcclusionRoughnessMetallic.uasset" 515
"E:/CardExplorer/Content/AnimalVarietyPack/Crow/Textures/T_Crow_Specular.uasset" 516
"E:/CardExplorer/Content/AnimalVarietyPack/Crow/Materials/M_Crow.uasset" 517
"E:/CardExplorer/Content/AnimalVarietyPack/Crow/Meshes/SK_Crow_PhysicsAsset.uasset" 518
"E:/CardExplorer/Content/AnimalVarietyPack/Crow/Meshes/SK_Crow.uasset" 519
"E:/CardExplorer/Content/AnimalVarietyPack/Crow/Maps/Overview.umap" 520
"E:/CardExplorer/Content/AnimalVarietyPack/Fox/Animations/ANIM_Fox_Bite.uasset" 521
"E:/CardExplorer/Content/AnimalVarietyPack/Fox/Animations/ANIM_Fox_Death.uasset" 522
"E:/CardExplorer/Content/AnimalVarietyPack/Fox/Animations/ANIM_Fox_GetHitFront.uasset" 523
"E:/CardExplorer/Content/AnimalVarietyPack/Fox/Animations/ANIM_Fox_GetHitLeft.uasset" 524
"E:/CardExplorer/Content/AnimalVarietyPack/Fox/Animations/ANIM_Fox_GetHitRight.uasset" 525
"E:/CardExplorer/Content/AnimalVarietyPack/Fox/Animations/ANIM_Fox_IdleAggressive.uasset" 526
"E:/CardExplorer/Content/AnimalVarietyPack/Fox/Animations/ANIM_Fox_IdleBreathe.uasset" 527
"E:/CardExplorer/Content/AnimalVarietyPack/Fox/Animations/ANIM_Fox_IdleLookAround.uasset" 528
"E:/CardExplorer/Content/AnimalVarietyPack/Fox/Animations/ANIM_Fox_JumpBite.uasset" 529
"E:/CardExplorer/Content/AnimalVarietyPack/Fox/Animations/ANIM_Fox_JumpBite_RM.uasset" 530
"E:/CardExplorer/Content/AnimalVarietyPack/Fox/Animations/ANIM_Fox_Run.uasset" 531
"E:/CardExplorer/Content/AnimalVarietyPack/Fox/Animations/ANIM_Fox_Run_RM.uasset" 532
"E:/CardExplorer/Content/AnimalVarietyPack/Fox/Animations/ANIM_Fox_RunBite.uasset" 533
"E:/CardExplorer/Content/AnimalVarietyPack/Fox/Animations/ANIM_Fox_RunBite_RM.uasset" 534
"E:/CardExplorer/Content/AnimalVarietyPack/Fox/Animations/ANIM_Fox_Walk.uasset" 535
"E:/CardExplorer/Content/AnimalVarietyPack/Fox/Animations/ANIM_Fox_Walk_RM.uasset" 536
"E:/CardExplorer/Content/AnimalVarietyPack/Fox/Maps/Overview_BuiltData.uasset" 537
"E:/CardExplorer/Content/AnimalVarietyPack/Fox/Maps/Overview.umap" 538
"E:/CardExplorer/Content/AnimalVarietyPack/Wolf/Animations/ANIM_Wolf_Bite.uasset" 539
"E:/CardExplorer/Content/AnimalVarietyPack/Wolf/Animations/ANIM_Wolf_GetHitLeft.uasset" 540
"E:/CardExplorer/Content/AnimalVarietyPack/Wolf/Animations/ANIM_Wolf_GetHitRight.uasset" 541
"E:/CardExplorer/Content/AnimalVarietyPack/Wolf/Animations/ANIM_Wolf_Howl.uasset" 542
"E:/CardExplorer/Content/AnimalVarietyPack/Wolf/Animations/ANIM_Wolf_IdleBreathe.uasset" 543
"E:/CardExplorer/Content/AnimalVarietyPack/Wolf/Animations/ANIM_Wolf_IdleLookAround.uasset" 544
"E:/CardExplorer/Content/AnimalVarietyPack/Wolf/Animations/ANIM_Wolf_JumpBite_RM.uasset" 545
"E:/CardExplorer/Content/AnimalVarietyPack/Wolf/Animations/ANIM_Wolf_Run.uasset" 546
"E:/CardExplorer/Content/AnimalVarietyPack/Wolf/Animations/ANIM_Wolf_Run_RM.uasset" 547
"E:/CardExplorer/Content/AnimalVarietyPack/Wolf/Animations/ANIM_Wolf_RunBite.uasset" 548
"E:/CardExplorer/Content/AnimalVarietyPack/Wolf/Animations/ANIM_Wolf_RunBite_RM.uasset" 549
"E:/CardExplorer/Content/AnimalVarietyPack/Wolf/Animations/ANIM_Wolf_Walk.uasset" 550
"E:/CardExplorer/Content/AnimalVarietyPack/Wolf/Animations/ANIM_Wolf_Walk_RM.uasset" 551
"E:/CardExplorer/Content/AnimalVarietyPack/Wolf/Maps/Overview_BuiltData.uasset" 552
"E:/CardExplorer/Content/AnimalVarietyPack/Wolf/Textures/T_WolfArctic_BaseColorAlpha.uasset" 553
"E:/CardExplorer/Content/AnimalVarietyPack/Wolf/Materials/M_WolfArctic.uasset" 554
"E:/CardExplorer/Content/AnimalVarietyPack/Wolf/Textures/T_WolfDark_BaseColorAlpha.uasset" 555
"E:/CardExplorer/Content/AnimalVarietyPack/Wolf/Textures/T_WolfDark_Illum.uasset" 556
"E:/CardExplorer/Content/AnimalVarietyPack/Wolf/Materials/M_WolfDark.uasset" 557
"E:/CardExplorer/Content/AnimalVarietyPack/Wolf/Materials/M_WolfFurArctic.uasset" 558
"E:/CardExplorer/Content/AnimalVarietyPack/Wolf/Materials/M_WolfFurDark.uasset" 559
"E:/CardExplorer/Content/AnimalVarietyPack/Wolf/Maps/Overview.umap" 560
"E:/CardExplorer/Content/QuadrapedCreatures/Barghest/Animations/BARGHEST_biteNormal.uasset" 561
"E:/CardExplorer/Content/QuadrapedCreatures/Barghest/Animations/BARGHEST_deathNormal.uasset" 562
"E:/CardExplorer/Content/QuadrapedCreatures/Barghest/Animations/BARGHEST_getHitNormal.uasset" 563
"E:/CardExplorer/Content/QuadrapedCreatures/Barghest/Animations/BARGHEST_idleBreathe.uasset" 564
"E:/CardExplorer/Content/QuadrapedCreatures/Barghest/Animations/BARGHEST_idleLookAround.uasset" 565
"E:/CardExplorer/Content/QuadrapedCreatures/Barghest/Animations/BARGHEST_jumpBiteAggressive.uasset" 566
"E:/CardExplorer/Content/QuadrapedCreatures/Barghest/Animations/BARGHEST_jumpBiteAggressive_RM.uasset" 567
"E:/CardExplorer/Content/QuadrapedCreatures/Barghest/Animations/BARGHEST_jumpBiteNormal.uasset" 568
"E:/CardExplorer/Content/QuadrapedCreatures/Barghest/Animations/BARGHEST_jumpBiteNormal_RM.uasset" 569
"E:/CardExplorer/Content/QuadrapedCreatures/Barghest/Animations/BARGHEST_run.uasset" 570
"E:/CardExplorer/Content/QuadrapedCreatures/Barghest/Animations/BARGHEST_run_RM.uasset" 571
"E:/CardExplorer/Content/QuadrapedCreatures/Barghest/Animations/BARGHEST_runBite.uasset" 572
"E:/CardExplorer/Content/QuadrapedCreatures/Barghest/Animations/BARGHEST_runBite_RM.uasset" 573
"E:/CardExplorer/Content/QuadrapedCreatures/Barghest/Animations/BARGHEST_walk.uasset" 574
"E:/CardExplorer/Content/QuadrapedCreatures/Barghest/Animations/BARGHEST_walk_RM.uasset" 575
"E:/CardExplorer/Content/QuadrapedCreatures/Barghest/Textures/BARGHEST_HAIR.uasset" 576
"E:/CardExplorer/Content/QuadrapedCreatures/Barghest/Textures/BARGHEST_HAIR_NRM_Yinv.uasset" 577
"E:/CardExplorer/Content/QuadrapedCreatures/Barghest/Textures/BARGHEST_HAIR_RoughnessSpecularMetallicAO.uasset" 578
"E:/CardExplorer/Content/QuadrapedCreatures/Barghest/Materials/M_HAIR.uasset" 579
"E:/CardExplorer/Content/QuadrapedCreatures/Barghest/Meshes/SK_BARGHEST_MANE.uasset" 580
"E:/CardExplorer/Content/QuadrapedCreatures/Barghest/Meshes/SK_BARGHEST_TAIL.uasset" 581
"E:/CardExplorer/Content/QuadrapedCreatures/Barghest/Blueprint/BP_BARGHEST_OptionsSetUp.uasset" 582
"E:/CardExplorer/Content/QuadrapedCreatures/Barghest/Maps/Overview_BuiltData.uasset" 583
"E:/CardExplorer/Content/QuadrapedCreatures/Barghest/Maps/Overview.umap" 584
"E:/CardExplorer/Content/QuadrapedCreatures/Centaur/Meshes/SK_Centaur_Skeleton.uasset" 585
"E:/CardExplorer/Content/QuadrapedCreatures/Centaur/Animations/ANIM_Centaur_2HitComboSword.uasset" 586
"E:/CardExplorer/Content/QuadrapedCreatures/Centaur/Animations/ANIM_Centaur_attack1Sword.uasset" 587
"E:/CardExplorer/Content/QuadrapedCreatures/Centaur/Animations/ANIM_Centaur_Attack2Sword.uasset" 588
"E:/CardExplorer/Content/QuadrapedCreatures/Centaur/Animations/ANIM_Centaur_DeathAiming.uasset" 589
"E:/CardExplorer/Content/QuadrapedCreatures/Centaur/Animations/ANIM_Centaur_DeathBow.uasset" 590
"E:/CardExplorer/Content/QuadrapedCreatures/Centaur/Animations/ANIM_Centaur_DeathNormal.uasset" 591
"E:/CardExplorer/Content/QuadrapedCreatures/Centaur/Animations/ANIM_Centaur_DeathNotAiming.uasset" 592
"E:/CardExplorer/Content/QuadrapedCreatures/Centaur/Animations/ANIM_Centaur_DeathSword.uasset" 593
"E:/CardExplorer/Content/QuadrapedCreatures/Centaur/Animations/ANIM_Centaur_DrawSword.uasset" 594
"E:/CardExplorer/Content/QuadrapedCreatures/Centaur/Animations/ANIM_Centaur_GallopAiming.uasset" 595
"E:/CardExplorer/Content/QuadrapedCreatures/Centaur/Animations/ANIM_Centaur_GallopAiming_RM.uasset" 596
"E:/CardExplorer/Content/QuadrapedCreatures/Centaur/Animations/ANIM_Centaur_GallopBow.uasset" 597
"E:/CardExplorer/Content/QuadrapedCreatures/Centaur/Animations/ANIM_Centaur_GallopBow_RM.uasset" 598
"E:/CardExplorer/Content/QuadrapedCreatures/Centaur/Animations/ANIM_Centaur_GallopNormal.uasset" 599
"E:/CardExplorer/Content/QuadrapedCreatures/Centaur/Animations/ANIM_Centaur_GallopNormal_RM.uasset" 600
"E:/CardExplorer/Content/QuadrapedCreatures/Centaur/Animations/ANIM_Centaur_GallopNotAiming.uasset" 601
"E:/CardExplorer/Content/QuadrapedCreatures/Centaur/Animations/ANIM_Centaur_GallopNotAiming_RM.uasset" 602
"E:/CardExplorer/Content/QuadrapedCreatures/Centaur/Animations/ANIM_Centaur_GallopSword.uasset" 603
"E:/CardExplorer/Content/QuadrapedCreatures/Centaur/Animations/ANIM_Centaur_GallopSword_RM.uasset" 604
"E:/CardExplorer/Content/QuadrapedCreatures/Centaur/Animations/ANIM_Centaur_GetHitAiming.uasset" 605
"E:/CardExplorer/Content/QuadrapedCreatures/Centaur/Animations/ANIM_Centaur_GetHitBow.uasset" 606
"E:/CardExplorer/Content/QuadrapedCreatures/Centaur/Animations/ANIM_Centaur_GetHitNormal.uasset" 607
"E:/CardExplorer/Content/QuadrapedCreatures/Centaur/Animations/ANIM_Centaur_GetHitNotAiming.uasset" 608
"E:/CardExplorer/Content/QuadrapedCreatures/Centaur/Animations/ANIM_Centaur_GetHitSword.uasset" 609
"E:/CardExplorer/Content/QuadrapedCreatures/Centaur/Animations/ANIM_Centaur_IdleAiming.uasset" 610
"E:/CardExplorer/Content/QuadrapedCreatures/Centaur/Animations/ANIM_Centaur_IdleAimingToIdleNormal.uasset" 611
"E:/CardExplorer/Content/QuadrapedCreatures/Centaur/Animations/ANIM_Centaur_IdleBow.uasset" 612
"E:/CardExplorer/Content/QuadrapedCreatures/Centaur/Animations/ANIM_Centaur_IdleNormal.uasset" 613
"E:/CardExplorer/Content/QuadrapedCreatures/Centaur/Animations/ANIM_Centaur_IdleNormalToIdleAiming.uasset" 614
"E:/CardExplorer/Content/QuadrapedCreatures/Centaur/Animations/ANIM_Centaur_IdleNormalToIdleNotAiming.uasset" 615
"E:/CardExplorer/Content/QuadrapedCreatures/Centaur/Animations/ANIM_Centaur_IdleNotAiming.uasset" 616
"E:/CardExplorer/Content/QuadrapedCreatures/Centaur/Animations/ANIM_Centaur_IdleNotAimingToIdleNormal.uasset" 617
"E:/CardExplorer/Content/QuadrapedCreatures/Centaur/Animations/ANIM_Centaur_IdleSword.uasset" 618
"E:/CardExplorer/Content/QuadrapedCreatures/Centaur/Animations/ANIM_Centaur_LegAttackAiming.uasset" 619
"E:/CardExplorer/Content/QuadrapedCreatures/Centaur/Animations/ANIM_Centaur_LegAttackAiming_RM.uasset" 620
"E:/CardExplorer/Content/QuadrapedCreatures/Centaur/Animations/ANIM_Centaur_LegAttackBow.uasset" 621
"E:/CardExplorer/Content/QuadrapedCreatures/Centaur/Animations/ANIM_Centaur_LegAttackBow_RM.uasset" 622
"E:/CardExplorer/Content/QuadrapedCreatures/Centaur/Animations/ANIM_Centaur_LegAttackNormal.uasset" 623
"E:/CardExplorer/Content/QuadrapedCreatures/Centaur/Animations/ANIM_Centaur_LegAttackNormal_RM.uasset" 624
"E:/CardExplorer/Content/QuadrapedCreatures/Centaur/Animations/ANIM_Centaur_LegAttackNotAiming.uasset" 625
"E:/CardExplorer/Content/QuadrapedCreatures/Centaur/Animations/ANIM_Centaur_LegAttackNotAiming_RM.uasset" 626
"E:/CardExplorer/Content/QuadrapedCreatures/Centaur/Animations/ANIM_Centaur_LegAttackSword.uasset" 627
"E:/CardExplorer/Content/QuadrapedCreatures/Centaur/Animations/ANIM_Centaur_LegAttackSword_RM.uasset" 628
"E:/CardExplorer/Content/QuadrapedCreatures/Centaur/Animations/ANIM_Centaur_PutSwordBack.uasset" 629
"E:/CardExplorer/Content/QuadrapedCreatures/Centaur/Animations/ANIM_Centaur_ShootArrowToIdleAiming.uasset" 630
"E:/CardExplorer/Content/QuadrapedCreatures/Centaur/Animations/ANIM_Centaur_TrotAiming.uasset" 631
"E:/CardExplorer/Content/QuadrapedCreatures/Centaur/Animations/ANIM_Centaur_TrotAiming_RM.uasset" 632
"E:/CardExplorer/Content/QuadrapedCreatures/Centaur/Animations/ANIM_Centaur_TrotBow.uasset" 633
"E:/CardExplorer/Content/QuadrapedCreatures/Centaur/Animations/ANIM_Centaur_TrotBow_RM.uasset" 634
"E:/CardExplorer/Content/QuadrapedCreatures/Centaur/Animations/ANIM_Centaur_TrotNormal.uasset" 635
"E:/CardExplorer/Content/QuadrapedCreatures/Centaur/Animations/ANIM_Centaur_TrotNormal_RM.uasset" 636
"E:/CardExplorer/Content/QuadrapedCreatures/Centaur/Animations/ANIM_Centaur_TrotNotAiming.uasset" 637
"E:/CardExplorer/Content/QuadrapedCreatures/Centaur/Animations/ANIM_Centaur_TrotNotAiming_RM.uasset" 638
"E:/CardExplorer/Content/QuadrapedCreatures/Centaur/Animations/ANIM_Centaur_TrotSword.uasset" 639
"E:/CardExplorer/Content/QuadrapedCreatures/Centaur/Animations/ANIM_Centaur_TrotSword_RM.uasset" 640
"E:/CardExplorer/Content/QuadrapedCreatures/Centaur/Animations/ANIM_Centaur_Turn90LeftAiming.uasset" 641
"E:/CardExplorer/Content/QuadrapedCreatures/Centaur/Animations/ANIM_Centaur_Turn90LeftAiming_RM.uasset" 642
"E:/CardExplorer/Content/QuadrapedCreatures/Centaur/Animations/ANIM_Centaur_Turn90LeftBow.uasset" 643
"E:/CardExplorer/Content/QuadrapedCreatures/Centaur/Animations/ANIM_Centaur_Turn90LeftBow_RM.uasset" 644
"E:/CardExplorer/Content/QuadrapedCreatures/Centaur/Animations/ANIM_Centaur_Turn90LeftNoAiming.uasset" 645
"E:/CardExplorer/Content/QuadrapedCreatures/Centaur/Animations/ANIM_Centaur_Turn90LeftNoAiming_RM.uasset" 646
"E:/CardExplorer/Content/QuadrapedCreatures/Centaur/Animations/ANIM_Centaur_Turn90LeftNormal.uasset" 647
"E:/CardExplorer/Content/QuadrapedCreatures/Centaur/Animations/ANIM_Centaur_Turn90LeftNormal_RM.uasset" 648
"E:/CardExplorer/Content/QuadrapedCreatures/Centaur/Animations/ANIM_Centaur_Turn90LeftSword.uasset" 649
"E:/CardExplorer/Content/QuadrapedCreatures/Centaur/Animations/ANIM_Centaur_Turn90LeftSword_RM.uasset" 650
"E:/CardExplorer/Content/QuadrapedCreatures/Centaur/Animations/ANIM_Centaur_Turn90RightAiming.uasset" 651
"E:/CardExplorer/Content/QuadrapedCreatures/Centaur/Animations/ANIM_Centaur_Turn90RightAiming_RM.uasset" 652
"E:/CardExplorer/Content/QuadrapedCreatures/Centaur/Animations/ANIM_Centaur_Turn90RightBow.uasset" 653
"E:/CardExplorer/Content/QuadrapedCreatures/Centaur/Animations/ANIM_Centaur_Turn90RightBow_RM.uasset" 654
"E:/CardExplorer/Content/QuadrapedCreatures/Centaur/Animations/ANIM_Centaur_Turn90RightNoAiming.uasset" 655
"E:/CardExplorer/Content/QuadrapedCreatures/Centaur/Animations/ANIM_Centaur_Turn90RightNoAiming_RM.uasset" 656
"E:/CardExplorer/Content/QuadrapedCreatures/Centaur/Animations/ANIM_Centaur_Turn90RightNormal.uasset" 657
"E:/CardExplorer/Content/QuadrapedCreatures/Centaur/Animations/ANIM_Centaur_Turn90RightNormal_RM.uasset" 658
"E:/CardExplorer/Content/QuadrapedCreatures/Centaur/Animations/ANIM_Centaur_Turn90RightSword.uasset" 659
"E:/CardExplorer/Content/QuadrapedCreatures/Centaur/Animations/ANIM_Centaur_Turn90RightSword_RM.uasset" 660
"E:/CardExplorer/Content/QuadrapedCreatures/Centaur/Animations/ANIM_Centaur_WalkAiming.uasset" 661
"E:/CardExplorer/Content/QuadrapedCreatures/Centaur/Animations/ANIM_Centaur_WalkAiming_RM.uasset" 662
"E:/CardExplorer/Content/QuadrapedCreatures/Centaur/Animations/ANIM_Centaur_WalkBow.uasset" 663
"E:/CardExplorer/Content/QuadrapedCreatures/Centaur/Animations/ANIM_Centaur_WalkBow_RM.uasset" 664
"E:/CardExplorer/Content/QuadrapedCreatures/Centaur/Animations/ANIM_Centaur_WalkNormal.uasset" 665
"E:/CardExplorer/Content/QuadrapedCreatures/Centaur/Animations/ANIM_Centaur_WalkNormal_RM.uasset" 666
"E:/CardExplorer/Content/QuadrapedCreatures/Centaur/Animations/ANIM_Centaur_WalkNotAiming.uasset" 667
"E:/CardExplorer/Content/QuadrapedCreatures/Centaur/Animations/ANIM_Centaur_WalkNotAiming_RM.uasset" 668
"E:/CardExplorer/Content/QuadrapedCreatures/Centaur/Animations/ANIM_Centaur_WalkSword.uasset" 669
"E:/CardExplorer/Content/QuadrapedCreatures/Centaur/Animations/ANIM_Centaur_WalkSword_RM.uasset" 670
"E:/CardExplorer/Content/QuadrapedCreatures/Centaur/Textures/T_Centaur_Gear_BaseColor.uasset" 671
"E:/CardExplorer/Content/QuadrapedCreatures/Centaur/Textures/T_Centaur_Gear_nml.uasset" 672
"E:/CardExplorer/Content/QuadrapedCreatures/Centaur/Textures/T_Centaur_Gear_OcclusionRoughnessMetallic.uasset" 673
"E:/CardExplorer/Content/QuadrapedCreatures/Centaur/Textures/T_Centaur_Gear_Specular.uasset" 674
"E:/CardExplorer/Content/QuadrapedCreatures/Centaur/Materials/M_Centaur_Gear.uasset" 675
"E:/CardExplorer/Content/QuadrapedCreatures/Centaur/Meshes/SK_Arrow_Action_PhysicsAsset.uasset" 676
"E:/CardExplorer/Content/QuadrapedCreatures/Centaur/Meshes/SK_Arrow_Action.uasset" 677
"E:/CardExplorer/Content/QuadrapedCreatures/Centaur/Textures/T_Centaur_Hair_1.uasset" 678
"E:/CardExplorer/Content/QuadrapedCreatures/Centaur/Textures/T_Centaur_Hair_nml.uasset" 679
"E:/CardExplorer/Content/QuadrapedCreatures/Centaur/Materials/M_Centaur_Hair_1.uasset" 680
"E:/CardExplorer/Content/QuadrapedCreatures/Centaur/Meshes/SK_Beard_PhysicsAsset.uasset" 681
"E:/CardExplorer/Content/QuadrapedCreatures/Centaur/Meshes/SK_Beard.uasset" 682
"E:/CardExplorer/Content/QuadrapedCreatures/Centaur/Meshes/SK_Body_Armor_PhysicsAsset.uasset" 683
"E:/CardExplorer/Content/QuadrapedCreatures/Centaur/Meshes/SK_Body_Armor.uasset" 684
"E:/CardExplorer/Content/QuadrapedCreatures/Centaur/Meshes/SK_Bow_Action_PhysicsAsset.uasset" 685
"E:/CardExplorer/Content/QuadrapedCreatures/Centaur/Meshes/SK_Bow_Action.uasset" 686
"E:/CardExplorer/Content/QuadrapedCreatures/Centaur/Meshes/SK_Bow_Idle_PhysicsAsset.uasset" 687
"E:/CardExplorer/Content/QuadrapedCreatures/Centaur/Meshes/SK_Bow_idle.uasset" 688
"E:/CardExplorer/Content/QuadrapedCreatures/Centaur/Textures/T_Centaur_Body_BaseColor_1.uasset" 689
"E:/CardExplorer/Content/QuadrapedCreatures/Centaur/Textures/T_Centaur_Body_nml.uasset" 690
"E:/CardExplorer/Content/QuadrapedCreatures/Centaur/Textures/T_Centaur_Body_OcclusionRoughnessMetallic.uasset" 691
"E:/CardExplorer/Content/QuadrapedCreatures/Centaur/Textures/T_Centaur_Body_Specular.uasset" 692
"E:/CardExplorer/Content/QuadrapedCreatures/Centaur/Materials/M_Centaur_Body_1.uasset" 693
"E:/CardExplorer/Content/QuadrapedCreatures/Centaur/Textures/T_Centaur_Eyes.uasset" 694
"E:/CardExplorer/Content/QuadrapedCreatures/Centaur/Textures/T_Centaur_Eyes_nml.uasset" 695
"E:/CardExplorer/Content/QuadrapedCreatures/Centaur/Textures/T_Centaur_Eyes_OcclusionRoughnessMetallicSpecular.uasset" 696
"E:/CardExplorer/Content/QuadrapedCreatures/Centaur/Materials/M_Centaur_Eyes.uasset" 697
"E:/CardExplorer/Content/QuadrapedCreatures/Centaur/Meshes/SK_Centaur_PhysicsAsset.uasset" 698
"E:/CardExplorer/Content/QuadrapedCreatures/Centaur/Meshes/SK_Centaur.uasset" 699
"E:/CardExplorer/Content/QuadrapedCreatures/Centaur/Meshes/SK_Goaty_PhysicsAsset.uasset" 700
"E:/CardExplorer/Content/QuadrapedCreatures/Centaur/Meshes/SK_Goaty.uasset" 701
"E:/CardExplorer/Content/QuadrapedCreatures/Centaur/Meshes/SK_Mane_PhysicsAsset.uasset" 702
"E:/CardExplorer/Content/QuadrapedCreatures/Centaur/Meshes/SK_Mane.uasset" 703
"E:/CardExplorer/Content/QuadrapedCreatures/Centaur/Meshes/SK_Mustaches_PhysicsAsset.uasset" 704
"E:/CardExplorer/Content/QuadrapedCreatures/Centaur/Meshes/SK_Mustaches.uasset" 705
"E:/CardExplorer/Content/QuadrapedCreatures/Centaur/Meshes/SK_Pork_Chops_PhysicsAsset.uasset" 706
"E:/CardExplorer/Content/QuadrapedCreatures/Centaur/Meshes/SK_Pork_Chops.uasset" 707
"E:/CardExplorer/Content/QuadrapedCreatures/Centaur/Meshes/SK_Sheath_PhysicsAsset.uasset" 708
"E:/CardExplorer/Content/QuadrapedCreatures/Centaur/Meshes/SK_Sheath.uasset" 709
"E:/CardExplorer/Content/QuadrapedCreatures/Centaur/Meshes/SK_Shoulder_Pads_PhysicsAsset.uasset" 710
"E:/CardExplorer/Content/QuadrapedCreatures/Centaur/Meshes/SK_Shoulder_Pads.uasset" 711
"E:/CardExplorer/Content/QuadrapedCreatures/Centaur/Meshes/SK_Sword_Action_PhysicsAsset.uasset" 712
"E:/CardExplorer/Content/QuadrapedCreatures/Centaur/Meshes/SK_Sword_Action.uasset" 713
"E:/CardExplorer/Content/QuadrapedCreatures/Centaur/Meshes/SK_Sword_Idle_PhysicsAsset.uasset" 714
"E:/CardExplorer/Content/QuadrapedCreatures/Centaur/Meshes/SK_Sword_Idle.uasset" 715
"E:/CardExplorer/Content/QuadrapedCreatures/Centaur/Blueprint/BP_Centaur_SetUp.uasset" 716
"E:/CardExplorer/Content/QuadrapedCreatures/Centaur/Maps/Overview_BuiltData.uasset" 717
"E:/CardExplorer/Content/QuadrapedCreatures/Centaur/Textures/T_Centaur_Body_BaseColor_2.uasset" 718
"E:/CardExplorer/Content/QuadrapedCreatures/Centaur/Materials/M_Centaur_Body_2.uasset" 719
"E:/CardExplorer/Content/QuadrapedCreatures/Centaur/Textures/T_Centaur_Body_BaseColor_3.uasset" 720
"E:/CardExplorer/Content/QuadrapedCreatures/Centaur/Materials/M_Centaur_Body_3.uasset" 721
"E:/CardExplorer/Content/QuadrapedCreatures/Centaur/Textures/T_Centaur_Body_BaseColor_4.uasset" 722
"E:/CardExplorer/Content/QuadrapedCreatures/Centaur/Materials/M_Centaur_Body_4.uasset" 723
"E:/CardExplorer/Content/QuadrapedCreatures/Centaur/Textures/T_Centaur_Hair_2.uasset" 724
"E:/CardExplorer/Content/QuadrapedCreatures/Centaur/Materials/M_Centaur_Hair_2.uasset" 725
"E:/CardExplorer/Content/QuadrapedCreatures/Centaur/Textures/T_Centaur_Hair_3.uasset" 726
"E:/CardExplorer/Content/QuadrapedCreatures/Centaur/Materials/M_Centaur_Hair_3.uasset" 727
"E:/CardExplorer/Content/QuadrapedCreatures/Centaur/Textures/T_Centaur_Hair_4.uasset" 728
"E:/CardExplorer/Content/QuadrapedCreatures/Centaur/Materials/M_Centaur_Hair_4.uasset" 729
"E:/CardExplorer/Content/QuadrapedCreatures/Centaur/Maps/Overview.umap" 730
"E:/CardExplorer/Content/QuadrapedCreatures/Griffon/Animations/ANIM_Griffon_2HitComboAttack.uasset" 731
"E:/CardExplorer/Content/QuadrapedCreatures/Griffon/Animations/ANIM_Griffon_2HitComboAttack_RM.uasset" 732
"E:/CardExplorer/Content/QuadrapedCreatures/Griffon/Animations/ANIM_Griffon_3HitComboAttack.uasset" 733
"E:/CardExplorer/Content/QuadrapedCreatures/Griffon/Animations/ANIM_Griffon_3HitComboAttack_RM.uasset" 734
"E:/CardExplorer/Content/QuadrapedCreatures/Griffon/Animations/ANIM_Griffon_BiteAttack.uasset" 735
"E:/CardExplorer/Content/QuadrapedCreatures/Griffon/Animations/ANIM_Griffon_Death.uasset" 736
"E:/CardExplorer/Content/QuadrapedCreatures/Griffon/Animations/ANIM_Griffon_Falling.uasset" 737
"E:/CardExplorer/Content/QuadrapedCreatures/Griffon/Animations/ANIM_Griffon_FlyBackwardsStationary.uasset" 738
"E:/CardExplorer/Content/QuadrapedCreatures/Griffon/Animations/ANIM_Griffon_FlyGetHitNormal.uasset" 739
"E:/CardExplorer/Content/QuadrapedCreatures/Griffon/Animations/ANIM_Griffon_FlyGetHitNormalToFalling.uasset" 740
"E:/CardExplorer/Content/QuadrapedCreatures/Griffon/Animations/ANIM_Griffon_FlyGetHitStationary.uasset" 741
"E:/CardExplorer/Content/QuadrapedCreatures/Griffon/Animations/ANIM_Griffon_FlyGetHitStationaryToFalling.uasset" 742
"E:/CardExplorer/Content/QuadrapedCreatures/Griffon/Animations/ANIM_Griffon_FlyLeftStationary.uasset" 743
"E:/CardExplorer/Content/QuadrapedCreatures/Griffon/Animations/ANIM_Griffon_FlyNormal.uasset" 744
"E:/CardExplorer/Content/QuadrapedCreatures/Griffon/Animations/ANIM_Griffon_FlyRightStationary.uasset" 745
"E:/CardExplorer/Content/QuadrapedCreatures/Griffon/Animations/ANIM_Griffon_FlyStationary.uasset" 746
"E:/CardExplorer/Content/QuadrapedCreatures/Griffon/Animations/ANIM_Griffon_FlyStationaryClawsAttack.uasset" 747
"E:/CardExplorer/Content/QuadrapedCreatures/Griffon/Animations/ANIM_Griffon_Gallop.uasset" 748
"E:/CardExplorer/Content/QuadrapedCreatures/Griffon/Animations/ANIM_Griffon_Gallop_RM.uasset" 749
"E:/CardExplorer/Content/QuadrapedCreatures/Griffon/Animations/ANIM_Griffon_GetHit1.uasset" 750
"E:/CardExplorer/Content/QuadrapedCreatures/Griffon/Animations/ANIM_Griffon_GetHit2.uasset" 751
"E:/CardExplorer/Content/QuadrapedCreatures/Griffon/Animations/ANIM_Griffon_Glide.uasset" 752
"E:/CardExplorer/Content/QuadrapedCreatures/Griffon/Animations/ANIM_Griffon_HitTheGround.uasset" 753
"E:/CardExplorer/Content/QuadrapedCreatures/Griffon/Animations/ANIM_Griffon_Idle.uasset" 754
"E:/CardExplorer/Content/QuadrapedCreatures/Griffon/Animations/ANIM_Griffon_JumpToFly.uasset" 755
"E:/CardExplorer/Content/QuadrapedCreatures/Griffon/Animations/ANIM_Griffon_Landing.uasset" 756
"E:/CardExplorer/Content/QuadrapedCreatures/Griffon/Animations/ANIM_Griffon_LeftClawsAttack.uasset" 757
"E:/CardExplorer/Content/QuadrapedCreatures/Griffon/Animations/ANIM_Griffon_LeftClawsAttack_RM.uasset" 758
"E:/CardExplorer/Content/QuadrapedCreatures/Griffon/Animations/ANIM_Griffon_RightClawsAttack.uasset" 759
"E:/CardExplorer/Content/QuadrapedCreatures/Griffon/Animations/ANIM_Griffon_RightClawsAttack_RM.uasset" 760
"E:/CardExplorer/Content/QuadrapedCreatures/Griffon/Animations/ANIM_Griffon_Swooping.uasset" 761
"E:/CardExplorer/Content/QuadrapedCreatures/Griffon/Animations/ANIM_Griffon_Turn90Left.uasset" 762
"E:/CardExplorer/Content/QuadrapedCreatures/Griffon/Animations/ANIM_Griffon_Turn90Left_RM.uasset" 763
"E:/CardExplorer/Content/QuadrapedCreatures/Griffon/Animations/ANIM_Griffon_Turn90Right.uasset" 764
"E:/CardExplorer/Content/QuadrapedCreatures/Griffon/Animations/ANIM_Griffon_Turn90Right_RM.uasset" 765
"E:/CardExplorer/Content/QuadrapedCreatures/Griffon/Animations/ANIM_Griffon_Walk.uasset" 766
"E:/CardExplorer/Content/QuadrapedCreatures/Griffon/Animations/ANIM_Griffon_Walk_RM.uasset" 767
"E:/CardExplorer/Content/QuadrapedCreatures/Griffon/Maps/Overview_BuiltData.uasset" 768
"E:/CardExplorer/Content/QuadrapedCreatures/Griffon/Textures/T_Griffon_BaseColor.uasset" 769
"E:/CardExplorer/Content/QuadrapedCreatures/Griffon/Textures/T_GRIFFON_nml.uasset" 770
"E:/CardExplorer/Content/QuadrapedCreatures/Griffon/Textures/T_GRIFFON_OcclusionRoughnessMetallicSpecular.uasset" 771
"E:/CardExplorer/Content/QuadrapedCreatures/Griffon/Materials/M_Griffon.uasset" 772
"E:/CardExplorer/Content/QuadrapedCreatures/Griffon/Textures/T_Griffon_Feathers.uasset" 773
"E:/CardExplorer/Content/QuadrapedCreatures/Griffon/Textures/T_Griffon_Feathers_nml.uasset" 774
"E:/CardExplorer/Content/QuadrapedCreatures/Griffon/Textures/T_Griffon_Feathers_OcclusionRoughnessMetallicSpecular.uasset" 775
"E:/CardExplorer/Content/QuadrapedCreatures/Griffon/Materials/M_Griffon_Feathers.uasset" 776
"E:/CardExplorer/Content/QuadrapedCreatures/Griffon/Meshes/SK_Griffon_Physics.uasset" 777
"E:/CardExplorer/Content/QuadrapedCreatures/Griffon/Meshes/SK_Griffon.uasset" 778
"E:/CardExplorer/Content/QuadrapedCreatures/Griffon/Maps/Overview.umap" 779
"E:/CardExplorer/Content/QuadrapedCreatures/MountainDragon/Meshes/MOUNTAIN_DRAGON_Skeleton.uasset" 780
"E:/CardExplorer/Content/QuadrapedCreatures/MountainDragon/Animations/ANIM_MOUNTAIN_DRAGON_bite.uasset" 781
"E:/CardExplorer/Content/QuadrapedCreatures/MountainDragon/Animations/ANIM_MOUNTAIN_DRAGON_biteGrabThrow.uasset" 782
"E:/CardExplorer/Content/QuadrapedCreatures/MountainDragon/Animations/ANIM_MOUNTAIN_DRAGON_ClawsAttack2HitComboForward.uasset" 783
"E:/CardExplorer/Content/QuadrapedCreatures/MountainDragon/Animations/ANIM_MOUNTAIN_DRAGON_ClawsAttack2HitComboForward_RM.uasset" 784
"E:/CardExplorer/Content/QuadrapedCreatures/MountainDragon/Animations/ANIM_MOUNTAIN_DRAGON_death.uasset" 785
"E:/CardExplorer/Content/QuadrapedCreatures/MountainDragon/Animations/ANIM_MOUNTAIN_DRAGON_deathHitTheGround.uasset" 786
"E:/CardExplorer/Content/QuadrapedCreatures/MountainDragon/Animations/ANIM_MOUNTAIN_DRAGON_falling.uasset" 787
"E:/CardExplorer/Content/QuadrapedCreatures/MountainDragon/Animations/ANIM_MOUNTAIN_DRAGON_flyNormal.uasset" 788
"E:/CardExplorer/Content/QuadrapedCreatures/MountainDragon/Animations/ANIM_MOUNTAIN_DRAGON_flyNormalGetHit.uasset" 789
"E:/CardExplorer/Content/QuadrapedCreatures/MountainDragon/Animations/ANIM_MOUNTAIN_DRAGON_flyNormalToFall.uasset" 790
"E:/CardExplorer/Content/QuadrapedCreatures/MountainDragon/Animations/ANIM_MOUNTAIN_DRAGON_FlyStationary.uasset" 791
"E:/CardExplorer/Content/QuadrapedCreatures/MountainDragon/Animations/ANIM_MOUNTAIN_DRAGON_FlyStationaryGetHit.uasset" 792
"E:/CardExplorer/Content/QuadrapedCreatures/MountainDragon/Animations/ANIM_MOUNTAIN_DRAGON_FlyStationarySpitFireBall.uasset" 793
"E:/CardExplorer/Content/QuadrapedCreatures/MountainDragon/Animations/ANIM_MOUNTAIN_DRAGON_FlyStationarySpreadFire.uasset" 794
"E:/CardExplorer/Content/QuadrapedCreatures/MountainDragon/Animations/ANIM_MOUNTAIN_DRAGON_FlyStationaryToFall.uasset" 795
"E:/CardExplorer/Content/QuadrapedCreatures/MountainDragon/Animations/ANIM_MOUNTAIN_DRAGON_FlyStationaryToLanding.uasset" 796
"E:/CardExplorer/Content/QuadrapedCreatures/MountainDragon/Animations/ANIM_MOUNTAIN_DRAGON_getHitFront.uasset" 797
"E:/CardExplorer/Content/QuadrapedCreatures/MountainDragon/Animations/ANIM_MOUNTAIN_DRAGON_getHitLeft.uasset" 798
"E:/CardExplorer/Content/QuadrapedCreatures/MountainDragon/Animations/ANIM_MOUNTAIN_DRAGON_getHitRight.uasset" 799
"E:/CardExplorer/Content/QuadrapedCreatures/MountainDragon/Animations/ANIM_MOUNTAIN_DRAGON_glide.uasset" 800
"E:/CardExplorer/Content/QuadrapedCreatures/MountainDragon/Animations/ANIM_MOUNTAIN_DRAGON_glidePosToLanding.uasset" 801
"E:/CardExplorer/Content/QuadrapedCreatures/MountainDragon/Animations/ANIM_MOUNTAIN_DRAGON_idleBreathe.uasset" 802
"E:/CardExplorer/Content/QuadrapedCreatures/MountainDragon/Animations/ANIM_MOUNTAIN_DRAGON_idleLookAround.uasset" 803
"E:/CardExplorer/Content/QuadrapedCreatures/MountainDragon/Animations/ANIM_MOUNTAIN_DRAGON_LeftClawsAttackForward.uasset" 804
"E:/CardExplorer/Content/QuadrapedCreatures/MountainDragon/Animations/ANIM_MOUNTAIN_DRAGON_LeftClawsAttackForward_RM.uasset" 805
"E:/CardExplorer/Content/QuadrapedCreatures/MountainDragon/Animations/ANIM_MOUNTAIN_DRAGON_rightClawsAttackForward.uasset" 806
"E:/CardExplorer/Content/QuadrapedCreatures/MountainDragon/Animations/ANIM_MOUNTAIN_DRAGON_rightClawsAttackForward_RM.uasset" 807
"E:/CardExplorer/Content/QuadrapedCreatures/MountainDragon/Animations/ANIM_MOUNTAIN_DRAGON_run.uasset" 808
"E:/CardExplorer/Content/QuadrapedCreatures/MountainDragon/Animations/ANIM_MOUNTAIN_DRAGON_run_RM.uasset" 809
"E:/CardExplorer/Content/QuadrapedCreatures/MountainDragon/Animations/ANIM_MOUNTAIN_DRAGON_spitFireBall.uasset" 810
"E:/CardExplorer/Content/QuadrapedCreatures/MountainDragon/Animations/ANIM_MOUNTAIN_DRAGON_spreadFire.uasset" 811
"E:/CardExplorer/Content/QuadrapedCreatures/MountainDragon/Animations/ANIM_MOUNTAIN_DRAGON_takeOffToFlyStationary.uasset" 812
"E:/CardExplorer/Content/QuadrapedCreatures/MountainDragon/Animations/ANIM_MOUNTAIN_DRAGON_takeOffToFlyStationary_RM.uasset" 813
"E:/CardExplorer/Content/QuadrapedCreatures/MountainDragon/Animations/ANIM_MOUNTAIN_DRAGON_takeOffToGlide.uasset" 814
"E:/CardExplorer/Content/QuadrapedCreatures/MountainDragon/Animations/ANIM_MOUNTAIN_DRAGON_takeOffToGlide_RM.uasset" 815
"E:/CardExplorer/Content/QuadrapedCreatures/MountainDragon/Animations/ANIM_MOUNTAIN_DRAGON_turn90Left.uasset" 816
"E:/CardExplorer/Content/QuadrapedCreatures/MountainDragon/Animations/ANIM_MOUNTAIN_DRAGON_turn90Left_RM.uasset" 817
"E:/CardExplorer/Content/QuadrapedCreatures/MountainDragon/Animations/ANIM_MOUNTAIN_DRAGON_turn90Right.uasset" 818
"E:/CardExplorer/Content/QuadrapedCreatures/MountainDragon/Animations/ANIM_MOUNTAIN_DRAGON_turn90Right_RM.uasset" 819
"E:/CardExplorer/Content/QuadrapedCreatures/MountainDragon/Animations/ANIM_MOUNTAIN_DRAGON_walk.uasset" 820
"E:/CardExplorer/Content/QuadrapedCreatures/MountainDragon/Animations/ANIM_MOUNTAIN_DRAGON_walk_RM.uasset" 821
"E:/CardExplorer/Content/QuadrapedCreatures/MountainDragon/Maps/Overview_BuiltData.uasset" 822
"E:/CardExplorer/Content/QuadrapedCreatures/MountainDragon/Textures/T_MOUNTAIN_DRAGON_ALBEDO.uasset" 823
"E:/CardExplorer/Content/QuadrapedCreatures/MountainDragon/Textures/T_MOUNTAIN_DRAGON_AO.uasset" 824
"E:/CardExplorer/Content/QuadrapedCreatures/MountainDragon/Textures/T_MOUNTAIN_DRAGON_ILLUM.uasset" 825
"E:/CardExplorer/Content/QuadrapedCreatures/MountainDragon/Textures/T_MOUNTAIN_DRAGON_NRM.uasset" 826
"E:/CardExplorer/Content/QuadrapedCreatures/MountainDragon/Textures/T_MOUNTAIN_DRAGON_RoughnessSpecularMetallic.uasset" 827
"E:/CardExplorer/Content/QuadrapedCreatures/MountainDragon/Materials/M_MOUNTAIN_DRAGON.uasset" 828
"E:/CardExplorer/Content/QuadrapedCreatures/MountainDragon/Meshes/MOUNTAIN_DRAGON_PhysicsAsset.uasset" 829
"E:/CardExplorer/Content/QuadrapedCreatures/MountainDragon/Meshes/SK_MOUNTAIN_DRAGON.uasset" 830
"E:/CardExplorer/Content/QuadrapedCreatures/MountainDragon/Maps/Overview.umap" 831
"../../../Engine/Content/Maps/Entry_BuiltData.uasset" 832
"../../../Engine/Content/Maps/Entry.umap" 833
